2025:06:26 18:04:32:error unhandledRejection: ENOENT: no such file or directory, open '/home/omar/Documents/Health/backend/src/templates/emailVerificationAlert'
Error: ENOENT: no such file or directory, open '/home/omar/Documents/Health/backend/src/templates/emailVerificationAlert'
    at Object.openSync (node:fs:596:3)
    at Object.readFileSync (node:fs:464:35)
    at renderTemplate (/home/omar/Documents/Health/backend/src/utils/backevents.ts:220:23)
    at sendEmail (/home/omar/Documents/Health/backend/src/utils/backevents.ts:199:32)
    at /home/omar/Documents/Health/backend/src/controllers/notifications.controller.ts:145:28
    at Array.map (<anonymous>)
    at sendEmailVerificationTest (/home/omar/Documents/Health/backend/src/controllers/notifications.controller.ts:140:25)
    at processTicksAndRejections (node:internal/process/task_queues:95:5)
2025:06:26 18:09:11:error unhandledRejection: ENOENT: no such file or directory, open '/home/omar/Documents/Health/backend/src/templates/emailVerificationAlert'
Error: ENOENT: no such file or directory, open '/home/omar/Documents/Health/backend/src/templates/emailVerificationAlert'
    at Object.openSync (node:fs:596:3)
    at Object.readFileSync (node:fs:464:35)
    at renderTemplate (/home/omar/Documents/Health/backend/src/utils/backevents.ts:220:23)
    at sendEmail (/home/omar/Documents/Health/backend/src/utils/backevents.ts:199:32)
    at /home/omar/Documents/Health/backend/src/controllers/notifications.controller.ts:151:28
    at processTicksAndRejections (node:internal/process/task_queues:95:5)
2025:06:26 18:09:11:error unhandledRejection: ENOENT: no such file or directory, open '/home/omar/Documents/Health/backend/src/templates/emailVerificationAlert'
Error: ENOENT: no such file or directory, open '/home/omar/Documents/Health/backend/src/templates/emailVerificationAlert'
    at Object.openSync (node:fs:596:3)
    at Object.readFileSync (node:fs:464:35)
    at renderTemplate (/home/omar/Documents/Health/backend/src/utils/backevents.ts:220:23)
    at sendEmail (/home/omar/Documents/Health/backend/src/utils/backevents.ts:199:32)
    at /home/omar/Documents/Health/backend/src/controllers/notifications.controller.ts:151:28
    at processTicksAndRejections (node:internal/process/task_queues:95:5)
