2025:07:05 18:04:14:error unhandledRejection: Cannot read properties of undefined (reading 'connect')
TypeError: Cannot read properties of undefined (reading 'connect')
    at App.connectToMongo (C:\Users\omar\Documents\Health\backend\src\app.ts:70:36)
    at new App (C:\Users\omar\Documents\Health\backend\src\app.ts:38:14)
    at Function.create (C:\Users\omar\Documents\Health\backend\src\app.ts:88:16)
    at Object.<anonymous> (C:\Users\omar\Documents\Health\backend\src\server.ts:4:17)
    at Module.<anonymous> (node:internal/modules/cjs/loader:1554:14)
    at Module._compile (C:\Users\omar\Documents\Health\backend\node_modules\source-map-support\source-map-support.js:568:25)
    at Module.m._compile (C:\Users\omar\AppData\Local\Temp\ts-node-dev-hook-6358497681173307.js:69:33)
    at node:internal/modules/cjs/loader:1706:10
    at require.extensions..jsx.require.extensions..js (C:\Users\omar\AppData\Local\Temp\ts-node-dev-hook-6358497681173307.js:114:20)
    at require.extensions.<computed> (C:\Users\omar\AppData\Local\Temp\ts-node-dev-hook-6358497681173307.js:71:20)
2025:07:05 18:06:02:error unhandledRejection: Cannot read properties of undefined (reading 'connect')
TypeError: Cannot read properties of undefined (reading 'connect')
    at App.connectToMongo (C:\Users\omar\Documents\Health\backend\src\app.ts:70:36)
    at new App (C:\Users\omar\Documents\Health\backend\src\app.ts:38:14)
    at Function.create (C:\Users\omar\Documents\Health\backend\src\app.ts:88:16)
    at Object.<anonymous> (C:\Users\omar\Documents\Health\backend\src\server.ts:4:17)
    at Module.<anonymous> (node:internal/modules/cjs/loader:1554:14)
    at Module._compile (C:\Users\omar\Documents\Health\backend\node_modules\source-map-support\source-map-support.js:568:25)
    at Module.m._compile (C:\Users\omar\AppData\Local\Temp\ts-node-dev-hook-6358497681173307.js:69:33)
    at node:internal/modules/cjs/loader:1706:10
    at require.extensions..jsx.require.extensions..js (C:\Users\omar\AppData\Local\Temp\ts-node-dev-hook-6358497681173307.js:114:20)
    at require.extensions.<computed> (C:\Users\omar\AppData\Local\Temp\ts-node-dev-hook-6358497681173307.js:71:20)
2025:07:05 18:06:12:error unhandledRejection: Cannot read properties of undefined (reading 'connect')
TypeError: Cannot read properties of undefined (reading 'connect')
    at App.connectToMongo (C:\Users\omar\Documents\Health\backend\src\app.ts:70:36)
    at new App (C:\Users\omar\Documents\Health\backend\src\app.ts:38:14)
    at Function.create (C:\Users\omar\Documents\Health\backend\src\app.ts:88:16)
    at Object.<anonymous> (C:\Users\omar\Documents\Health\backend\src\server.ts:4:17)
    at Module.<anonymous> (node:internal/modules/cjs/loader:1554:14)
    at Module._compile (C:\Users\omar\Documents\Health\backend\node_modules\source-map-support\source-map-support.js:568:25)
    at Module.m._compile (C:\Users\omar\AppData\Local\Temp\ts-node-dev-hook-6358497681173307.js:69:33)
    at node:internal/modules/cjs/loader:1706:10
    at require.extensions..jsx.require.extensions..js (C:\Users\omar\AppData\Local\Temp\ts-node-dev-hook-6358497681173307.js:114:20)
    at require.extensions.<computed> (C:\Users\omar\AppData\Local\Temp\ts-node-dev-hook-6358497681173307.js:71:20)
2025:07:05 18:06:23:error unhandledRejection: Cannot read properties of undefined (reading 'connect')
TypeError: Cannot read properties of undefined (reading 'connect')
    at App.connectToMongo (C:\Users\omar\Documents\Health\backend\src\app.ts:70:36)
    at new App (C:\Users\omar\Documents\Health\backend\src\app.ts:38:14)
    at Function.create (C:\Users\omar\Documents\Health\backend\src\app.ts:88:16)
    at Object.<anonymous> (C:\Users\omar\Documents\Health\backend\src\server.ts:4:17)
    at Module.<anonymous> (node:internal/modules/cjs/loader:1554:14)
    at Module._compile (C:\Users\omar\Documents\Health\backend\node_modules\source-map-support\source-map-support.js:568:25)
    at Module.m._compile (C:\Users\omar\AppData\Local\Temp\ts-node-dev-hook-6358497681173307.js:69:33)
    at node:internal/modules/cjs/loader:1706:10
    at require.extensions..jsx.require.extensions..js (C:\Users\omar\AppData\Local\Temp\ts-node-dev-hook-6358497681173307.js:114:20)
    at require.extensions.<computed> (C:\Users\omar\AppData\Local\Temp\ts-node-dev-hook-6358497681173307.js:71:20)
