2025:08:13 09:34:58:info [0mGET /api/auth/reIssueAccessToken [32m200[0m 170.196 ms - -[0m
2025:08:13 10:45:12:info [0mGET /api/auth/reIssueAccessToken [32m200[0m 34.439 ms - -[0m
2025:08:13 10:51:45:info [0mGET /api/appointments/67b76eaa1e8820bc2405a66b [32m200[0m 49.056 ms - 413[0m
2025:08:13 10:52:13:info [0mGET /api/appointments/67b611137de19fc1c39f0f18 [32m200[0m 18.828 ms - -[0m
2025:08:13 10:57:25:info [0mGET /api/notifications/67b611137de19fc1c39f0f18 [32m200[0m 182.439 ms - -[0m
2025:08:13 10:58:16:info [0mGET /api/notifications/67b611137de19fc1c39f0f18 [36m304[0m 18.471 ms - -[0m
2025:08:13 11:00:09:info [0mGET /api/notifications/67b611137de19fc1c39f0f18 [32m200[0m 21.568 ms - -[0m
2025:08:13 11:00:15:info [0mGET /api/notifications/67b611137de19fc1c39f0f18 [32m200[0m 11.957 ms - -[0m
2025:08:13 11:00:25:info [0mGET /api/auth/reIssueAccessToken [32m200[0m 46.104 ms - -[0m
2025:08:13 11:00:32:info [0mGET /api/auth/reIssueAccessToken [32m200[0m 20.538 ms - -[0m
2025:08:13 11:02:01:info [0mGET /api/notifications/67b611137de19fc1c39f0f18 [36m304[0m 30.219 ms - -[0m
2025:08:13 11:11:51:info [0mGET /api/notifications/67b611137de19fc1c39f0f18 [32m200[0m 31.601 ms - -[0m
2025:08:13 11:13:26:info [0mGET /api/notifications/67b611137de19fc1c39f0f18 [32m200[0m 14.618 ms - -[0m
2025:08:13 11:15:39:info [0mGET /api/auth/reIssueAccessToken [32m200[0m 25.794 ms - -[0m
2025:08:13 11:16:19:info [0mGET /api/notifications/67b611137de19fc1c39f0f18 [32m200[0m 16.764 ms - -[0m
2025:08:13 11:16:44:info [0mGET /api/notifications/67b611137de19fc1c39f0f18 [32m200[0m 21.505 ms - -[0m
2025:08:13 13:14:03:info [0mGET /api/auth/reIssueAccessToken [32m200[0m 87.738 ms - -[0m
2025:08:13 13:14:17:info [0mGET /api/notifications/67b611137de19fc1c39f0f18 [36m304[0m 113.283 ms - -[0m
2025:08:13 13:29:19:info [0mGET /api/auth/reIssueAccessToken [32m200[0m 299.759 ms - -[0m
2025:08:13 13:30:36:info [0mGET /api/notifications/67b611137de19fc1c39f0f18 [36m304[0m 156.066 ms - -[0m
2025:08:13 13:30:41:info [0mGET /api/notifications/67b611137de19fc1c39f0f18 [36m304[0m 30.952 ms - -[0m
2025:08:13 13:30:52:info [0mGET /api/notifications/67b611137de19fc1c39f0f18 [36m304[0m 15.475 ms - -[0m
2025:08:13 13:30:56:info [0mGET /api/notifications/67b611137de19fc1c39f0f18 [36m304[0m 81.359 ms - -[0m
2025:08:13 13:34:36:info [0mGET /api/notifications/67b611137de19fc1c39f0f18 [36m304[0m 66.979 ms - -[0m
2025:08:13 13:39:33:info [0mGET /api/notifications/67b611137de19fc1c39f0f18 [32m200[0m 16.728 ms - -[0m
2025:08:13 13:39:35:info [0mGET /api/notifications/67b611137de19fc1c39f0f18 [36m304[0m 80.627 ms - -[0m
2025:08:13 13:39:40:info [0mGET /api/notifications/67b611137de19fc1c39f0f18 [36m304[0m 19.684 ms - -[0m
2025:08:13 13:40:40:info [0mGET /api/notifications/67b611137de19fc1c39f0f18 [36m304[0m 28.333 ms - -[0m
2025:08:13 13:40:45:info [0mGET /api/notifications/67b611137de19fc1c39f0f18 [36m304[0m 16.994 ms - -[0m
2025:08:13 13:42:18:info [0mGET /api/notifications/67b611137de19fc1c39f0f18 [36m304[0m 7.060 ms - -[0m
2025:08:13 13:42:24:info [0mGET /api/notifications/67b611137de19fc1c39f0f18 [36m304[0m 28.743 ms - -[0m
2025:08:13 13:44:30:info [0mGET /api/auth/reIssueAccessToken [32m200[0m 102.885 ms - -[0m
2025:08:13 13:44:37:info [0mGET /api/auth/reIssueAccessToken [32m200[0m 6.875 ms - -[0m
2025:08:13 13:44:39:info [0mGET /api/notifications/67b611137de19fc1c39f0f18 [32m200[0m 10.065 ms - -[0m
2025:08:13 13:44:40:info [0mGET /api/auth/reIssueAccessToken [32m200[0m 8.304 ms - -[0m
2025:08:13 13:44:44:info [0mGET /api/notifications/67b611137de19fc1c39f0f18 [36m304[0m 8.989 ms - -[0m
2025:08:13 13:44:58:info [0mGET /api/auth/reIssueAccessToken [32m200[0m 8.606 ms - -[0m
2025:08:13 13:45:41:info [0mGET /api/notifications/67b611137de19fc1c39f0f18 [36m304[0m 20.881 ms - -[0m
2025:08:13 13:46:17:info [0mGET /api/notifications/67b611137de19fc1c39f0f18 [36m304[0m 19.129 ms - -[0m
2025:08:13 13:48:03:info [0mGET /api/notifications/67b611137de19fc1c39f0f18 [36m304[0m 38.646 ms - -[0m
2025:08:13 13:57:23:info [0mGET /api/notifications/67b611137de19fc1c39f0f18 [32m200[0m 7.840 ms - -[0m
2025:08:13 13:57:25:info [0mGET /api/notifications/67b611137de19fc1c39f0f18 [36m304[0m 163.900 ms - -[0m
2025:08:13 13:57:29:info [0mGET /api/notifications/67b611137de19fc1c39f0f18 [36m304[0m 24.578 ms - -[0m
2025:08:13 13:58:29:info [0mGET /api/notifications/67b611137de19fc1c39f0f18 [32m200[0m 10.806 ms - -[0m
2025:08:13 14:00:31:info [0mGET /api/auth/reIssueAccessToken [32m200[0m 38.518 ms - -[0m
2025:08:13 14:00:33:info [0mGET /api/auth/reIssueAccessToken [32m200[0m 18.719 ms - -[0m
2025:08:13 14:01:47:info [0mGET /api/notifications/67b611137de19fc1c39f0f18 [36m304[0m 9.093 ms - -[0m
2025:08:13 14:01:52:info [0mGET /api/notifications/67b611137de19fc1c39f0f18 [36m304[0m 12.681 ms - -[0m
2025:08:13 14:02:53:info [0mGET /api/notifications/67b611137de19fc1c39f0f18 [36m304[0m 11.782 ms - -[0m
2025:08:13 14:02:54:info [0mGET /api/notifications/67b611137de19fc1c39f0f18 [36m304[0m 11.024 ms - -[0m
2025:08:13 14:02:59:info [0mGET /api/notifications/67b611137de19fc1c39f0f18 [32m200[0m 20.962 ms - -[0m
2025:08:13 14:03:15:info [0mGET /api/notifications/67b611137de19fc1c39f0f18 [0m-[0m - ms - -[0m
2025:08:13 14:03:22:info [0mGET /api/notifications/67b611137de19fc1c39f0f18 [36m304[0m 19.492 ms - -[0m
2025:08:13 14:08:07:info [0mGET /api/notifications/67b611137de19fc1c39f0f18 [36m304[0m 9.313 ms - -[0m
2025:08:13 14:12:37:info [0mGET /api/notifications/67b611137de19fc1c39f0f18 [36m304[0m 178.426 ms - -[0m
2025:08:13 14:15:38:info [0mGET /api/notifications/67b611137de19fc1c39f0f18 [36m304[0m 73.225 ms - -[0m
2025:08:13 14:16:07:info [0mGET /api/auth/reIssueAccessToken [32m200[0m 31.670 ms - -[0m
2025:08:13 14:16:43:info [0mGET /api/auth/reIssueAccessToken [32m200[0m 42.641 ms - -[0m
2025:08:13 14:25:14:info [0mGET /api/notifications/67b611137de19fc1c39f0f18 [32m200[0m 29.589 ms - -[0m
2025:08:13 14:31:45:info [0mGET /api/auth/reIssueAccessToken [32m200[0m 82.742 ms - -[0m
2025:08:13 14:42:38:info [0mGET /api/notifications/67b611137de19fc1c39f0f18 [36m304[0m 201.532 ms - -[0m
2025:08:13 14:42:51:info [0mGET /api/notifications/67b611137de19fc1c39f0f18 [36m304[0m 20.359 ms - -[0m
2025:08:13 14:43:26:info [0mGET /api/notifications/67b611137de19fc1c39f0f18 [36m304[0m 60.271 ms - -[0m
2025:08:13 14:43:28:info [0mGET /api/notifications/67b611137de19fc1c39f0f18 [36m304[0m 56.399 ms - -[0m
2025:08:13 14:43:32:info [0mGET /api/notifications/67b611137de19fc1c39f0f18 [36m304[0m 19.293 ms - -[0m
2025:08:13 14:49:50:info [0mGET /api/auth/reIssueAccessToken [32m200[0m 244.189 ms - -[0m
2025:08:13 14:49:50:info [0mGET /api/auth/reIssueAccessToken [32m200[0m 15.743 ms - -[0m
2025:08:13 14:49:54:info [0mGET /api/auth/reIssueAccessToken [32m200[0m 24.849 ms - -[0m
2025:08:13 14:49:58:info [0mGET /api/notifications/67b611137de19fc1c39f0f18 [32m200[0m 10.904 ms - -[0m
2025:08:13 15:05:04:info [0mGET /api/auth/reIssueAccessToken [32m200[0m 191.510 ms - -[0m
2025:08:13 15:19:34:info [0mGET /api/notifications/67b611137de19fc1c39f0f18 [36m304[0m 160.177 ms - -[0m
2025:08:13 15:20:23:info [0mGET /api/auth/reIssueAccessToken [32m200[0m 103.440 ms - -[0m
2025:08:13 15:20:31:info [0mGET /api/notifications/67b611137de19fc1c39f0f18 [36m304[0m 30.991 ms - -[0m
2025:08:13 15:20:34:info [0mGET /api/auth/reIssueAccessToken [32m200[0m 10.928 ms - -[0m
2025:08:13 15:36:31:info [0mGET /api/auth/reIssueAccessToken [32m200[0m 75.548 ms - -[0m
2025:08:13 18:05:01:info [0mGET /api/auth/reIssueAccessToken [32m200[0m 15336.647 ms - -[0m
2025:08:13 18:05:01:info [0mGET /api/auth/reIssueAccessToken [32m200[0m 6837.041 ms - -[0m
2025:08:13 18:09:40:info [0mGET /api/notifications/67b611137de19fc1c39f0f18 [36m304[0m 281.513 ms - -[0m
2025:08:13 18:10:51:info [0mGET /api/notifications/67b611137de19fc1c39f0f18 [32m200[0m 19.351 ms - -[0m
2025:08:13 18:11:18:info [0mGET /api/notifications/67b611137de19fc1c39f0f18 [36m304[0m 8.340 ms - -[0m
2025:08:13 18:20:29:info [0mGET /api/notifications/67b611137de19fc1c39f0f18 [32m200[0m 22.133 ms - -[0m
2025:08:13 18:20:32:info [0mGET /api/notifications/67b611137de19fc1c39f0f18 [36m304[0m 246.295 ms - -[0m
2025:08:13 18:20:48:info [0mGET /api/auth/reIssueAccessToken [32m200[0m 670.058 ms - -[0m
2025:08:13 18:20:50:info [0mGET /api/auth/reIssueAccessToken [32m200[0m 6.488 ms - -[0m
2025:08:13 18:20:52:info [0mGET /api/auth/reIssueAccessToken [32m200[0m 13.394 ms - -[0m
2025:08:13 18:20:58:info [0mGET /api/notifications/67b611137de19fc1c39f0f18 [36m304[0m 10.999 ms - -[0m
2025:08:13 18:24:07:info [0mGET /api/notifications/67b611137de19fc1c39f0f18 [36m304[0m 69.251 ms - -[0m
2025:08:13 18:30:59:info [0mGET /api/notifications/67b611137de19fc1c39f0f18 [32m200[0m 21.767 ms - -[0m
2025:08:13 18:32:43:info [0mGET /api/notifications/67b611137de19fc1c39f0f18 [36m304[0m 16.509 ms - -[0m
2025:08:13 18:32:44:info [0mGET /api/notifications/67b611137de19fc1c39f0f18 [36m304[0m 59.237 ms - -[0m
2025:08:13 18:32:47:info [0mGET /api/notifications/67b611137de19fc1c39f0f18 [36m304[0m 17.366 ms - -[0m
2025:08:13 18:36:29:info [0mGET /api/auth/reIssueAccessToken [32m200[0m 37.763 ms - -[0m
2025:08:13 18:36:35:info [0mGET /api/auth/reIssueAccessToken [32m200[0m 7.934 ms - -[0m
2025:08:13 18:37:12:info [0mGET /api/auth/reIssueAccessToken [32m200[0m 9.801 ms - -[0m
2025:08:13 18:37:18:info [0mGET /api/auth/reIssueAccessToken [32m200[0m 12.035 ms - -[0m
2025:08:13 18:37:38:info [0mGET /api/auth/reIssueAccessToken [32m200[0m 5.650 ms - -[0m
2025:08:13 18:38:21:info [0mGET /api/auth/reIssueAccessToken [32m200[0m 13.036 ms - -[0m
2025:08:13 18:38:32:info [0mGET /api/auth/reIssueAccessToken [32m200[0m 40.953 ms - -[0m
2025:08:13 18:38:57:info [0mGET /api/auth/reIssueAccessToken [32m200[0m 15.622 ms - -[0m
2025:08:13 18:39:26:info [0mGET /api/auth/reIssueAccessToken [32m200[0m 126.027 ms - -[0m
2025:08:13 18:39:35:info [0mGET /api/notifications/67b611137de19fc1c39f0f18 [32m200[0m 16.149 ms - -[0m
2025:08:13 18:39:36:info [0mGET /api/auth/reIssueAccessToken [32m200[0m 11.859 ms - -[0m
2025:08:13 18:39:37:info [0mGET /api/notifications/67b611137de19fc1c39f0f18 [36m304[0m 74.256 ms - -[0m
2025:08:13 18:39:38:info [0mGET /api/auth/reIssueAccessToken [32m200[0m 172.721 ms - -[0m
2025:08:13 18:39:46:info [0mGET /api/notifications/67b611137de19fc1c39f0f18 [36m304[0m 20.496 ms - -[0m
2025:08:13 18:39:57:info [0mGET /api/notifications/67b611137de19fc1c39f0f18 [36m304[0m 15.460 ms - -[0m
2025:08:13 18:42:14:info [0mGET /api/appointments/67b611137de19fc1c39f0f18 [36m304[0m 103.820 ms - -[0m
2025:08:13 18:42:24:info [0mGET /api/appointments/67b611137de19fc1c39f0f18 [36m304[0m 16.004 ms - -[0m
2025:08:13 18:42:30:info [0mGET /api/appointments/67b611137de19fc1c39f0f18 [36m304[0m 21.120 ms - -[0m
2025:08:13 18:42:35:info [0mGET /api/appointments/67b611137de19fc1c39f0f18 [36m304[0m 26.387 ms - -[0m
2025:08:13 18:42:40:info [0mGET /api/appointments/67b611137de19fc1c39f0f18 [36m304[0m 33.398 ms - -[0m
2025:08:13 18:42:45:info [0mGET /api/appointments/67b611137de19fc1c39f0f18 [36m304[0m 42.516 ms - -[0m
2025:08:13 18:42:57:info [0mGET /api/appointments/67b611137de19fc1c39f0f18 [36m304[0m 6.367 ms - -[0m
2025:08:13 21:30:58:info [0mGET /api/auth/reIssueAccessToken [32m200[0m 116.311 ms - -[0m
2025:08:13 21:32:40:info [0mGET /api/notifications/67b611137de19fc1c39f0f18 [36m304[0m 173.686 ms - -[0m
2025:08:13 21:36:03:info [0mGET /api/notifications/67b611137de19fc1c39f0f18 [36m304[0m 18.466 ms - -[0m
2025:08:13 21:46:03:info [0mGET /api/auth/reIssueAccessToken [32m200[0m 81.934 ms - -[0m
2025:08:13 21:46:36:info [0mGET /api/notifications/67b611137de19fc1c39f0f18 [36m304[0m 14.991 ms - -[0m
2025:08:13 21:46:44:info [0mGET /api/notifications/67b611137de19fc1c39f0f18 [36m304[0m 12.553 ms - -[0m
2025:08:13 21:47:34:info [0mGET /api/notifications/67b611137de19fc1c39f0f18 [36m304[0m 18.445 ms - -[0m
2025:08:13 21:50:50:info [0mGET /api/notifications/67b611137de19fc1c39f0f18 [36m304[0m 11.677 ms - -[0m
2025:08:13 21:51:08:info [0mGET /api/appointments/67b611137de19fc1c39f0f18 [36m304[0m 54.394 ms - -[0m
2025:08:13 21:55:30:info [0mGET /api/appointments/67b611137de19fc1c39f0f18 [36m304[0m 91.197 ms - -[0m
2025:08:13 21:58:46:info [0mGET /api/notifications/67b611137de19fc1c39f0f18 [36m304[0m 39.717 ms - -[0m
2025:08:13 22:02:01:info [0mGET /api/auth/reIssueAccessToken [32m200[0m 94.211 ms - -[0m
2025:08:13 22:02:28:info [0mGET /api/notifications/67b611137de19fc1c39f0f18 [36m304[0m 32.110 ms - -[0m
2025:08:13 22:04:03:info [0mGET /api/notifications/67b611137de19fc1c39f0f18 [36m304[0m 23.435 ms - -[0m
2025:08:13 22:08:38:info [0mGET /api/notifications/67b611137de19fc1c39f0f18 [36m304[0m 27.882 ms - -[0m
2025:08:13 22:15:12:info [0mGET /api/notifications/67b611137de19fc1c39f0f18 [36m304[0m 53.753 ms - -[0m
2025:08:13 22:15:55:info [0mGET /api/appointments/67b611137de19fc1c39f0f18 [36m304[0m 58.442 ms - -[0m
2025:08:13 22:17:16:info [0mGET /api/appointments/67b611137de19fc1c39f0f18 [36m304[0m 8.680 ms - -[0m
2025:08:13 22:17:20:info [0mGET /api/appointments/67b611137de19fc1c39f0f18 [36m304[0m 6.104 ms - -[0m
2025:08:13 22:17:48:info [0mGET /api/auth/reIssueAccessToken [32m200[0m 94.867 ms - -[0m
