2025:07:07 02:31:12:info [0mGET /api/auth/reIssueAccessToken [32m200[0m 285.805 ms - -[0m
2025:07:07 02:34:58:info [0mGET /api/appointments/67b611137de19fc1c39f0f18 [32m200[0m 79.934 ms - -[0m
2025:07:07 02:36:34:info [0mGET /api/auth/users/67b611137de19fc1c39f0f18 [32m200[0m 51.127 ms - -[0m
2025:07:07 02:37:02:info [0mGET /api/auth/67b6196f6e5f967ae612f544 [32m200[0m 3.763 ms - 911[0m
2025:07:07 02:37:02:info [0mGET /api/appointments/67b6196f6e5f967ae612f544 [32m200[0m 34.430 ms - 840[0m
2025:07:07 02:37:05:info [0mGET /api/patient [36m304[0m 2398.791 ms - -[0m
2025:07:07 02:37:17:info [0mGET /api/auth/users/67b611137de19fc1c39f0f18 [32m200[0m 7.968 ms - -[0m
2025:07:07 02:37:19:info [0mGET /api/appointments/67b611137de19fc1c39f0f18 [36m304[0m 6.537 ms - -[0m
2025:07:07 02:38:40:info [0mPOST /api/appointments [32m201[0m 39.962 ms - 533[0m
2025:07:07 02:38:40:info [0mGET /api/appointments/67b611137de19fc1c39f0f18 [32m200[0m 6.575 ms - -[0m
2025:07:07 02:38:41:info [0mPOST /api/notifications/create [32m201[0m 18.868 ms - 391[0m
2025:07:07 02:38:41:info [0mGET /api/notifications/67b611137de19fc1c39f0f18 [36m304[0m 5.535 ms - -[0m
2025:07:07 02:39:47:info [0mPOST /api/appointments [33m400[0m 5.700 ms - 64[0m
2025:07:07 02:39:56:info [0mPOST /api/appointments [33m400[0m 4.028 ms - 64[0m
2025:07:07 02:40:02:info [0mPOST /api/appointments [33m400[0m 4.770 ms - 51[0m
2025:07:07 02:40:11:info [0mPOST /api/appointments [33m400[0m 3.374 ms - 51[0m
2025:07:07 02:40:15:info [0mPOST /api/appointments [33m400[0m 3.321 ms - 51[0m
2025:07:07 02:40:21:info [0mPOST /api/appointments [32m201[0m 8.108 ms - 548[0m
2025:07:07 02:40:21:info [0mGET /api/appointments/67b611137de19fc1c39f0f18 [32m200[0m 6.156 ms - -[0m
2025:07:07 02:40:22:info [0mPOST /api/notifications/create [32m201[0m 47.864 ms - 391[0m
2025:07:07 02:40:22:info [0mGET /api/notifications/67b611137de19fc1c39f0f18 [36m304[0m 4.977 ms - -[0m
2025:07:07 02:43:32:info [0mPOST /api/appointments [33m400[0m 26.188 ms - 51[0m
2025:07:07 02:43:45:info [0mPOST /api/appointments [32m201[0m 16.944 ms - 455[0m
2025:07:07 02:43:45:info [0mGET /api/appointments/67b611137de19fc1c39f0f18 [32m200[0m 6.610 ms - -[0m
2025:07:07 02:43:45:info [0mPOST /api/notifications/create [32m201[0m 12.593 ms - 391[0m
2025:07:07 02:43:45:info [0mGET /api/notifications/67b611137de19fc1c39f0f18 [32m200[0m 4.996 ms - 20[0m
2025:07:07 02:44:24:info [0mPOST /api/appointments [33m400[0m 3.873 ms - 51[0m
2025:07:07 02:44:28:info [0mPOST /api/appointments [32m201[0m 8.099 ms - 503[0m
2025:07:07 02:44:28:info [0mGET /api/appointments/67b611137de19fc1c39f0f18 [32m200[0m 5.572 ms - -[0m
2025:07:07 02:44:28:info [0mPOST /api/notifications/create [32m201[0m 12.048 ms - 391[0m
2025:07:07 02:44:28:info [0mGET /api/notifications/67b611137de19fc1c39f0f18 [36m304[0m 4.774 ms - -[0m
2025:07:07 02:45:08:info [0mPOST /api/appointments [33m400[0m 2.832 ms - 51[0m
2025:07:07 02:45:19:info [0mPOST /api/appointments [32m201[0m 8.282 ms - 494[0m
2025:07:07 02:45:19:info [0mGET /api/appointments/67b611137de19fc1c39f0f18 [32m200[0m 5.172 ms - -[0m
2025:07:07 02:45:20:info [0mPOST /api/notifications/create [32m201[0m 12.922 ms - 391[0m
2025:07:07 02:45:20:info [0mGET /api/notifications/67b611137de19fc1c39f0f18 [36m304[0m 6.223 ms - -[0m
2025:07:07 02:46:19:info [0mPOST /api/appointments [32m201[0m 5.715 ms - 498[0m
2025:07:07 02:46:19:info [0mGET /api/appointments/67b611137de19fc1c39f0f18 [32m200[0m 6.218 ms - -[0m
2025:07:07 02:46:20:info [0mPOST /api/notifications/create [32m201[0m 50.098 ms - 391[0m
2025:07:07 02:46:20:info [0mGET /api/notifications/67b611137de19fc1c39f0f18 [36m304[0m 4.129 ms - -[0m
2025:07:07 02:46:56:info [0mPOST /api/appointments [33m400[0m 2.864 ms - 51[0m
2025:07:07 02:47:06:info [0mPOST /api/appointments [32m201[0m 7.388 ms - 503[0m
2025:07:07 02:47:06:info [0mGET /api/appointments/67b611137de19fc1c39f0f18 [32m200[0m 4.538 ms - -[0m
2025:07:07 02:47:07:info [0mPOST /api/notifications/create [32m201[0m 10.628 ms - 391[0m
2025:07:07 02:47:07:info [0mGET /api/notifications/67b611137de19fc1c39f0f18 [36m304[0m 3.507 ms - -[0m
2025:07:07 02:47:54:info [0mPOST /api/appointments [33m400[0m 2.845 ms - 64[0m
2025:07:07 02:47:59:info [0mPOST /api/appointments [33m400[0m 3.432 ms - 64[0m
2025:07:07 02:48:07:info [0mPOST /api/appointments [33m400[0m 3.091 ms - 64[0m
2025:07:07 02:48:10:info [0mPOST /api/appointments [32m201[0m 5.688 ms - 504[0m
2025:07:07 02:48:10:info [0mGET /api/appointments/67b611137de19fc1c39f0f18 [32m200[0m 5.637 ms - -[0m
2025:07:07 02:48:11:info [0mPOST /api/notifications/create [32m201[0m 47.926 ms - 391[0m
2025:07:07 02:48:11:info [0mGET /api/notifications/67b611137de19fc1c39f0f18 [32m200[0m 5.985 ms - 20[0m
2025:07:07 02:48:48:info [0mPOST /api/appointments [33m400[0m 4.673 ms - 51[0m
2025:07:07 02:48:59:info [0mPOST /api/appointments [32m201[0m 8.236 ms - 492[0m
2025:07:07 02:48:59:info [0mGET /api/appointments/67b611137de19fc1c39f0f18 [32m200[0m 7.314 ms - -[0m
2025:07:07 02:48:59:info [0mPOST /api/notifications/create [32m201[0m 48.716 ms - 391[0m
2025:07:07 02:48:59:info [0mGET /api/notifications/67b611137de19fc1c39f0f18 [32m200[0m 6.202 ms - 20[0m
2025:07:07 02:53:00:info [0mOPTIONS /api/appointments/686b0a5c6d46c4472cae6ed1 [32m204[0m 1.091 ms - 0[0m
2025:07:07 02:53:01:info [0mPUT /api/appointments/686b0a5c6d46c4472cae6ed1 [32m200[0m 64.069 ms - 46[0m
2025:07:07 02:53:01:info [0mGET /api/appointments/67b611137de19fc1c39f0f18 [32m200[0m 6.007 ms - -[0m
2025:07:07 02:53:11:info [0mOPTIONS /api/appointments/686b0a316d46c4472cae6ec5 [32m204[0m 0.251 ms - 0[0m
2025:07:07 02:53:11:info [0mPUT /api/appointments/686b0a316d46c4472cae6ec5 [32m200[0m 4.888 ms - 46[0m
2025:07:07 02:53:11:info [0mGET /api/appointments/67b611137de19fc1c39f0f18 [32m200[0m 33.439 ms - -[0m
2025:07:07 02:53:14:info [0mOPTIONS /api/appointments/686b0b6b6d46c4472cae6f0e [32m204[0m 0.167 ms - 0[0m
2025:07:07 02:53:14:info [0mPUT /api/appointments/686b0b6b6d46c4472cae6f0e [32m200[0m 4.258 ms - 46[0m
2025:07:07 02:53:14:info [0mGET /api/appointments/67b611137de19fc1c39f0f18 [32m200[0m 5.233 ms - -[0m
2025:07:07 02:53:17:info [0mPUT /api/appointments/686b0b6b6d46c4472cae6f0e [32m200[0m 43.765 ms - 48[0m
2025:07:07 02:53:17:info [0mGET /api/appointments/67b611137de19fc1c39f0f18 [32m200[0m 4.551 ms - -[0m
2025:07:07 02:53:22:info [0mOPTIONS /api/appointments/686b0b3a6d46c4472cae6f02 [32m204[0m 0.171 ms - 0[0m
2025:07:07 02:53:22:info [0mPUT /api/appointments/686b0b3a6d46c4472cae6f02 [32m200[0m 43.829 ms - 46[0m
2025:07:07 02:53:22:info [0mGET /api/appointments/67b611137de19fc1c39f0f18 [32m200[0m 6.532 ms - -[0m
2025:07:07 02:53:24:info [0mPUT /api/appointments/686b0b3a6d46c4472cae6f02 [32m200[0m 4.264 ms - 48[0m
2025:07:07 02:53:24:info [0mGET /api/appointments/67b611137de19fc1c39f0f18 [32m200[0m 42.120 ms - -[0m
2025:07:07 02:53:38:info [0mOPTIONS /api/appointments/686b0a5c6d46c4472cae6ed1 [32m204[0m 0.113 ms - 0[0m
2025:07:07 02:53:38:info [0mPUT /api/appointments/686b0a5c6d46c4472cae6ed1 [32m200[0m 6.285 ms - 48[0m
2025:07:07 02:53:38:info [0mGET /api/appointments/67b611137de19fc1c39f0f18 [32m200[0m 6.803 ms - -[0m
2025:07:07 02:53:38:info [0mOPTIONS /api/appointments/686b0a316d46c4472cae6ec5 [32m204[0m 0.103 ms - 0[0m
2025:07:07 02:53:39:info [0mPUT /api/appointments/686b0a316d46c4472cae6ec5 [32m200[0m 3.817 ms - 48[0m
2025:07:07 02:53:39:info [0mGET /api/appointments/67b611137de19fc1c39f0f18 [32m200[0m 4.481 ms - -[0m
2025:07:07 07:20:57:info [0mGET /api/auth/reIssueAccessToken [32m200[0m 41.018 ms - -[0m
2025:07:07 07:23:10:info [0mGET /api/auth/67b611137de19fc1c39f0f18 [36m304[0m 1.826 ms - -[0m
2025:07:07 07:25:24:info [0mGET /api/notifications/67b611137de19fc1c39f0f18 [36m304[0m 112.600 ms - -[0m
2025:07:07 07:26:38:info [0mGET /api/patient [36m304[0m 4316.082 ms - -[0m
2025:07:07 07:26:45:info [0mGET /api/patient [36m304[0m 3586.360 ms - -[0m
2025:07:07 07:28:12:info [0mOPTIONS /api/patient/delete-multi/67b611137de19fc1c39f0f18?all= [32m204[0m 0.588 ms - 0[0m
2025:07:07 07:28:12:info xss log: value () is of type: string
2025:07:07 07:28:12:info [0mDELETE /api/patient/delete-multi/67b611137de19fc1c39f0f18?all= [32m201[0m 48.428 ms - 55[0m
2025:07:07 07:28:12:info [0mPOST /api/notifications/create [32m201[0m 62.046 ms - 418[0m
2025:07:07 07:28:12:info [0mGET /api/notifications/67b611137de19fc1c39f0f18 [36m304[0m 5.474 ms - -[0m
2025:07:07 07:28:15:info [0mGET /api/patient [32m200[0m 2008.759 ms - -[0m
2025:07:07 07:28:48:info [0mGET /api/patient/f54c5d74-a5a2-4201-b4b2-3777fb0f1583 [32m200[0m 10.684 ms - 601[0m
2025:07:07 07:47:32:info [0mGET /api/appointments/67b611137de19fc1c39f0f18 [36m304[0m 62.164 ms - -[0m
2025:07:07 07:47:41:info [0mGET /api/patient [36m304[0m 1619.209 ms - -[0m
2025:07:07 07:47:43:info [0mGET /api/appointments/67b611137de19fc1c39f0f18 [32m200[0m 9.335 ms - -[0m
2025:07:07 19:59:15:info [0mGET /api/auth/reIssueAccessToken [32m200[0m 68.567 ms - -[0m
2025:07:07 19:59:20:info [0mGET /api/patient [36m304[0m 1794.759 ms - -[0m
2025:07:07 19:59:30:info [0mGET /api/patient/2fb84a92-6117-458d-a833-026420a4def0 [32m200[0m 7.081 ms - 615[0m
2025:07:07 20:11:51:info [0mGET /api/notifications/67b611137de19fc1c39f0f18 [32m200[0m 85.246 ms - 20[0m
2025:07:07 20:11:51:info [0mGET /api/patient/2fb84a92-6117-458d-a833-026420a4def0 [36m304[0m 13.913 ms - -[0m
2025:07:07 20:12:22:info [0mGET /api/patient/2fb84a92-6117-458d-a833-026420a4def0 [36m304[0m 3.875 ms - -[0m
2025:07:07 20:12:42:info [0mGET /api/patient/2fb84a92-6117-458d-a833-026420a4def0 [36m304[0m 6.229 ms - -[0m
2025:07:07 20:13:06:info [0mOPTIONS /api/patient/2fb84a92-6117-458d-a833-026420a4def0 [32m204[0m 5.823 ms - 0[0m
2025:07:07 20:13:06:info [0mDELETE /api/patient/2fb84a92-6117-458d-a833-026420a4def0 [32m200[0m 49.956 ms - 42[0m
2025:07:07 20:13:06:info [0mPOST /api/notifications/create [32m201[0m 80.576 ms - 430[0m
2025:07:07 20:13:06:info [0mGET /api/notifications/67b611137de19fc1c39f0f18 [32m200[0m 7.068 ms - 20[0m
2025:07:07 20:13:07:info [0mGET /api/patient/2fb84a92-6117-458d-a833-026420a4def0 [33m404[0m 4.151 ms - 36[0m
2025:07:07 20:13:08:info [0mGET /api/patient/2fb84a92-6117-458d-a833-026420a4def0 [33m404[0m 2.348 ms - 36[0m
2025:07:07 20:13:08:info [0mGET /api/patient/2fb84a92-6117-458d-a833-026420a4def0 [33m404[0m 2.031 ms - 36[0m
2025:07:07 20:13:09:info [0mGET /api/patient/2fb84a92-6117-458d-a833-026420a4def0 [33m404[0m 2.196 ms - 36[0m
2025:07:07 20:13:09:info [0mGET /api/patient/2fb84a92-6117-458d-a833-026420a4def0 [33m404[0m 1.917 ms - 36[0m
2025:07:07 20:13:10:info [0mGET /api/patient/2fb84a92-6117-458d-a833-026420a4def0 [33m404[0m 4.425 ms - 36[0m
2025:07:07 20:14:58:info [0mGET /api/auth/reIssueAccessToken [32m200[0m 52.257 ms - -[0m
2025:07:07 20:15:10:info [0mGET /api/notifications/67b611137de19fc1c39f0f18 [36m304[0m 48.622 ms - -[0m
2025:07:07 20:15:10:info [0mGET /api/patient/2fb84a92-6117-458d-a833-026420a4def0 [33m404[0m 23.302 ms - 36[0m
2025:07:07 20:15:11:info [0mGET /api/patient/2fb84a92-6117-458d-a833-026420a4def0 [33m404[0m 3.567 ms - 36[0m
2025:07:07 20:15:12:info [0mGET /api/patient/2fb84a92-6117-458d-a833-026420a4def0 [33m404[0m 2.036 ms - 36[0m
2025:07:07 20:15:12:info [0mGET /api/patient/2fb84a92-6117-458d-a833-026420a4def0 [33m404[0m 1.957 ms - 36[0m
2025:07:07 20:15:13:info [0mGET /api/patient/2fb84a92-6117-458d-a833-026420a4def0 [33m404[0m 2.484 ms - 36[0m
2025:07:07 20:15:13:info [0mGET /api/patient/2fb84a92-6117-458d-a833-026420a4def0 [33m404[0m 1.898 ms - 36[0m
2025:07:07 20:15:17:info [0mGET /api/patient [32m200[0m 1479.364 ms - -[0m
2025:07:07 20:15:20:info [0mGET /api/patient [36m304[0m 1482.931 ms - -[0m
2025:07:07 20:15:22:info [0mGET /api/patient/2ba27cb8-509a-44cf-a68b-18731418439b [32m200[0m 5.337 ms - 611[0m
2025:07:07 20:15:26:info [0mOPTIONS /api/patient/2ba27cb8-509a-44cf-a68b-18731418439b [32m204[0m 0.168 ms - 0[0m
2025:07:07 20:15:26:info [0mPOST /api/notifications/create [32m201[0m 36.982 ms - 430[0m
2025:07:07 20:15:26:info [0mDELETE /api/patient/2ba27cb8-509a-44cf-a68b-18731418439b [32m200[0m 41.569 ms - 42[0m
2025:07:07 20:15:27:info [0mGET /api/notifications/67b611137de19fc1c39f0f18 [32m200[0m 6.728 ms - 20[0m
2025:07:07 20:15:28:info [0mGET /api/patient/2ba27cb8-509a-44cf-a68b-18731418439b [33m404[0m 1.891 ms - 36[0m
2025:07:07 20:15:28:info [0mGET /api/patient/2ba27cb8-509a-44cf-a68b-18731418439b [33m404[0m 1.963 ms - 36[0m
2025:07:07 20:15:29:info [0mGET /api/patient/2ba27cb8-509a-44cf-a68b-18731418439b [33m404[0m 1.924 ms - 36[0m
2025:07:07 20:15:29:info [0mGET /api/patient/2ba27cb8-509a-44cf-a68b-18731418439b [33m404[0m 1.762 ms - 36[0m
2025:07:07 20:15:30:info [0mGET /api/patient/2ba27cb8-509a-44cf-a68b-18731418439b [33m404[0m 1.791 ms - 36[0m
2025:07:07 20:15:30:info [0mGET /api/patient/2ba27cb8-509a-44cf-a68b-18731418439b [33m404[0m 3.651 ms - 36[0m
2025:07:07 20:17:11:info [0mGET /api/auth/reIssueAccessToken [32m200[0m 117.529 ms - -[0m
2025:07:07 20:17:50:info [0mGET /api/auth/reIssueAccessToken [32m200[0m 12.786 ms - -[0m
2025:07:07 20:18:02:info [0mGET /api/auth/reIssueAccessToken [32m200[0m 13.038 ms - -[0m
2025:07:07 20:18:15:info [0mGET /api/auth/reIssueAccessToken [32m200[0m 9.685 ms - -[0m
2025:07:07 20:18:57:info [0mGET /api/auth/reIssueAccessToken [32m200[0m 10.731 ms - -[0m
2025:07:07 20:19:04:info [0mGET /api/auth/reIssueAccessToken [32m200[0m 10.510 ms - -[0m
2025:07:07 20:19:09:info [0mGET /api/patient/2ba27cb8-509a-44cf-a68b-18731418439b [33m404[0m 11.097 ms - 36[0m
2025:07:07 20:19:09:info [0mGET /api/patient [32m200[0m 3498.259 ms - -[0m
2025:07:07 20:19:09:info [0mGET /api/patient/2ba27cb8-509a-44cf-a68b-18731418439b [33m404[0m 2.801 ms - 36[0m
2025:07:07 20:19:12:info [0mGET /api/patient [36m304[0m 1416.007 ms - -[0m
2025:07:07 20:19:13:info [0mGET /api/patient/ba82b0ba-d433-4375-b364-12757838f695 [32m200[0m 8.952 ms - 605[0m
2025:07:07 20:19:16:info [0mOPTIONS /api/patient/ba82b0ba-d433-4375-b364-12757838f695 [32m204[0m 0.187 ms - 0[0m
2025:07:07 20:19:16:info [0mDELETE /api/patient/ba82b0ba-d433-4375-b364-12757838f695 [32m200[0m 13.459 ms - 42[0m
2025:07:07 20:19:16:info [0mPOST /api/notifications/create [32m201[0m 25.181 ms - 430[0m
2025:07:07 20:19:16:info [0mGET /api/notifications/67b611137de19fc1c39f0f18 [36m304[0m 6.289 ms - -[0m
2025:07:07 20:19:17:info [0mGET /api/patient/ba82b0ba-d433-4375-b364-12757838f695 [33m404[0m 1.856 ms - 36[0m
2025:07:07 20:19:18:info [0mGET /api/patient/ba82b0ba-d433-4375-b364-12757838f695 [33m404[0m 1.685 ms - 36[0m
2025:07:07 20:19:18:info [0mGET /api/patient/ba82b0ba-d433-4375-b364-12757838f695 [33m404[0m 1.878 ms - 36[0m
2025:07:07 20:19:19:info [0mGET /api/patient/ba82b0ba-d433-4375-b364-12757838f695 [33m404[0m 2.814 ms - 36[0m
2025:07:07 20:19:19:info [0mGET /api/patient/ba82b0ba-d433-4375-b364-12757838f695 [33m404[0m 1.798 ms - 36[0m
2025:07:07 20:19:20:info [0mGET /api/patient/ba82b0ba-d433-4375-b364-12757838f695 [33m404[0m 1.748 ms - 36[0m
