2025:07:21 06:42:46:info [0mGET /api/auth/reIssueAccessToken [32m200[0m 40.751 ms - -[0m
2025:07:21 06:43:44:info [0mGET /api/appointments/67b6196f6e5f967ae612f544 [32m200[0m 15.284 ms - -[0m
2025:07:21 06:43:44:info xss log: value (user9996@example.com) is of type: string
2025:07:21 06:43:44:info xss log: value (user77@example.com) is of type: string
2025:07:21 06:43:44:info [0mGET /api/patients/email?email=user9996%40example.com [36m304[0m 15.127 ms - -[0m
2025:07:21 06:43:44:info [0mGET /api/patients/email?email=user77%40example.com [36m304[0m 13.985 ms - -[0m
2025:07:21 06:44:03:info [0mGET /api/patients/f36f0a49-e9bb-4565-9359-0d6df3916975 [32m200[0m 65.149 ms - 617[0m
2025:07:21 06:44:27:info xss log: value (user9996@example.com) is of type: string
2025:07:21 06:44:27:info [0mGET /api/appointments/email?email=user9996%40example.com [32m200[0m 39.632 ms - 879[0m
2025:07:21 06:45:17:info xss log: value (true) is of type: string
2025:07:21 06:45:17:info [0mPOST /api/appointments?patientState=true [33m404[0m 20.638 ms - 86[0m
2025:07:21 06:45:39:info xss log: value (true) is of type: string
2025:07:21 06:45:39:info [0mPOST /api/appointments?patientState=true [33m404[0m 15.164 ms - 86[0m
2025:07:21 06:45:53:info xss log: value (true) is of type: string
2025:07:21 06:45:53:info [0mPOST /api/appointments?patientState=true [33m404[0m 12.442 ms - 86[0m
2025:07:21 06:45:53:info xss log: value (true) is of type: string
2025:07:21 06:45:53:info [0mPOST /api/appointments?patientState=true [33m404[0m 15.134 ms - 86[0m
2025:07:21 06:47:07:info xss log: value (user9996@example.com) is of type: string
2025:07:21 06:47:07:info xss log: value (user77@example.com) is of type: string
2025:07:21 06:47:07:info [0mGET /api/patients/email?email=user77%40example.com [32m200[0m 5.345 ms - 610[0m
2025:07:21 06:47:07:info [0mGET /api/patients/email?email=user9996%40example.com [32m200[0m 14.770 ms - 617[0m
2025:07:21 06:47:07:info [0mGET /api/appointments/67b6196f6e5f967ae612f544 [32m200[0m 25.967 ms - -[0m
2025:07:21 06:47:16:info [0mGET /api/patients/f36f0a49-e9bb-4565-9359-0d6df3916975 [36m304[0m 2.734 ms - -[0m
2025:07:21 06:47:21:info xss log: value (user9996@example.com) is of type: string
2025:07:21 06:47:21:info xss log: value (user77@example.com) is of type: string
2025:07:21 06:47:21:info [0mGET /api/patients/email?email=user9996%40example.com [36m304[0m 16.947 ms - -[0m
2025:07:21 06:47:21:info [0mGET /api/patients/email?email=user77%40example.com [36m304[0m 17.415 ms - -[0m
2025:07:21 06:47:21:info [0mGET /api/appointments/67b6196f6e5f967ae612f544 [36m304[0m 8.954 ms - -[0m
2025:07:21 06:47:41:info xss log: value (false) is of type: string
2025:07:21 06:47:41:info [0mPOST /api/appointments?patientState=false [33m404[0m 13.160 ms - 86[0m
2025:07:21 06:47:53:info xss log: value (user77@example.com) is of type: string
2025:07:21 06:47:53:info xss log: value (user0@example.com) is of type: string
2025:07:21 06:47:53:info [0mGET /api/patients/email?email=user77%40example.com [36m304[0m 8.048 ms - -[0m
2025:07:21 06:47:53:info [0mGET /api/patients/email?email=user0%40example.com [32m200[0m 5.170 ms - 604[0m
2025:07:21 06:47:53:info xss log: value (user1@example.com) is of type: string
2025:07:21 06:47:53:info [0mGET /api/patients/email?email=user1%40example.com [32m200[0m 10.775 ms - 591[0m
2025:07:21 06:47:53:info xss log: value (user4@example.com) is of type: string
2025:07:21 06:47:53:info xss log: value (user9@example.com) is of type: string
2025:07:21 06:47:53:info xss log: value (user7@example.com) is of type: string
2025:07:21 06:47:53:info [0mGET /api/patients/email?email=user4%40example.com [32m200[0m 12.801 ms - 593[0m
2025:07:21 06:47:53:info [0mGET /api/patients/email?email=user9%40example.com [32m200[0m 12.222 ms - 597[0m
2025:07:21 06:47:53:info [0mGET /api/patients/email?email=user7%40example.com [32m200[0m 17.808 ms - 598[0m
2025:07:21 06:47:59:info [0mGET /api/auth/reIssueAccessToken [32m200[0m 8.380 ms - -[0m
2025:07:21 06:48:02:info [0mGET /api/notifications/67b611137de19fc1c39f0f18 [32m200[0m 12.271 ms - -[0m
2025:07:21 06:48:06:info [0mGET /api/appointments/67b611137de19fc1c39f0f18 [36m304[0m 32.442 ms - -[0m
2025:07:21 06:48:22:info [0mGET /api/patients [36m304[0m 2460.524 ms - -[0m
2025:07:21 06:48:26:info [0mGET /api/patients [36m304[0m 3039.387 ms - -[0m
2025:07:21 06:48:26:info [0mGET /api/patients/f36f0a49-e9bb-4565-9359-0d6df3916975 [36m304[0m 4.032 ms - -[0m
2025:07:21 06:48:28:info xss log: value (user9996@example.com) is of type: string
2025:07:21 06:48:28:info [0mGET /api/appointments/email?email=user9996%40example.com [32m200[0m 9.439 ms - 879[0m
2025:07:21 06:49:59:info 

â–ˆâ–ˆâ•—  â–ˆâ–ˆâ•—â–ˆâ–ˆâ–ˆâ–ˆâ–ˆâ–ˆâ–ˆâ•— â–ˆâ–ˆâ–ˆâ–ˆâ–ˆâ•— â–ˆâ–ˆâ•—     â–ˆâ–ˆâ–ˆâ–ˆâ–ˆâ–ˆâ–ˆâ–ˆâ•—â–ˆâ–ˆâ•—  â–ˆâ–ˆâ•—
â–ˆâ–ˆâ•‘  â–ˆâ–ˆâ•‘â–ˆâ–ˆâ•”â•â•â•â•â•â–ˆâ–ˆâ•”â•â•â–ˆâ–ˆâ•—â–ˆâ–ˆâ•‘     â•šâ•â•â–ˆâ–ˆâ•”â•â•â•â–ˆâ–ˆâ•‘  â–ˆâ–ˆâ•‘
â–ˆâ–ˆâ–ˆâ–ˆâ–ˆâ–ˆâ–ˆâ•‘â–ˆâ–ˆâ–ˆâ–ˆâ–ˆâ•—  â–ˆâ–ˆâ–ˆâ–ˆâ–ˆâ–ˆâ–ˆâ•‘â–ˆâ–ˆâ•‘        â–ˆâ–ˆâ•‘   â–ˆâ–ˆâ–ˆâ–ˆâ–ˆâ–ˆâ–ˆâ•‘
â–ˆâ–ˆâ•”â•â•â–ˆâ–ˆâ•‘â–ˆâ–ˆâ•”â•â•â•  â–ˆâ–ˆâ•”â•â•â–ˆâ–ˆâ•‘â–ˆâ–ˆâ•‘        â–ˆâ–ˆâ•‘   â–ˆâ–ˆâ•”â•â•â–ˆâ–ˆâ•‘
â–ˆâ–ˆâ•‘  â–ˆâ–ˆâ•‘â–ˆâ–ˆâ–ˆâ–ˆâ–ˆâ–ˆâ–ˆâ•—â–ˆâ–ˆâ•‘  â–ˆâ–ˆâ•‘â–ˆâ–ˆâ–ˆâ–ˆâ–ˆâ–ˆâ–ˆâ•—   â–ˆâ–ˆâ•‘   â–ˆâ–ˆâ•‘  â–ˆâ–ˆâ•‘
â•šâ•â•  â•šâ•â•â•šâ•â•â•â•â•â•â•â•šâ•â•  â•šâ•â•â•šâ•â•â•â•â•â•â•   â•šâ•â•   â•šâ•â•  â•šâ•â•

            Developed by Omar Fouad
2025:07:21 06:49:59:warn ===== http://localhost:8080 =====
2025:07:21 06:49:59:info ===========development===========
2025:07:21 06:49:59:info ===========port:8080=============
2025:07:21 06:49:59:info =================================
2025:07:21 06:49:59:info Redis is connected
2025:07:21 06:49:59:info Mongodb is connected to database:health
2025:07:21 06:50:47:info 

â–ˆâ–ˆâ•—  â–ˆâ–ˆâ•—â–ˆâ–ˆâ–ˆâ–ˆâ–ˆâ–ˆâ–ˆâ•— â–ˆâ–ˆâ–ˆâ–ˆâ–ˆâ•— â–ˆâ–ˆâ•—     â–ˆâ–ˆâ–ˆâ–ˆâ–ˆâ–ˆâ–ˆâ–ˆâ•—â–ˆâ–ˆâ•—  â–ˆâ–ˆâ•—
â–ˆâ–ˆâ•‘  â–ˆâ–ˆâ•‘â–ˆâ–ˆâ•”â•â•â•â•â•â–ˆâ–ˆâ•”â•â•â–ˆâ–ˆâ•—â–ˆâ–ˆâ•‘     â•šâ•â•â–ˆâ–ˆâ•”â•â•â•â–ˆâ–ˆâ•‘  â–ˆâ–ˆâ•‘
â–ˆâ–ˆâ–ˆâ–ˆâ–ˆâ–ˆâ–ˆâ•‘â–ˆâ–ˆâ–ˆâ–ˆâ–ˆâ•—  â–ˆâ–ˆâ–ˆâ–ˆâ–ˆâ–ˆâ–ˆâ•‘â–ˆâ–ˆâ•‘        â–ˆâ–ˆâ•‘   â–ˆâ–ˆâ–ˆâ–ˆâ–ˆâ–ˆâ–ˆâ•‘
â–ˆâ–ˆâ•”â•â•â–ˆâ–ˆâ•‘â–ˆâ–ˆâ•”â•â•â•  â–ˆâ–ˆâ•”â•â•â–ˆâ–ˆâ•‘â–ˆâ–ˆâ•‘        â–ˆâ–ˆâ•‘   â–ˆâ–ˆâ•”â•â•â–ˆâ–ˆâ•‘
â–ˆâ–ˆâ•‘  â–ˆâ–ˆâ•‘â–ˆâ–ˆâ–ˆâ–ˆâ–ˆâ–ˆâ–ˆâ•—â–ˆâ–ˆâ•‘  â–ˆâ–ˆâ•‘â–ˆâ–ˆâ–ˆâ–ˆâ–ˆâ–ˆâ–ˆâ•—   â–ˆâ–ˆâ•‘   â–ˆâ–ˆâ•‘  â–ˆâ–ˆâ•‘
â•šâ•â•  â•šâ•â•â•šâ•â•â•â•â•â•â•â•šâ•â•  â•šâ•â•â•šâ•â•â•â•â•â•â•   â•šâ•â•   â•šâ•â•  â•šâ•â•

            Developed by Omar Fouad
2025:07:21 06:50:47:warn ===== http://localhost:8080 =====
2025:07:21 06:50:47:info ===========development===========
2025:07:21 06:50:47:info ===========port:8080=============
2025:07:21 06:50:47:info =================================
2025:07:21 06:50:47:info Redis is connected
2025:07:21 06:50:47:info Mongodb is connected to database:health
2025:07:21 06:51:03:info [0mGET /api/notifications/67b6196f6e5f967ae612f544 [36m304[0m 29.945 ms - -[0m
2025:07:21 06:51:03:info [0mGET /api/appointments/67b6196f6e5f967ae612f544 [36m304[0m 29.779 ms - -[0m
2025:07:21 06:51:04:info xss log: value (user9996@example.com) is of type: string
2025:07:21 06:51:04:info xss log: value (user77@example.com) is of type: string
2025:07:21 06:51:04:info [0mGET /api/patients/email?email=user77%40example.com [36m304[0m 10.684 ms - -[0m
2025:07:21 06:51:04:info [0mGET /api/patients/email?email=user9996%40example.com [36m304[0m 26.811 ms - -[0m
2025:07:21 06:53:54:info [0mOPTIONS /api/auth/logout/67b6196f6e5f967ae612f544 [32m204[0m 0.958 ms - 0[0m
2025:07:21 06:53:54:info [0mPUT /api/auth/logout/67b6196f6e5f967ae612f544 [32m200[0m 32.135 ms - 37[0m
2025:07:21 06:55:19:info [0mPOST /api/auth/login [32m200[0m 334.206 ms - -[0m
2025:07:21 06:55:20:info [0mGET /api/notifications/67b6196f6e5f967ae612f544 [36m304[0m 21.534 ms - -[0m
2025:07:21 06:55:23:info [0mGET /api/appointments/67b6196f6e5f967ae612f544 [36m304[0m 15.323 ms - -[0m
2025:07:21 06:55:24:info xss log: value (user9996@example.com) is of type: string
2025:07:21 06:55:24:info xss log: value (user77@example.com) is of type: string
2025:07:21 06:55:24:info [0mGET /api/patients/email?email=user77%40example.com [36m304[0m 12.761 ms - -[0m
2025:07:21 06:55:24:info [0mGET /api/patients/email?email=user9996%40example.com [36m304[0m 34.675 ms - -[0m
2025:07:21 06:55:45:info xss log: value (false) is of type: string
2025:07:21 06:55:45:info [0mPOST /api/appointments?patientState=false [33m404[0m 18.490 ms - 86[0m
2025:07:21 06:56:18:info 

â–ˆâ–ˆâ•—  â–ˆâ–ˆâ•—â–ˆâ–ˆâ–ˆâ–ˆâ–ˆâ–ˆâ–ˆâ•— â–ˆâ–ˆâ–ˆâ–ˆâ–ˆâ•— â–ˆâ–ˆâ•—     â–ˆâ–ˆâ–ˆâ–ˆâ–ˆâ–ˆâ–ˆâ–ˆâ•—â–ˆâ–ˆâ•—  â–ˆâ–ˆâ•—
â–ˆâ–ˆâ•‘  â–ˆâ–ˆâ•‘â–ˆâ–ˆâ•”â•â•â•â•â•â–ˆâ–ˆâ•”â•â•â–ˆâ–ˆâ•—â–ˆâ–ˆâ•‘     â•šâ•â•â–ˆâ–ˆâ•”â•â•â•â–ˆâ–ˆâ•‘  â–ˆâ–ˆâ•‘
â–ˆâ–ˆâ–ˆâ–ˆâ–ˆâ–ˆâ–ˆâ•‘â–ˆâ–ˆâ–ˆâ–ˆâ–ˆâ•—  â–ˆâ–ˆâ–ˆâ–ˆâ–ˆâ–ˆâ–ˆâ•‘â–ˆâ–ˆâ•‘        â–ˆâ–ˆâ•‘   â–ˆâ–ˆâ–ˆâ–ˆâ–ˆâ–ˆâ–ˆâ•‘
â–ˆâ–ˆâ•”â•â•â–ˆâ–ˆâ•‘â–ˆâ–ˆâ•”â•â•â•  â–ˆâ–ˆâ•”â•â•â–ˆâ–ˆâ•‘â–ˆâ–ˆâ•‘        â–ˆâ–ˆâ•‘   â–ˆâ–ˆâ•”â•â•â–ˆâ–ˆâ•‘
â–ˆâ–ˆâ•‘  â–ˆâ–ˆâ•‘â–ˆâ–ˆâ–ˆâ–ˆâ–ˆâ–ˆâ–ˆâ•—â–ˆâ–ˆâ•‘  â–ˆâ–ˆâ•‘â–ˆâ–ˆâ–ˆâ–ˆâ–ˆâ–ˆâ–ˆâ•—   â–ˆâ–ˆâ•‘   â–ˆâ–ˆâ•‘  â–ˆâ–ˆâ•‘
â•šâ•â•  â•šâ•â•â•šâ•â•â•â•â•â•â•â•šâ•â•  â•šâ•â•â•šâ•â•â•â•â•â•â•   â•šâ•â•   â•šâ•â•  â•šâ•â•

            Developed by Omar Fouad
2025:07:21 06:56:18:warn ===== http://localhost:8080 =====
2025:07:21 06:56:18:info ===========development===========
2025:07:21 06:56:18:info ===========port:8080=============
2025:07:21 06:56:18:info =================================
2025:07:21 06:56:18:info Redis is connected
2025:07:21 06:56:18:info Mongodb is connected to database:health
2025:07:21 06:56:32:info xss log: value (false) is of type: string
2025:07:21 06:56:32:info [0mPOST /api/appointments?patientState=false [33m404[0m 57.724 ms - 86[0m
2025:07:21 06:56:55:info 

â–ˆâ–ˆâ•—  â–ˆâ–ˆâ•—â–ˆâ–ˆâ–ˆâ–ˆâ–ˆâ–ˆâ–ˆâ•— â–ˆâ–ˆâ–ˆâ–ˆâ–ˆâ•— â–ˆâ–ˆâ•—     â–ˆâ–ˆâ–ˆâ–ˆâ–ˆâ–ˆâ–ˆâ–ˆâ•—â–ˆâ–ˆâ•—  â–ˆâ–ˆâ•—
â–ˆâ–ˆâ•‘  â–ˆâ–ˆâ•‘â–ˆâ–ˆâ•”â•â•â•â•â•â–ˆâ–ˆâ•”â•â•â–ˆâ–ˆâ•—â–ˆâ–ˆâ•‘     â•šâ•â•â–ˆâ–ˆâ•”â•â•â•â–ˆâ–ˆâ•‘  â–ˆâ–ˆâ•‘
â–ˆâ–ˆâ–ˆâ–ˆâ–ˆâ–ˆâ–ˆâ•‘â–ˆâ–ˆâ–ˆâ–ˆâ–ˆâ•—  â–ˆâ–ˆâ–ˆâ–ˆâ–ˆâ–ˆâ–ˆâ•‘â–ˆâ–ˆâ•‘        â–ˆâ–ˆâ•‘   â–ˆâ–ˆâ–ˆâ–ˆâ–ˆâ–ˆâ–ˆâ•‘
â–ˆâ–ˆâ•”â•â•â–ˆâ–ˆâ•‘â–ˆâ–ˆâ•”â•â•â•  â–ˆâ–ˆâ•”â•â•â–ˆâ–ˆâ•‘â–ˆâ–ˆâ•‘        â–ˆâ–ˆâ•‘   â–ˆâ–ˆâ•”â•â•â–ˆâ–ˆâ•‘
â–ˆâ–ˆâ•‘  â–ˆâ–ˆâ•‘â–ˆâ–ˆâ–ˆâ–ˆâ–ˆâ–ˆâ–ˆâ•—â–ˆâ–ˆâ•‘  â–ˆâ–ˆâ•‘â–ˆâ–ˆâ–ˆâ–ˆâ–ˆâ–ˆâ–ˆâ•—   â–ˆâ–ˆâ•‘   â–ˆâ–ˆâ•‘  â–ˆâ–ˆâ•‘
â•šâ•â•  â•šâ•â•â•šâ•â•â•â•â•â•â•â•šâ•â•  â•šâ•â•â•šâ•â•â•â•â•â•â•   â•šâ•â•   â•šâ•â•  â•šâ•â•

            Developed by Omar Fouad
2025:07:21 06:56:55:warn ===== http://localhost:8080 =====
2025:07:21 06:56:55:info ===========development===========
2025:07:21 06:56:55:info ===========port:8080=============
2025:07:21 06:56:55:info =================================
2025:07:21 06:56:55:info Redis is connected
2025:07:21 06:56:55:info Mongodb is connected to database:health
2025:07:21 06:57:06:info 

â–ˆâ–ˆâ•—  â–ˆâ–ˆâ•—â–ˆâ–ˆâ–ˆâ–ˆâ–ˆâ–ˆâ–ˆâ•— â–ˆâ–ˆâ–ˆâ–ˆâ–ˆâ•— â–ˆâ–ˆâ•—     â–ˆâ–ˆâ–ˆâ–ˆâ–ˆâ–ˆâ–ˆâ–ˆâ•—â–ˆâ–ˆâ•—  â–ˆâ–ˆâ•—
â–ˆâ–ˆâ•‘  â–ˆâ–ˆâ•‘â–ˆâ–ˆâ•”â•â•â•â•â•â–ˆâ–ˆâ•”â•â•â–ˆâ–ˆâ•—â–ˆâ–ˆâ•‘     â•šâ•â•â–ˆâ–ˆâ•”â•â•â•â–ˆâ–ˆâ•‘  â–ˆâ–ˆâ•‘
â–ˆâ–ˆâ–ˆâ–ˆâ–ˆâ–ˆâ–ˆâ•‘â–ˆâ–ˆâ–ˆâ–ˆâ–ˆâ•—  â–ˆâ–ˆâ–ˆâ–ˆâ–ˆâ–ˆâ–ˆâ•‘â–ˆâ–ˆâ•‘        â–ˆâ–ˆâ•‘   â–ˆâ–ˆâ–ˆâ–ˆâ–ˆâ–ˆâ–ˆâ•‘
â–ˆâ–ˆâ•”â•â•â–ˆâ–ˆâ•‘â–ˆâ–ˆâ•”â•â•â•  â–ˆâ–ˆâ•”â•â•â–ˆâ–ˆâ•‘â–ˆâ–ˆâ•‘        â–ˆâ–ˆâ•‘   â–ˆâ–ˆâ•”â•â•â–ˆâ–ˆâ•‘
â–ˆâ–ˆâ•‘  â–ˆâ–ˆâ•‘â–ˆâ–ˆâ–ˆâ–ˆâ–ˆâ–ˆâ–ˆâ•—â–ˆâ–ˆâ•‘  â–ˆâ–ˆâ•‘â–ˆâ–ˆâ–ˆâ–ˆâ–ˆâ–ˆâ–ˆâ•—   â–ˆâ–ˆâ•‘   â–ˆâ–ˆâ•‘  â–ˆâ–ˆâ•‘
â•šâ•â•  â•šâ•â•â•šâ•â•â•â•â•â•â•â•šâ•â•  â•šâ•â•â•šâ•â•â•â•â•â•â•   â•šâ•â•   â•šâ•â•  â•šâ•â•

            Developed by Omar Fouad
2025:07:21 06:57:06:warn ===== http://localhost:8080 =====
2025:07:21 06:57:06:info ===========development===========
2025:07:21 06:57:06:info ===========port:8080=============
2025:07:21 06:57:06:info =================================
2025:07:21 06:57:06:info Redis is connected
2025:07:21 06:57:06:info Mongodb is connected to database:health
2025:07:21 06:57:09:info xss log: value (false) is of type: string
2025:07:21 06:57:09:info [0mPOST /api/appointments?patientState=false [32m201[0m 70.475 ms - 484[0m
2025:07:21 06:57:09:info [0mGET /api/appointments/67b6196f6e5f967ae612f544 [32m200[0m 16.015 ms - -[0m
2025:07:21 06:57:09:info [0mPOST /api/notifications/create [32m201[0m 13.534 ms - 390[0m
2025:07:21 06:57:09:info xss log: value (user9996@example.com) is of type: string
2025:07:21 06:57:09:info [0mGET /api/patients/email?email=user9996%40example.com [36m304[0m 15.588 ms - -[0m
2025:07:21 06:57:09:info [0mGET /api/notifications/67b6196f6e5f967ae612f544 [36m304[0m 8.285 ms - -[0m
2025:07:21 06:57:14:info [0mGET /api/patients/f36f0a49-e9bb-4565-9359-0d6df3916975 [36m304[0m 7.119 ms - -[0m
2025:07:21 06:57:16:info xss log: value (user9996@example.com) is of type: string
2025:07:21 06:57:16:info [0mGET /api/appointments/email?email=user9996%40example.com [32m200[0m 5.962 ms - -[0m
2025:07:21 06:58:08:info [0mPOST /api/auth/login [33m403[0m 138.549 ms - 47[0m
2025:07:21 06:58:11:info [0mPOST /api/auth/login [33m403[0m 86.083 ms - 47[0m
2025:07:21 06:58:31:info Email sent to omarsamir232@gmail.com with template multiAuthOtp.hbs
2025:07:21 06:58:31:info [0mPOST /api/auth/login [32m200[0m 3827.579 ms - 508[0m
2025:07:21 06:58:35:info xss log: value (MULTI_AUTH_SECRET) is of type: string
2025:07:21 06:58:35:info [0mGET /api/auth/token/eyJhbGciOiJIUzUxMiIsInR5cCI6IkpXVCJ9.eyJfaWQiOiI2N2I2MTExMzdkZTE5ZmMxYzM5ZjBmMTgiLCJtZmFfc3RhdGUiOnRydWUsInJvbGUiOiJBZG1pbiIsInByb2ZpbGVTdGF0ZSI6dHJ1ZSwiSGFzaE5hbWUiOiJtZmE6NjdiNjExMTM3ZGUxOWZjMWMzOWYwZjE4IiwiaXNGdWxseUF1dGhlbmljYXRlZCI6ZmFsc2UsImlzUGFydGlhbGx5QXV0aGVuaWNhdGVkIjp0cnVlLCJpYXQiOjE3NTMwNzAzMDcsImV4cCI6MTc1MzA3MzkwN30.yOo_jhdnHvmw6o4BgK4DMJLsMbkPEHyJCSx87PnQU23uQnAUz2gEnJAOT3mAGX5vyw4djqxgaYwLTCVWzjnzUA?KeyType=MULTI_AUTH_SECRET [32m200[0m 67.728 ms - 38[0m
2025:07:21 07:00:12:info [0mPOST /api/auth/multi-auth-verification/67b611137de19fc1c39f0f18 [32m200[0m 1526.797 ms - 52[0m
2025:07:21 07:00:13:info [0mGET /api/auth/reIssueAccessToken [32m200[0m 17.947 ms - -[0m
2025:07:21 07:00:13:info xss log: value (MULTI_AUTH_SECRET) is of type: string
2025:07:21 07:00:13:info [0mGET /api/auth/token/eyJhbGciOiJIUzUxMiIsInR5cCI6IkpXVCJ9.eyJfaWQiOiI2N2I2MTExMzdkZTE5ZmMxYzM5ZjBmMTgiLCJtZmFfc3RhdGUiOnRydWUsInJvbGUiOiJBZG1pbiIsInByb2ZpbGVTdGF0ZSI6dHJ1ZSwiSGFzaE5hbWUiOiJtZmE6NjdiNjExMTM3ZGUxOWZjMWMzOWYwZjE4IiwiaXNGdWxseUF1dGhlbmljYXRlZCI6ZmFsc2UsImlzUGFydGlhbGx5QXV0aGVuaWNhdGVkIjp0cnVlLCJpYXQiOjE3NTMwNzAzMDcsImV4cCI6MTc1MzA3MzkwN30.yOo_jhdnHvmw6o4BgK4DMJLsMbkPEHyJCSx87PnQU23uQnAUz2gEnJAOT3mAGX5vyw4djqxgaYwLTCVWzjnzUA?KeyType=MULTI_AUTH_SECRET [33m404[0m 6.794 ms - 41[0m
2025:07:21 07:00:14:info [0mGET /api/notifications/67b611137de19fc1c39f0f18 [32m200[0m 35.578 ms - -[0m
2025:07:21 07:00:19:info [0mGET /api/patients [36m304[0m 1629.264 ms - -[0m
2025:07:21 07:00:22:info [0mGET /api/patients [36m304[0m 2129.552 ms - -[0m
2025:07:21 07:01:03:info [0mGET /api/notifications/67b611137de19fc1c39f0f18 [36m304[0m 10.229 ms - -[0m
2025:07:21 07:01:10:info [0mGET /api/patients [36m304[0m 2739.308 ms - -[0m
2025:07:21 07:01:13:info [0mGET /api/patients [36m304[0m 1703.637 ms - -[0m
2025:07:21 07:01:20:info [0mGET /api/notifications/67b611137de19fc1c39f0f18 [36m304[0m 7.210 ms - -[0m
2025:07:21 07:01:22:info [0mGET /api/patients [36m304[0m 1584.441 ms - -[0m
2025:07:21 07:01:24:info [0mGET /api/patients [36m304[0m 1713.247 ms - -[0m
2025:07:21 07:01:31:info [0mOPTIONS /api/patients/delete-multi/67b611137de19fc1c39f0f18?all= [32m204[0m 0.558 ms - 0[0m
2025:07:21 07:01:31:info xss log: value () is of type: string
2025:07:21 07:01:31:info [0mPOST /api/notifications/create [32m201[0m 60.761 ms - 418[0m
2025:07:21 07:01:31:info [0mDELETE /api/patients/delete-multi/67b611137de19fc1c39f0f18?all= [32m201[0m 159.804 ms - 55[0m
2025:07:21 07:01:31:info [0mGET /api/notifications/67b611137de19fc1c39f0f18 [36m304[0m 71.481 ms - -[0m
2025:07:21 07:01:35:info [0mGET /api/patients [32m200[0m 1879.131 ms - -[0m
2025:07:21 07:02:11:info 

â–ˆâ–ˆâ•—  â–ˆâ–ˆâ•—â–ˆâ–ˆâ–ˆâ–ˆâ–ˆâ–ˆâ–ˆâ•— â–ˆâ–ˆâ–ˆâ–ˆâ–ˆâ•— â–ˆâ–ˆâ•—     â–ˆâ–ˆâ–ˆâ–ˆâ–ˆâ–ˆâ–ˆâ–ˆâ•—â–ˆâ–ˆâ•—  â–ˆâ–ˆâ•—
â–ˆâ–ˆâ•‘  â–ˆâ–ˆâ•‘â–ˆâ–ˆâ•”â•â•â•â•â•â–ˆâ–ˆâ•”â•â•â–ˆâ–ˆâ•—â–ˆâ–ˆâ•‘     â•šâ•â•â–ˆâ–ˆâ•”â•â•â•â–ˆâ–ˆâ•‘  â–ˆâ–ˆâ•‘
â–ˆâ–ˆâ–ˆâ–ˆâ–ˆâ–ˆâ–ˆâ•‘â–ˆâ–ˆâ–ˆâ–ˆâ–ˆâ•—  â–ˆâ–ˆâ–ˆâ–ˆâ–ˆâ–ˆâ–ˆâ•‘â–ˆâ–ˆâ•‘        â–ˆâ–ˆâ•‘   â–ˆâ–ˆâ–ˆâ–ˆâ–ˆâ–ˆâ–ˆâ•‘
â–ˆâ–ˆâ•”â•â•â–ˆâ–ˆâ•‘â–ˆâ–ˆâ•”â•â•â•  â–ˆâ–ˆâ•”â•â•â–ˆâ–ˆâ•‘â–ˆâ–ˆâ•‘        â–ˆâ–ˆâ•‘   â–ˆâ–ˆâ•”â•â•â–ˆâ–ˆâ•‘
â–ˆâ–ˆâ•‘  â–ˆâ–ˆâ•‘â–ˆâ–ˆâ–ˆâ–ˆâ–ˆâ–ˆâ–ˆâ•—â–ˆâ–ˆâ•‘  â–ˆâ–ˆâ•‘â–ˆâ–ˆâ–ˆâ–ˆâ–ˆâ–ˆâ–ˆâ•—   â–ˆâ–ˆâ•‘   â–ˆâ–ˆâ•‘  â–ˆâ–ˆâ•‘
â•šâ•â•  â•šâ•â•â•šâ•â•â•â•â•â•â•â•šâ•â•  â•šâ•â•â•šâ•â•â•â•â•â•â•   â•šâ•â•   â•šâ•â•  â•šâ•â•

            Developed by Omar Fouad
2025:07:21 07:02:11:warn ===== http://localhost:8080 =====
2025:07:21 07:02:11:info ===========development===========
2025:07:21 07:02:11:info ===========port:8080=============
2025:07:21 07:02:11:info =================================
2025:07:21 07:02:11:info Redis is connected
2025:07:21 07:02:11:info Mongodb is connected to database:health
2025:07:21 07:02:19:info 

â–ˆâ–ˆâ•—  â–ˆâ–ˆâ•—â–ˆâ–ˆâ–ˆâ–ˆâ–ˆâ–ˆâ–ˆâ•— â–ˆâ–ˆâ–ˆâ–ˆâ–ˆâ•— â–ˆâ–ˆâ•—     â–ˆâ–ˆâ–ˆâ–ˆâ–ˆâ–ˆâ–ˆâ–ˆâ•—â–ˆâ–ˆâ•—  â–ˆâ–ˆâ•—
â–ˆâ–ˆâ•‘  â–ˆâ–ˆâ•‘â–ˆâ–ˆâ•”â•â•â•â•â•â–ˆâ–ˆâ•”â•â•â–ˆâ–ˆâ•—â–ˆâ–ˆâ•‘     â•šâ•â•â–ˆâ–ˆâ•”â•â•â•â–ˆâ–ˆâ•‘  â–ˆâ–ˆâ•‘
â–ˆâ–ˆâ–ˆâ–ˆâ–ˆâ–ˆâ–ˆâ•‘â–ˆâ–ˆâ–ˆâ–ˆâ–ˆâ•—  â–ˆâ–ˆâ–ˆâ–ˆâ–ˆâ–ˆâ–ˆâ•‘â–ˆâ–ˆâ•‘        â–ˆâ–ˆâ•‘   â–ˆâ–ˆâ–ˆâ–ˆâ–ˆâ–ˆâ–ˆâ•‘
â–ˆâ–ˆâ•”â•â•â–ˆâ–ˆâ•‘â–ˆâ–ˆâ•”â•â•â•  â–ˆâ–ˆâ•”â•â•â–ˆâ–ˆâ•‘â–ˆâ–ˆâ•‘        â–ˆâ–ˆâ•‘   â–ˆâ–ˆâ•”â•â•â–ˆâ–ˆâ•‘
â–ˆâ–ˆâ•‘  â–ˆâ–ˆâ•‘â–ˆâ–ˆâ–ˆâ–ˆâ–ˆâ–ˆâ–ˆâ•—â–ˆâ–ˆâ•‘  â–ˆâ–ˆâ•‘â–ˆâ–ˆâ–ˆâ–ˆâ–ˆâ–ˆâ–ˆâ•—   â–ˆâ–ˆâ•‘   â–ˆâ–ˆâ•‘  â–ˆâ–ˆâ•‘
â•šâ•â•  â•šâ•â•â•šâ•â•â•â•â•â•â•â•šâ•â•  â•šâ•â•â•šâ•â•â•â•â•â•â•   â•šâ•â•   â•šâ•â•  â•šâ•â•

            Developed by Omar Fouad
2025:07:21 07:02:19:warn ===== http://localhost:8080 =====
2025:07:21 07:02:19:info ===========development===========
2025:07:21 07:02:19:info ===========port:8080=============
2025:07:21 07:02:19:info =================================
2025:07:21 07:02:19:info Redis is connected
2025:07:21 07:02:19:info Mongodb is connected to database:health
2025:07:21 07:02:25:info 

â–ˆâ–ˆâ•—  â–ˆâ–ˆâ•—â–ˆâ–ˆâ–ˆâ–ˆâ–ˆâ–ˆâ–ˆâ•— â–ˆâ–ˆâ–ˆâ–ˆâ–ˆâ•— â–ˆâ–ˆâ•—     â–ˆâ–ˆâ–ˆâ–ˆâ–ˆâ–ˆâ–ˆâ–ˆâ•—â–ˆâ–ˆâ•—  â–ˆâ–ˆâ•—
â–ˆâ–ˆâ•‘  â–ˆâ–ˆâ•‘â–ˆâ–ˆâ•”â•â•â•â•â•â–ˆâ–ˆâ•”â•â•â–ˆâ–ˆâ•—â–ˆâ–ˆâ•‘     â•šâ•â•â–ˆâ–ˆâ•”â•â•â•â–ˆâ–ˆâ•‘  â–ˆâ–ˆâ•‘
â–ˆâ–ˆâ–ˆâ–ˆâ–ˆâ–ˆâ–ˆâ•‘â–ˆâ–ˆâ–ˆâ–ˆâ–ˆâ•—  â–ˆâ–ˆâ–ˆâ–ˆâ–ˆâ–ˆâ–ˆâ•‘â–ˆâ–ˆâ•‘        â–ˆâ–ˆâ•‘   â–ˆâ–ˆâ–ˆâ–ˆâ–ˆâ–ˆâ–ˆâ•‘
â–ˆâ–ˆâ•”â•â•â–ˆâ–ˆâ•‘â–ˆâ–ˆâ•”â•â•â•  â–ˆâ–ˆâ•”â•â•â–ˆâ–ˆâ•‘â–ˆâ–ˆâ•‘        â–ˆâ–ˆâ•‘   â–ˆâ–ˆâ•”â•â•â–ˆâ–ˆâ•‘
â–ˆâ–ˆâ•‘  â–ˆâ–ˆâ•‘â–ˆâ–ˆâ–ˆâ–ˆâ–ˆâ–ˆâ–ˆâ•—â–ˆâ–ˆâ•‘  â–ˆâ–ˆâ•‘â–ˆâ–ˆâ–ˆâ–ˆâ–ˆâ–ˆâ–ˆâ•—   â–ˆâ–ˆâ•‘   â–ˆâ–ˆâ•‘  â–ˆâ–ˆâ•‘
â•šâ•â•  â•šâ•â•â•šâ•â•â•â•â•â•â•â•šâ•â•  â•šâ•â•â•šâ•â•â•â•â•â•â•   â•šâ•â•   â•šâ•â•  â•šâ•â•

            Developed by Omar Fouad
2025:07:21 07:02:25:warn ===== http://localhost:8080 =====
2025:07:21 07:02:25:info ===========development===========
2025:07:21 07:02:25:info ===========port:8080=============
2025:07:21 07:02:25:info =================================
2025:07:21 07:02:25:info Redis is connected
2025:07:21 07:02:26:info Mongodb is connected to database:health
2025:07:21 07:02:59:info 

â–ˆâ–ˆâ•—  â–ˆâ–ˆâ•—â–ˆâ–ˆâ–ˆâ–ˆâ–ˆâ–ˆâ–ˆâ•— â–ˆâ–ˆâ–ˆâ–ˆâ–ˆâ•— â–ˆâ–ˆâ•—     â–ˆâ–ˆâ–ˆâ–ˆâ–ˆâ–ˆâ–ˆâ–ˆâ•—â–ˆâ–ˆâ•—  â–ˆâ–ˆâ•—
â–ˆâ–ˆâ•‘  â–ˆâ–ˆâ•‘â–ˆâ–ˆâ•”â•â•â•â•â•â–ˆâ–ˆâ•”â•â•â–ˆâ–ˆâ•—â–ˆâ–ˆâ•‘     â•šâ•â•â–ˆâ–ˆâ•”â•â•â•â–ˆâ–ˆâ•‘  â–ˆâ–ˆâ•‘
â–ˆâ–ˆâ–ˆâ–ˆâ–ˆâ–ˆâ–ˆâ•‘â–ˆâ–ˆâ–ˆâ–ˆâ–ˆâ•—  â–ˆâ–ˆâ–ˆâ–ˆâ–ˆâ–ˆâ–ˆâ•‘â–ˆâ–ˆâ•‘        â–ˆâ–ˆâ•‘   â–ˆâ–ˆâ–ˆâ–ˆâ–ˆâ–ˆâ–ˆâ•‘
â–ˆâ–ˆâ•”â•â•â–ˆâ–ˆâ•‘â–ˆâ–ˆâ•”â•â•â•  â–ˆâ–ˆâ•”â•â•â–ˆâ–ˆâ•‘â–ˆâ–ˆâ•‘        â–ˆâ–ˆâ•‘   â–ˆâ–ˆâ•”â•â•â–ˆâ–ˆâ•‘
â–ˆâ–ˆâ•‘  â–ˆâ–ˆâ•‘â–ˆâ–ˆâ–ˆâ–ˆâ–ˆâ–ˆâ–ˆâ•—â–ˆâ–ˆâ•‘  â–ˆâ–ˆâ•‘â–ˆâ–ˆâ–ˆâ–ˆâ–ˆâ–ˆâ–ˆâ•—   â–ˆâ–ˆâ•‘   â–ˆâ–ˆâ•‘  â–ˆâ–ˆâ•‘
â•šâ•â•  â•šâ•â•â•šâ•â•â•â•â•â•â•â•šâ•â•  â•šâ•â•â•šâ•â•â•â•â•â•â•   â•šâ•â•   â•šâ•â•  â•šâ•â•

            Developed by Omar Fouad
2025:07:21 07:02:59:warn ===== http://localhost:8080 =====
2025:07:21 07:02:59:info ===========development===========
2025:07:21 07:02:59:info ===========port:8080=============
2025:07:21 07:02:59:info =================================
2025:07:21 07:02:59:info Redis is connected
2025:07:21 07:02:59:info Mongodb is connected to database:health
2025:07:21 07:03:09:info 

â–ˆâ–ˆâ•—  â–ˆâ–ˆâ•—â–ˆâ–ˆâ–ˆâ–ˆâ–ˆâ–ˆâ–ˆâ•— â–ˆâ–ˆâ–ˆâ–ˆâ–ˆâ•— â–ˆâ–ˆâ•—     â–ˆâ–ˆâ–ˆâ–ˆâ–ˆâ–ˆâ–ˆâ–ˆâ•—â–ˆâ–ˆâ•—  â–ˆâ–ˆâ•—
â–ˆâ–ˆâ•‘  â–ˆâ–ˆâ•‘â–ˆâ–ˆâ•”â•â•â•â•â•â–ˆâ–ˆâ•”â•â•â–ˆâ–ˆâ•—â–ˆâ–ˆâ•‘     â•šâ•â•â–ˆâ–ˆâ•”â•â•â•â–ˆâ–ˆâ•‘  â–ˆâ–ˆâ•‘
â–ˆâ–ˆâ–ˆâ–ˆâ–ˆâ–ˆâ–ˆâ•‘â–ˆâ–ˆâ–ˆâ–ˆâ–ˆâ•—  â–ˆâ–ˆâ–ˆâ–ˆâ–ˆâ–ˆâ–ˆâ•‘â–ˆâ–ˆâ•‘        â–ˆâ–ˆâ•‘   â–ˆâ–ˆâ–ˆâ–ˆâ–ˆâ–ˆâ–ˆâ•‘
â–ˆâ–ˆâ•”â•â•â–ˆâ–ˆâ•‘â–ˆâ–ˆâ•”â•â•â•  â–ˆâ–ˆâ•”â•â•â–ˆâ–ˆâ•‘â–ˆâ–ˆâ•‘        â–ˆâ–ˆâ•‘   â–ˆâ–ˆâ•”â•â•â–ˆâ–ˆâ•‘
â–ˆâ–ˆâ•‘  â–ˆâ–ˆâ•‘â–ˆâ–ˆâ–ˆâ–ˆâ–ˆâ–ˆâ–ˆâ•—â–ˆâ–ˆâ•‘  â–ˆâ–ˆâ•‘â–ˆâ–ˆâ–ˆâ–ˆâ–ˆâ–ˆâ–ˆâ•—   â–ˆâ–ˆâ•‘   â–ˆâ–ˆâ•‘  â–ˆâ–ˆâ•‘
â•šâ•â•  â•šâ•â•â•šâ•â•â•â•â•â•â•â•šâ•â•  â•šâ•â•â•šâ•â•â•â•â•â•â•   â•šâ•â•   â•šâ•â•  â•šâ•â•

            Developed by Omar Fouad
2025:07:21 07:03:09:warn ===== http://localhost:8080 =====
2025:07:21 07:03:09:info ===========development===========
2025:07:21 07:03:09:info ===========port:8080=============
2025:07:21 07:03:09:info =================================
2025:07:21 07:03:09:info Redis is connected
2025:07:21 07:03:09:info Mongodb is connected to database:health
2025:07:21 07:03:33:info 

â–ˆâ–ˆâ•—  â–ˆâ–ˆâ•—â–ˆâ–ˆâ–ˆâ–ˆâ–ˆâ–ˆâ–ˆâ•— â–ˆâ–ˆâ–ˆâ–ˆâ–ˆâ•— â–ˆâ–ˆâ•—     â–ˆâ–ˆâ–ˆâ–ˆâ–ˆâ–ˆâ–ˆâ–ˆâ•—â–ˆâ–ˆâ•—  â–ˆâ–ˆâ•—
â–ˆâ–ˆâ•‘  â–ˆâ–ˆâ•‘â–ˆâ–ˆâ•”â•â•â•â•â•â–ˆâ–ˆâ•”â•â•â–ˆâ–ˆâ•—â–ˆâ–ˆâ•‘     â•šâ•â•â–ˆâ–ˆâ•”â•â•â•â–ˆâ–ˆâ•‘  â–ˆâ–ˆâ•‘
â–ˆâ–ˆâ–ˆâ–ˆâ–ˆâ–ˆâ–ˆâ•‘â–ˆâ–ˆâ–ˆâ–ˆâ–ˆâ•—  â–ˆâ–ˆâ–ˆâ–ˆâ–ˆâ–ˆâ–ˆâ•‘â–ˆâ–ˆâ•‘        â–ˆâ–ˆâ•‘   â–ˆâ–ˆâ–ˆâ–ˆâ–ˆâ–ˆâ–ˆâ•‘
â–ˆâ–ˆâ•”â•â•â–ˆâ–ˆâ•‘â–ˆâ–ˆâ•”â•â•â•  â–ˆâ–ˆâ•”â•â•â–ˆâ–ˆâ•‘â–ˆâ–ˆâ•‘        â–ˆâ–ˆâ•‘   â–ˆâ–ˆâ•”â•â•â–ˆâ–ˆâ•‘
â–ˆâ–ˆâ•‘  â–ˆâ–ˆâ•‘â–ˆâ–ˆâ–ˆâ–ˆâ–ˆâ–ˆâ–ˆâ•—â–ˆâ–ˆâ•‘  â–ˆâ–ˆâ•‘â–ˆâ–ˆâ–ˆâ–ˆâ–ˆâ–ˆâ–ˆâ•—   â–ˆâ–ˆâ•‘   â–ˆâ–ˆâ•‘  â–ˆâ–ˆâ•‘
â•šâ•â•  â•šâ•â•â•šâ•â•â•â•â•â•â•â•šâ•â•  â•šâ•â•â•šâ•â•â•â•â•â•â•   â•šâ•â•   â•šâ•â•  â•šâ•â•

            Developed by Omar Fouad
2025:07:21 07:03:33:warn ===== http://localhost:8080 =====
2025:07:21 07:03:33:info ===========development===========
2025:07:21 07:03:33:info ===========port:8080=============
2025:07:21 07:03:33:info =================================
2025:07:21 07:03:33:info Redis is connected
2025:07:21 07:03:34:info Mongodb is connected to database:health
2025:07:21 07:03:46:info 

â–ˆâ–ˆâ•—  â–ˆâ–ˆâ•—â–ˆâ–ˆâ–ˆâ–ˆâ–ˆâ–ˆâ–ˆâ•— â–ˆâ–ˆâ–ˆâ–ˆâ–ˆâ•— â–ˆâ–ˆâ•—     â–ˆâ–ˆâ–ˆâ–ˆâ–ˆâ–ˆâ–ˆâ–ˆâ•—â–ˆâ–ˆâ•—  â–ˆâ–ˆâ•—
â–ˆâ–ˆâ•‘  â–ˆâ–ˆâ•‘â–ˆâ–ˆâ•”â•â•â•â•â•â–ˆâ–ˆâ•”â•â•â–ˆâ–ˆâ•—â–ˆâ–ˆâ•‘     â•šâ•â•â–ˆâ–ˆâ•”â•â•â•â–ˆâ–ˆâ•‘  â–ˆâ–ˆâ•‘
â–ˆâ–ˆâ–ˆâ–ˆâ–ˆâ–ˆâ–ˆâ•‘â–ˆâ–ˆâ–ˆâ–ˆâ–ˆâ•—  â–ˆâ–ˆâ–ˆâ–ˆâ–ˆâ–ˆâ–ˆâ•‘â–ˆâ–ˆâ•‘        â–ˆâ–ˆâ•‘   â–ˆâ–ˆâ–ˆâ–ˆâ–ˆâ–ˆâ–ˆâ•‘
â–ˆâ–ˆâ•”â•â•â–ˆâ–ˆâ•‘â–ˆâ–ˆâ•”â•â•â•  â–ˆâ–ˆâ•”â•â•â–ˆâ–ˆâ•‘â–ˆâ–ˆâ•‘        â–ˆâ–ˆâ•‘   â–ˆâ–ˆâ•”â•â•â–ˆâ–ˆâ•‘
â–ˆâ–ˆâ•‘  â–ˆâ–ˆâ•‘â–ˆâ–ˆâ–ˆâ–ˆâ–ˆâ–ˆâ–ˆâ•—â–ˆâ–ˆâ•‘  â–ˆâ–ˆâ•‘â–ˆâ–ˆâ–ˆâ–ˆâ–ˆâ–ˆâ–ˆâ•—   â–ˆâ–ˆâ•‘   â–ˆâ–ˆâ•‘  â–ˆâ–ˆâ•‘
â•šâ•â•  â•šâ•â•â•šâ•â•â•â•â•â•â•â•šâ•â•  â•šâ•â•â•šâ•â•â•â•â•â•â•   â•šâ•â•   â•šâ•â•  â•šâ•â•

            Developed by Omar Fouad
2025:07:21 07:03:46:warn ===== http://localhost:8080 =====
2025:07:21 07:03:46:info ===========development===========
2025:07:21 07:03:46:info ===========port:8080=============
2025:07:21 07:03:46:info =================================
2025:07:21 07:03:46:info Redis is connected
2025:07:21 07:03:46:info Mongodb is connected to database:health
2025:07:21 07:04:14:info 

â–ˆâ–ˆâ•—  â–ˆâ–ˆâ•—â–ˆâ–ˆâ–ˆâ–ˆâ–ˆâ–ˆâ–ˆâ•— â–ˆâ–ˆâ–ˆâ–ˆâ–ˆâ•— â–ˆâ–ˆâ•—     â–ˆâ–ˆâ–ˆâ–ˆâ–ˆâ–ˆâ–ˆâ–ˆâ•—â–ˆâ–ˆâ•—  â–ˆâ–ˆâ•—
â–ˆâ–ˆâ•‘  â–ˆâ–ˆâ•‘â–ˆâ–ˆâ•”â•â•â•â•â•â–ˆâ–ˆâ•”â•â•â–ˆâ–ˆâ•—â–ˆâ–ˆâ•‘     â•šâ•â•â–ˆâ–ˆâ•”â•â•â•â–ˆâ–ˆâ•‘  â–ˆâ–ˆâ•‘
â–ˆâ–ˆâ–ˆâ–ˆâ–ˆâ–ˆâ–ˆâ•‘â–ˆâ–ˆâ–ˆâ–ˆâ–ˆâ•—  â–ˆâ–ˆâ–ˆâ–ˆâ–ˆâ–ˆâ–ˆâ•‘â–ˆâ–ˆâ•‘        â–ˆâ–ˆâ•‘   â–ˆâ–ˆâ–ˆâ–ˆâ–ˆâ–ˆâ–ˆâ•‘
â–ˆâ–ˆâ•”â•â•â–ˆâ–ˆâ•‘â–ˆâ–ˆâ•”â•â•â•  â–ˆâ–ˆâ•”â•â•â–ˆâ–ˆâ•‘â–ˆâ–ˆâ•‘        â–ˆâ–ˆâ•‘   â–ˆâ–ˆâ•”â•â•â–ˆâ–ˆâ•‘
â–ˆâ–ˆâ•‘  â–ˆâ–ˆâ•‘â–ˆâ–ˆâ–ˆâ–ˆâ–ˆâ–ˆâ–ˆâ•—â–ˆâ–ˆâ•‘  â–ˆâ–ˆâ•‘â–ˆâ–ˆâ–ˆâ–ˆâ–ˆâ–ˆâ–ˆâ•—   â–ˆâ–ˆâ•‘   â–ˆâ–ˆâ•‘  â–ˆâ–ˆâ•‘
â•šâ•â•  â•šâ•â•â•šâ•â•â•â•â•â•â•â•šâ•â•  â•šâ•â•â•šâ•â•â•â•â•â•â•   â•šâ•â•   â•šâ•â•  â•šâ•â•

            Developed by Omar Fouad
2025:07:21 07:04:14:warn ===== http://localhost:8080 =====
2025:07:21 07:04:14:info ===========development===========
2025:07:21 07:04:14:info ===========port:8080=============
2025:07:21 07:04:14:info =================================
2025:07:21 07:04:14:info Redis is connected
2025:07:21 07:04:14:info Mongodb is connected to database:health
2025:07:21 07:04:20:info 

â–ˆâ–ˆâ•—  â–ˆâ–ˆâ•—â–ˆâ–ˆâ–ˆâ–ˆâ–ˆâ–ˆâ–ˆâ•— â–ˆâ–ˆâ–ˆâ–ˆâ–ˆâ•— â–ˆâ–ˆâ•—     â–ˆâ–ˆâ–ˆâ–ˆâ–ˆâ–ˆâ–ˆâ–ˆâ•—â–ˆâ–ˆâ•—  â–ˆâ–ˆâ•—
â–ˆâ–ˆâ•‘  â–ˆâ–ˆâ•‘â–ˆâ–ˆâ•”â•â•â•â•â•â–ˆâ–ˆâ•”â•â•â–ˆâ–ˆâ•—â–ˆâ–ˆâ•‘     â•šâ•â•â–ˆâ–ˆâ•”â•â•â•â–ˆâ–ˆâ•‘  â–ˆâ–ˆâ•‘
â–ˆâ–ˆâ–ˆâ–ˆâ–ˆâ–ˆâ–ˆâ•‘â–ˆâ–ˆâ–ˆâ–ˆâ–ˆâ•—  â–ˆâ–ˆâ–ˆâ–ˆâ–ˆâ–ˆâ–ˆâ•‘â–ˆâ–ˆâ•‘        â–ˆâ–ˆâ•‘   â–ˆâ–ˆâ–ˆâ–ˆâ–ˆâ–ˆâ–ˆâ•‘
â–ˆâ–ˆâ•”â•â•â–ˆâ–ˆâ•‘â–ˆâ–ˆâ•”â•â•â•  â–ˆâ–ˆâ•”â•â•â–ˆâ–ˆâ•‘â–ˆâ–ˆâ•‘        â–ˆâ–ˆâ•‘   â–ˆâ–ˆâ•”â•â•â–ˆâ–ˆâ•‘
â–ˆâ–ˆâ•‘  â–ˆâ–ˆâ•‘â–ˆâ–ˆâ–ˆâ–ˆâ–ˆâ–ˆâ–ˆâ•—â–ˆâ–ˆâ•‘  â–ˆâ–ˆâ•‘â–ˆâ–ˆâ–ˆâ–ˆâ–ˆâ–ˆâ–ˆâ•—   â–ˆâ–ˆâ•‘   â–ˆâ–ˆâ•‘  â–ˆâ–ˆâ•‘
â•šâ•â•  â•šâ•â•â•šâ•â•â•â•â•â•â•â•šâ•â•  â•šâ•â•â•šâ•â•â•â•â•â•â•   â•šâ•â•   â•šâ•â•  â•šâ•â•

            Developed by Omar Fouad
2025:07:21 07:04:20:warn ===== http://localhost:8080 =====
2025:07:21 07:04:20:info ===========development===========
2025:07:21 07:04:20:info ===========port:8080=============
2025:07:21 07:04:20:info =================================
2025:07:21 07:04:20:info Redis is connected
2025:07:21 07:04:20:info Mongodb is connected to database:health
2025:07:21 07:04:29:info 

â–ˆâ–ˆâ•—  â–ˆâ–ˆâ•—â–ˆâ–ˆâ–ˆâ–ˆâ–ˆâ–ˆâ–ˆâ•— â–ˆâ–ˆâ–ˆâ–ˆâ–ˆâ•— â–ˆâ–ˆâ•—     â–ˆâ–ˆâ–ˆâ–ˆâ–ˆâ–ˆâ–ˆâ–ˆâ•—â–ˆâ–ˆâ•—  â–ˆâ–ˆâ•—
â–ˆâ–ˆâ•‘  â–ˆâ–ˆâ•‘â–ˆâ–ˆâ•”â•â•â•â•â•â–ˆâ–ˆâ•”â•â•â–ˆâ–ˆâ•—â–ˆâ–ˆâ•‘     â•šâ•â•â–ˆâ–ˆâ•”â•â•â•â–ˆâ–ˆâ•‘  â–ˆâ–ˆâ•‘
â–ˆâ–ˆâ–ˆâ–ˆâ–ˆâ–ˆâ–ˆâ•‘â–ˆâ–ˆâ–ˆâ–ˆâ–ˆâ•—  â–ˆâ–ˆâ–ˆâ–ˆâ–ˆâ–ˆâ–ˆâ•‘â–ˆâ–ˆâ•‘        â–ˆâ–ˆâ•‘   â–ˆâ–ˆâ–ˆâ–ˆâ–ˆâ–ˆâ–ˆâ•‘
â–ˆâ–ˆâ•”â•â•â–ˆâ–ˆâ•‘â–ˆâ–ˆâ•”â•â•â•  â–ˆâ–ˆâ•”â•â•â–ˆâ–ˆâ•‘â–ˆâ–ˆâ•‘        â–ˆâ–ˆâ•‘   â–ˆâ–ˆâ•”â•â•â–ˆâ–ˆâ•‘
â–ˆâ–ˆâ•‘  â–ˆâ–ˆâ•‘â–ˆâ–ˆâ–ˆâ–ˆâ–ˆâ–ˆâ–ˆâ•—â–ˆâ–ˆâ•‘  â–ˆâ–ˆâ•‘â–ˆâ–ˆâ–ˆâ–ˆâ–ˆâ–ˆâ–ˆâ•—   â–ˆâ–ˆâ•‘   â–ˆâ–ˆâ•‘  â–ˆâ–ˆâ•‘
â•šâ•â•  â•šâ•â•â•šâ•â•â•â•â•â•â•â•šâ•â•  â•šâ•â•â•šâ•â•â•â•â•â•â•   â•šâ•â•   â•šâ•â•  â•šâ•â•

            Developed by Omar Fouad
2025:07:21 07:04:29:warn ===== http://localhost:8080 =====
2025:07:21 07:04:29:info ===========development===========
2025:07:21 07:04:29:info ===========port:8080=============
2025:07:21 07:04:29:info =================================
2025:07:21 07:04:29:info Redis is connected
2025:07:21 07:04:29:info Mongodb is connected to database:health
2025:07:21 07:04:55:info 

â–ˆâ–ˆâ•—  â–ˆâ–ˆâ•—â–ˆâ–ˆâ–ˆâ–ˆâ–ˆâ–ˆâ–ˆâ•— â–ˆâ–ˆâ–ˆâ–ˆâ–ˆâ•— â–ˆâ–ˆâ•—     â–ˆâ–ˆâ–ˆâ–ˆâ–ˆâ–ˆâ–ˆâ–ˆâ•—â–ˆâ–ˆâ•—  â–ˆâ–ˆâ•—
â–ˆâ–ˆâ•‘  â–ˆâ–ˆâ•‘â–ˆâ–ˆâ•”â•â•â•â•â•â–ˆâ–ˆâ•”â•â•â–ˆâ–ˆâ•—â–ˆâ–ˆâ•‘     â•šâ•â•â–ˆâ–ˆâ•”â•â•â•â–ˆâ–ˆâ•‘  â–ˆâ–ˆâ•‘
â–ˆâ–ˆâ–ˆâ–ˆâ–ˆâ–ˆâ–ˆâ•‘â–ˆâ–ˆâ–ˆâ–ˆâ–ˆâ•—  â–ˆâ–ˆâ–ˆâ–ˆâ–ˆâ–ˆâ–ˆâ•‘â–ˆâ–ˆâ•‘        â–ˆâ–ˆâ•‘   â–ˆâ–ˆâ–ˆâ–ˆâ–ˆâ–ˆâ–ˆâ•‘
â–ˆâ–ˆâ•”â•â•â–ˆâ–ˆâ•‘â–ˆâ–ˆâ•”â•â•â•  â–ˆâ–ˆâ•”â•â•â–ˆâ–ˆâ•‘â–ˆâ–ˆâ•‘        â–ˆâ–ˆâ•‘   â–ˆâ–ˆâ•”â•â•â–ˆâ–ˆâ•‘
â–ˆâ–ˆâ•‘  â–ˆâ–ˆâ•‘â–ˆâ–ˆâ–ˆâ–ˆâ–ˆâ–ˆâ–ˆâ•—â–ˆâ–ˆâ•‘  â–ˆâ–ˆâ•‘â–ˆâ–ˆâ–ˆâ–ˆâ–ˆâ–ˆâ–ˆâ•—   â–ˆâ–ˆâ•‘   â–ˆâ–ˆâ•‘  â–ˆâ–ˆâ•‘
â•šâ•â•  â•šâ•â•â•šâ•â•â•â•â•â•â•â•šâ•â•  â•šâ•â•â•šâ•â•â•â•â•â•â•   â•šâ•â•   â•šâ•â•  â•šâ•â•

            Developed by Omar Fouad
2025:07:21 07:04:55:warn ===== http://localhost:8080 =====
2025:07:21 07:04:55:info ===========development===========
2025:07:21 07:04:55:info ===========port:8080=============
2025:07:21 07:04:55:info =================================
2025:07:21 07:04:55:info Redis is connected
2025:07:21 07:04:55:info Mongodb is connected to database:health
2025:07:21 07:05:02:info 

â–ˆâ–ˆâ•—  â–ˆâ–ˆâ•—â–ˆâ–ˆâ–ˆâ–ˆâ–ˆâ–ˆâ–ˆâ•— â–ˆâ–ˆâ–ˆâ–ˆâ–ˆâ•— â–ˆâ–ˆâ•—     â–ˆâ–ˆâ–ˆâ–ˆâ–ˆâ–ˆâ–ˆâ–ˆâ•—â–ˆâ–ˆâ•—  â–ˆâ–ˆâ•—
â–ˆâ–ˆâ•‘  â–ˆâ–ˆâ•‘â–ˆâ–ˆâ•”â•â•â•â•â•â–ˆâ–ˆâ•”â•â•â–ˆâ–ˆâ•—â–ˆâ–ˆâ•‘     â•šâ•â•â–ˆâ–ˆâ•”â•â•â•â–ˆâ–ˆâ•‘  â–ˆâ–ˆâ•‘
â–ˆâ–ˆâ–ˆâ–ˆâ–ˆâ–ˆâ–ˆâ•‘â–ˆâ–ˆâ–ˆâ–ˆâ–ˆâ•—  â–ˆâ–ˆâ–ˆâ–ˆâ–ˆâ–ˆâ–ˆâ•‘â–ˆâ–ˆâ•‘        â–ˆâ–ˆâ•‘   â–ˆâ–ˆâ–ˆâ–ˆâ–ˆâ–ˆâ–ˆâ•‘
â–ˆâ–ˆâ•”â•â•â–ˆâ–ˆâ•‘â–ˆâ–ˆâ•”â•â•â•  â–ˆâ–ˆâ•”â•â•â–ˆâ–ˆâ•‘â–ˆâ–ˆâ•‘        â–ˆâ–ˆâ•‘   â–ˆâ–ˆâ•”â•â•â–ˆâ–ˆâ•‘
â–ˆâ–ˆâ•‘  â–ˆâ–ˆâ•‘â–ˆâ–ˆâ–ˆâ–ˆâ–ˆâ–ˆâ–ˆâ•—â–ˆâ–ˆâ•‘  â–ˆâ–ˆâ•‘â–ˆâ–ˆâ–ˆâ–ˆâ–ˆâ–ˆâ–ˆâ•—   â–ˆâ–ˆâ•‘   â–ˆâ–ˆâ•‘  â–ˆâ–ˆâ•‘
â•šâ•â•  â•šâ•â•â•šâ•â•â•â•â•â•â•â•šâ•â•  â•šâ•â•â•šâ•â•â•â•â•â•â•   â•šâ•â•   â•šâ•â•  â•šâ•â•

            Developed by Omar Fouad
2025:07:21 07:05:02:warn ===== http://localhost:8080 =====
2025:07:21 07:05:02:info ===========development===========
2025:07:21 07:05:02:info ===========port:8080=============
2025:07:21 07:05:02:info =================================
2025:07:21 07:05:02:info Redis is connected
2025:07:21 07:05:02:info Mongodb is connected to database:health
2025:07:21 07:05:09:info 

â–ˆâ–ˆâ•—  â–ˆâ–ˆâ•—â–ˆâ–ˆâ–ˆâ–ˆâ–ˆâ–ˆâ–ˆâ•— â–ˆâ–ˆâ–ˆâ–ˆâ–ˆâ•— â–ˆâ–ˆâ•—     â–ˆâ–ˆâ–ˆâ–ˆâ–ˆâ–ˆâ–ˆâ–ˆâ•—â–ˆâ–ˆâ•—  â–ˆâ–ˆâ•—
â–ˆâ–ˆâ•‘  â–ˆâ–ˆâ•‘â–ˆâ–ˆâ•”â•â•â•â•â•â–ˆâ–ˆâ•”â•â•â–ˆâ–ˆâ•—â–ˆâ–ˆâ•‘     â•šâ•â•â–ˆâ–ˆâ•”â•â•â•â–ˆâ–ˆâ•‘  â–ˆâ–ˆâ•‘
â–ˆâ–ˆâ–ˆâ–ˆâ–ˆâ–ˆâ–ˆâ•‘â–ˆâ–ˆâ–ˆâ–ˆâ–ˆâ•—  â–ˆâ–ˆâ–ˆâ–ˆâ–ˆâ–ˆâ–ˆâ•‘â–ˆâ–ˆâ•‘        â–ˆâ–ˆâ•‘   â–ˆâ–ˆâ–ˆâ–ˆâ–ˆâ–ˆâ–ˆâ•‘
â–ˆâ–ˆâ•”â•â•â–ˆâ–ˆâ•‘â–ˆâ–ˆâ•”â•â•â•  â–ˆâ–ˆâ•”â•â•â–ˆâ–ˆâ•‘â–ˆâ–ˆâ•‘        â–ˆâ–ˆâ•‘   â–ˆâ–ˆâ•”â•â•â–ˆâ–ˆâ•‘
â–ˆâ–ˆâ•‘  â–ˆâ–ˆâ•‘â–ˆâ–ˆâ–ˆâ–ˆâ–ˆâ–ˆâ–ˆâ•—â–ˆâ–ˆâ•‘  â–ˆâ–ˆâ•‘â–ˆâ–ˆâ–ˆâ–ˆâ–ˆâ–ˆâ–ˆâ•—   â–ˆâ–ˆâ•‘   â–ˆâ–ˆâ•‘  â–ˆâ–ˆâ•‘
â•šâ•â•  â•šâ•â•â•šâ•â•â•â•â•â•â•â•šâ•â•  â•šâ•â•â•šâ•â•â•â•â•â•â•   â•šâ•â•   â•šâ•â•  â•šâ•â•

            Developed by Omar Fouad
2025:07:21 07:05:09:warn ===== http://localhost:8080 =====
2025:07:21 07:05:09:info ===========development===========
2025:07:21 07:05:09:info ===========port:8080=============
2025:07:21 07:05:09:info =================================
2025:07:21 07:05:09:info Redis is connected
2025:07:21 07:05:09:info Mongodb is connected to database:health
2025:07:21 07:05:14:info 

â–ˆâ–ˆâ•—  â–ˆâ–ˆâ•—â–ˆâ–ˆâ–ˆâ–ˆâ–ˆâ–ˆâ–ˆâ•— â–ˆâ–ˆâ–ˆâ–ˆâ–ˆâ•— â–ˆâ–ˆâ•—     â–ˆâ–ˆâ–ˆâ–ˆâ–ˆâ–ˆâ–ˆâ–ˆâ•—â–ˆâ–ˆâ•—  â–ˆâ–ˆâ•—
â–ˆâ–ˆâ•‘  â–ˆâ–ˆâ•‘â–ˆâ–ˆâ•”â•â•â•â•â•â–ˆâ–ˆâ•”â•â•â–ˆâ–ˆâ•—â–ˆâ–ˆâ•‘     â•šâ•â•â–ˆâ–ˆâ•”â•â•â•â–ˆâ–ˆâ•‘  â–ˆâ–ˆâ•‘
â–ˆâ–ˆâ–ˆâ–ˆâ–ˆâ–ˆâ–ˆâ•‘â–ˆâ–ˆâ–ˆâ–ˆâ–ˆâ•—  â–ˆâ–ˆâ–ˆâ–ˆâ–ˆâ–ˆâ–ˆâ•‘â–ˆâ–ˆâ•‘        â–ˆâ–ˆâ•‘   â–ˆâ–ˆâ–ˆâ–ˆâ–ˆâ–ˆâ–ˆâ•‘
â–ˆâ–ˆâ•”â•â•â–ˆâ–ˆâ•‘â–ˆâ–ˆâ•”â•â•â•  â–ˆâ–ˆâ•”â•â•â–ˆâ–ˆâ•‘â–ˆâ–ˆâ•‘        â–ˆâ–ˆâ•‘   â–ˆâ–ˆâ•”â•â•â–ˆâ–ˆâ•‘
â–ˆâ–ˆâ•‘  â–ˆâ–ˆâ•‘â–ˆâ–ˆâ–ˆâ–ˆâ–ˆâ–ˆâ–ˆâ•—â–ˆâ–ˆâ•‘  â–ˆâ–ˆâ•‘â–ˆâ–ˆâ–ˆâ–ˆâ–ˆâ–ˆâ–ˆâ•—   â–ˆâ–ˆâ•‘   â–ˆâ–ˆâ•‘  â–ˆâ–ˆâ•‘
â•šâ•â•  â•šâ•â•â•šâ•â•â•â•â•â•â•â•šâ•â•  â•šâ•â•â•šâ•â•â•â•â•â•â•   â•šâ•â•   â•šâ•â•  â•šâ•â•

            Developed by Omar Fouad
2025:07:21 07:05:14:warn ===== http://localhost:8080 =====
2025:07:21 07:05:14:info ===========development===========
2025:07:21 07:05:14:info ===========port:8080=============
2025:07:21 07:05:14:info =================================
2025:07:21 07:05:14:info Redis is connected
2025:07:21 07:05:14:info Mongodb is connected to database:health
2025:07:21 07:05:22:info 

â–ˆâ–ˆâ•—  â–ˆâ–ˆâ•—â–ˆâ–ˆâ–ˆâ–ˆâ–ˆâ–ˆâ–ˆâ•— â–ˆâ–ˆâ–ˆâ–ˆâ–ˆâ•— â–ˆâ–ˆâ•—     â–ˆâ–ˆâ–ˆâ–ˆâ–ˆâ–ˆâ–ˆâ–ˆâ•—â–ˆâ–ˆâ•—  â–ˆâ–ˆâ•—
â–ˆâ–ˆâ•‘  â–ˆâ–ˆâ•‘â–ˆâ–ˆâ•”â•â•â•â•â•â–ˆâ–ˆâ•”â•â•â–ˆâ–ˆâ•—â–ˆâ–ˆâ•‘     â•šâ•â•â–ˆâ–ˆâ•”â•â•â•â–ˆâ–ˆâ•‘  â–ˆâ–ˆâ•‘
â–ˆâ–ˆâ–ˆâ–ˆâ–ˆâ–ˆâ–ˆâ•‘â–ˆâ–ˆâ–ˆâ–ˆâ–ˆâ•—  â–ˆâ–ˆâ–ˆâ–ˆâ–ˆâ–ˆâ–ˆâ•‘â–ˆâ–ˆâ•‘        â–ˆâ–ˆâ•‘   â–ˆâ–ˆâ–ˆâ–ˆâ–ˆâ–ˆâ–ˆâ•‘
â–ˆâ–ˆâ•”â•â•â–ˆâ–ˆâ•‘â–ˆâ–ˆâ•”â•â•â•  â–ˆâ–ˆâ•”â•â•â–ˆâ–ˆâ•‘â–ˆâ–ˆâ•‘        â–ˆâ–ˆâ•‘   â–ˆâ–ˆâ•”â•â•â–ˆâ–ˆâ•‘
â–ˆâ–ˆâ•‘  â–ˆâ–ˆâ•‘â–ˆâ–ˆâ–ˆâ–ˆâ–ˆâ–ˆâ–ˆâ•—â–ˆâ–ˆâ•‘  â–ˆâ–ˆâ•‘â–ˆâ–ˆâ–ˆâ–ˆâ–ˆâ–ˆâ–ˆâ•—   â–ˆâ–ˆâ•‘   â–ˆâ–ˆâ•‘  â–ˆâ–ˆâ•‘
â•šâ•â•  â•šâ•â•â•šâ•â•â•â•â•â•â•â•šâ•â•  â•šâ•â•â•šâ•â•â•â•â•â•â•   â•šâ•â•   â•šâ•â•  â•šâ•â•

            Developed by Omar Fouad
2025:07:21 07:05:22:warn ===== http://localhost:8080 =====
2025:07:21 07:05:22:info ===========development===========
2025:07:21 07:05:22:info ===========port:8080=============
2025:07:21 07:05:22:info =================================
2025:07:21 07:05:22:info Redis is connected
2025:07:21 07:05:22:info Mongodb is connected to database:health
2025:07:21 07:05:37:info 

â–ˆâ–ˆâ•—  â–ˆâ–ˆâ•—â–ˆâ–ˆâ–ˆâ–ˆâ–ˆâ–ˆâ–ˆâ•— â–ˆâ–ˆâ–ˆâ–ˆâ–ˆâ•— â–ˆâ–ˆâ•—     â–ˆâ–ˆâ–ˆâ–ˆâ–ˆâ–ˆâ–ˆâ–ˆâ•—â–ˆâ–ˆâ•—  â–ˆâ–ˆâ•—
â–ˆâ–ˆâ•‘  â–ˆâ–ˆâ•‘â–ˆâ–ˆâ•”â•â•â•â•â•â–ˆâ–ˆâ•”â•â•â–ˆâ–ˆâ•—â–ˆâ–ˆâ•‘     â•šâ•â•â–ˆâ–ˆâ•”â•â•â•â–ˆâ–ˆâ•‘  â–ˆâ–ˆâ•‘
â–ˆâ–ˆâ–ˆâ–ˆâ–ˆâ–ˆâ–ˆâ•‘â–ˆâ–ˆâ–ˆâ–ˆâ–ˆâ•—  â–ˆâ–ˆâ–ˆâ–ˆâ–ˆâ–ˆâ–ˆâ•‘â–ˆâ–ˆâ•‘        â–ˆâ–ˆâ•‘   â–ˆâ–ˆâ–ˆâ–ˆâ–ˆâ–ˆâ–ˆâ•‘
â–ˆâ–ˆâ•”â•â•â–ˆâ–ˆâ•‘â–ˆâ–ˆâ•”â•â•â•  â–ˆâ–ˆâ•”â•â•â–ˆâ–ˆâ•‘â–ˆâ–ˆâ•‘        â–ˆâ–ˆâ•‘   â–ˆâ–ˆâ•”â•â•â–ˆâ–ˆâ•‘
â–ˆâ–ˆâ•‘  â–ˆâ–ˆâ•‘â–ˆâ–ˆâ–ˆâ–ˆâ–ˆâ–ˆâ–ˆâ•—â–ˆâ–ˆâ•‘  â–ˆâ–ˆâ•‘â–ˆâ–ˆâ–ˆâ–ˆâ–ˆâ–ˆâ–ˆâ•—   â–ˆâ–ˆâ•‘   â–ˆâ–ˆâ•‘  â–ˆâ–ˆâ•‘
â•šâ•â•  â•šâ•â•â•šâ•â•â•â•â•â•â•â•šâ•â•  â•šâ•â•â•šâ•â•â•â•â•â•â•   â•šâ•â•   â•šâ•â•  â•šâ•â•

            Developed by Omar Fouad
2025:07:21 07:05:37:warn ===== http://localhost:8080 =====
2025:07:21 07:05:37:info ===========development===========
2025:07:21 07:05:37:info ===========port:8080=============
2025:07:21 07:05:37:info =================================
2025:07:21 07:05:37:info Redis is connected
2025:07:21 07:05:37:info Mongodb is connected to database:health
2025:07:21 07:05:42:info 

â–ˆâ–ˆâ•—  â–ˆâ–ˆâ•—â–ˆâ–ˆâ–ˆâ–ˆâ–ˆâ–ˆâ–ˆâ•— â–ˆâ–ˆâ–ˆâ–ˆâ–ˆâ•— â–ˆâ–ˆâ•—     â–ˆâ–ˆâ–ˆâ–ˆâ–ˆâ–ˆâ–ˆâ–ˆâ•—â–ˆâ–ˆâ•—  â–ˆâ–ˆâ•—
â–ˆâ–ˆâ•‘  â–ˆâ–ˆâ•‘â–ˆâ–ˆâ•”â•â•â•â•â•â–ˆâ–ˆâ•”â•â•â–ˆâ–ˆâ•—â–ˆâ–ˆâ•‘     â•šâ•â•â–ˆâ–ˆâ•”â•â•â•â–ˆâ–ˆâ•‘  â–ˆâ–ˆâ•‘
â–ˆâ–ˆâ–ˆâ–ˆâ–ˆâ–ˆâ–ˆâ•‘â–ˆâ–ˆâ–ˆâ–ˆâ–ˆâ•—  â–ˆâ–ˆâ–ˆâ–ˆâ–ˆâ–ˆâ–ˆâ•‘â–ˆâ–ˆâ•‘        â–ˆâ–ˆâ•‘   â–ˆâ–ˆâ–ˆâ–ˆâ–ˆâ–ˆâ–ˆâ•‘
â–ˆâ–ˆâ•”â•â•â–ˆâ–ˆâ•‘â–ˆâ–ˆâ•”â•â•â•  â–ˆâ–ˆâ•”â•â•â–ˆâ–ˆâ•‘â–ˆâ–ˆâ•‘        â–ˆâ–ˆâ•‘   â–ˆâ–ˆâ•”â•â•â–ˆâ–ˆâ•‘
â–ˆâ–ˆâ•‘  â–ˆâ–ˆâ•‘â–ˆâ–ˆâ–ˆâ–ˆâ–ˆâ–ˆâ–ˆâ•—â–ˆâ–ˆâ•‘  â–ˆâ–ˆâ•‘â–ˆâ–ˆâ–ˆâ–ˆâ–ˆâ–ˆâ–ˆâ•—   â–ˆâ–ˆâ•‘   â–ˆâ–ˆâ•‘  â–ˆâ–ˆâ•‘
â•šâ•â•  â•šâ•â•â•šâ•â•â•â•â•â•â•â•šâ•â•  â•šâ•â•â•šâ•â•â•â•â•â•â•   â•šâ•â•   â•šâ•â•  â•šâ•â•

            Developed by Omar Fouad
2025:07:21 07:05:42:warn ===== http://localhost:8080 =====
2025:07:21 07:05:42:info ===========development===========
2025:07:21 07:05:42:info ===========port:8080=============
2025:07:21 07:05:42:info =================================
2025:07:21 07:05:42:info Redis is connected
2025:07:21 07:05:42:info Mongodb is connected to database:health
2025:07:21 07:06:33:info 

â–ˆâ–ˆâ•—  â–ˆâ–ˆâ•—â–ˆâ–ˆâ–ˆâ–ˆâ–ˆâ–ˆâ–ˆâ•— â–ˆâ–ˆâ–ˆâ–ˆâ–ˆâ•— â–ˆâ–ˆâ•—     â–ˆâ–ˆâ–ˆâ–ˆâ–ˆâ–ˆâ–ˆâ–ˆâ•—â–ˆâ–ˆâ•—  â–ˆâ–ˆâ•—
â–ˆâ–ˆâ•‘  â–ˆâ–ˆâ•‘â–ˆâ–ˆâ•”â•â•â•â•â•â–ˆâ–ˆâ•”â•â•â–ˆâ–ˆâ•—â–ˆâ–ˆâ•‘     â•šâ•â•â–ˆâ–ˆâ•”â•â•â•â–ˆâ–ˆâ•‘  â–ˆâ–ˆâ•‘
â–ˆâ–ˆâ–ˆâ–ˆâ–ˆâ–ˆâ–ˆâ•‘â–ˆâ–ˆâ–ˆâ–ˆâ–ˆâ•—  â–ˆâ–ˆâ–ˆâ–ˆâ–ˆâ–ˆâ–ˆâ•‘â–ˆâ–ˆâ•‘        â–ˆâ–ˆâ•‘   â–ˆâ–ˆâ–ˆâ–ˆâ–ˆâ–ˆâ–ˆâ•‘
â–ˆâ–ˆâ•”â•â•â–ˆâ–ˆâ•‘â–ˆâ–ˆâ•”â•â•â•  â–ˆâ–ˆâ•”â•â•â–ˆâ–ˆâ•‘â–ˆâ–ˆâ•‘        â–ˆâ–ˆâ•‘   â–ˆâ–ˆâ•”â•â•â–ˆâ–ˆâ•‘
â–ˆâ–ˆâ•‘  â–ˆâ–ˆâ•‘â–ˆâ–ˆâ–ˆâ–ˆâ–ˆâ–ˆâ–ˆâ•—â–ˆâ–ˆâ•‘  â–ˆâ–ˆâ•‘â–ˆâ–ˆâ–ˆâ–ˆâ–ˆâ–ˆâ–ˆâ•—   â–ˆâ–ˆâ•‘   â–ˆâ–ˆâ•‘  â–ˆâ–ˆâ•‘
â•šâ•â•  â•šâ•â•â•šâ•â•â•â•â•â•â•â•šâ•â•  â•šâ•â•â•šâ•â•â•â•â•â•â•   â•šâ•â•   â•šâ•â•  â•šâ•â•

            Developed by Omar Fouad
2025:07:21 07:06:33:warn ===== http://localhost:8080 =====
2025:07:21 07:06:33:info ===========development===========
2025:07:21 07:06:33:info ===========port:8080=============
2025:07:21 07:06:33:info =================================
2025:07:21 07:06:33:info Redis is connected
2025:07:21 07:06:33:info Mongodb is connected to database:health
2025:07:21 07:06:52:info 

â–ˆâ–ˆâ•—  â–ˆâ–ˆâ•—â–ˆâ–ˆâ–ˆâ–ˆâ–ˆâ–ˆâ–ˆâ•— â–ˆâ–ˆâ–ˆâ–ˆâ–ˆâ•— â–ˆâ–ˆâ•—     â–ˆâ–ˆâ–ˆâ–ˆâ–ˆâ–ˆâ–ˆâ–ˆâ•—â–ˆâ–ˆâ•—  â–ˆâ–ˆâ•—
â–ˆâ–ˆâ•‘  â–ˆâ–ˆâ•‘â–ˆâ–ˆâ•”â•â•â•â•â•â–ˆâ–ˆâ•”â•â•â–ˆâ–ˆâ•—â–ˆâ–ˆâ•‘     â•šâ•â•â–ˆâ–ˆâ•”â•â•â•â–ˆâ–ˆâ•‘  â–ˆâ–ˆâ•‘
â–ˆâ–ˆâ–ˆâ–ˆâ–ˆâ–ˆâ–ˆâ•‘â–ˆâ–ˆâ–ˆâ–ˆâ–ˆâ•—  â–ˆâ–ˆâ–ˆâ–ˆâ–ˆâ–ˆâ–ˆâ•‘â–ˆâ–ˆâ•‘        â–ˆâ–ˆâ•‘   â–ˆâ–ˆâ–ˆâ–ˆâ–ˆâ–ˆâ–ˆâ•‘
â–ˆâ–ˆâ•”â•â•â–ˆâ–ˆâ•‘â–ˆâ–ˆâ•”â•â•â•  â–ˆâ–ˆâ•”â•â•â–ˆâ–ˆâ•‘â–ˆâ–ˆâ•‘        â–ˆâ–ˆâ•‘   â–ˆâ–ˆâ•”â•â•â–ˆâ–ˆâ•‘
â–ˆâ–ˆâ•‘  â–ˆâ–ˆâ•‘â–ˆâ–ˆâ–ˆâ–ˆâ–ˆâ–ˆâ–ˆâ•—â–ˆâ–ˆâ•‘  â–ˆâ–ˆâ•‘â–ˆâ–ˆâ–ˆâ–ˆâ–ˆâ–ˆâ–ˆâ•—   â–ˆâ–ˆâ•‘   â–ˆâ–ˆâ•‘  â–ˆâ–ˆâ•‘
â•šâ•â•  â•šâ•â•â•šâ•â•â•â•â•â•â•â•šâ•â•  â•šâ•â•â•šâ•â•â•â•â•â•â•   â•šâ•â•   â•šâ•â•  â•šâ•â•

            Developed by Omar Fouad
2025:07:21 07:06:52:warn ===== http://localhost:8080 =====
2025:07:21 07:06:52:info ===========development===========
2025:07:21 07:06:52:info ===========port:8080=============
2025:07:21 07:06:52:info =================================
2025:07:21 07:06:52:info Redis is connected
2025:07:21 07:06:52:info Mongodb is connected to database:health
2025:07:21 07:07:25:info 

â–ˆâ–ˆâ•—  â–ˆâ–ˆâ•—â–ˆâ–ˆâ–ˆâ–ˆâ–ˆâ–ˆâ–ˆâ•— â–ˆâ–ˆâ–ˆâ–ˆâ–ˆâ•— â–ˆâ–ˆâ•—     â–ˆâ–ˆâ–ˆâ–ˆâ–ˆâ–ˆâ–ˆâ–ˆâ•—â–ˆâ–ˆâ•—  â–ˆâ–ˆâ•—
â–ˆâ–ˆâ•‘  â–ˆâ–ˆâ•‘â–ˆâ–ˆâ•”â•â•â•â•â•â–ˆâ–ˆâ•”â•â•â–ˆâ–ˆâ•—â–ˆâ–ˆâ•‘     â•šâ•â•â–ˆâ–ˆâ•”â•â•â•â–ˆâ–ˆâ•‘  â–ˆâ–ˆâ•‘
â–ˆâ–ˆâ–ˆâ–ˆâ–ˆâ–ˆâ–ˆâ•‘â–ˆâ–ˆâ–ˆâ–ˆâ–ˆâ•—  â–ˆâ–ˆâ–ˆâ–ˆâ–ˆâ–ˆâ–ˆâ•‘â–ˆâ–ˆâ•‘        â–ˆâ–ˆâ•‘   â–ˆâ–ˆâ–ˆâ–ˆâ–ˆâ–ˆâ–ˆâ•‘
â–ˆâ–ˆâ•”â•â•â–ˆâ–ˆâ•‘â–ˆâ–ˆâ•”â•â•â•  â–ˆâ–ˆâ•”â•â•â–ˆâ–ˆâ•‘â–ˆâ–ˆâ•‘        â–ˆâ–ˆâ•‘   â–ˆâ–ˆâ•”â•â•â–ˆâ–ˆâ•‘
â–ˆâ–ˆâ•‘  â–ˆâ–ˆâ•‘â–ˆâ–ˆâ–ˆâ–ˆâ–ˆâ–ˆâ–ˆâ•—â–ˆâ–ˆâ•‘  â–ˆâ–ˆâ•‘â–ˆâ–ˆâ–ˆâ–ˆâ–ˆâ–ˆâ–ˆâ•—   â–ˆâ–ˆâ•‘   â–ˆâ–ˆâ•‘  â–ˆâ–ˆâ•‘
â•šâ•â•  â•šâ•â•â•šâ•â•â•â•â•â•â•â•šâ•â•  â•šâ•â•â•šâ•â•â•â•â•â•â•   â•šâ•â•   â•šâ•â•  â•šâ•â•

            Developed by Omar Fouad
2025:07:21 07:07:25:warn ===== http://localhost:8080 =====
2025:07:21 07:07:25:info ===========development===========
2025:07:21 07:07:25:info ===========port:8080=============
2025:07:21 07:07:25:info =================================
2025:07:21 07:07:25:info Redis is connected
2025:07:21 07:07:25:info Mongodb is connected to database:health
2025:07:21 07:07:54:info 

â–ˆâ–ˆâ•—  â–ˆâ–ˆâ•—â–ˆâ–ˆâ–ˆâ–ˆâ–ˆâ–ˆâ–ˆâ•— â–ˆâ–ˆâ–ˆâ–ˆâ–ˆâ•— â–ˆâ–ˆâ•—     â–ˆâ–ˆâ–ˆâ–ˆâ–ˆâ–ˆâ–ˆâ–ˆâ•—â–ˆâ–ˆâ•—  â–ˆâ–ˆâ•—
â–ˆâ–ˆâ•‘  â–ˆâ–ˆâ•‘â–ˆâ–ˆâ•”â•â•â•â•â•â–ˆâ–ˆâ•”â•â•â–ˆâ–ˆâ•—â–ˆâ–ˆâ•‘     â•šâ•â•â–ˆâ–ˆâ•”â•â•â•â–ˆâ–ˆâ•‘  â–ˆâ–ˆâ•‘
â–ˆâ–ˆâ–ˆâ–ˆâ–ˆâ–ˆâ–ˆâ•‘â–ˆâ–ˆâ–ˆâ–ˆâ–ˆâ•—  â–ˆâ–ˆâ–ˆâ–ˆâ–ˆâ–ˆâ–ˆâ•‘â–ˆâ–ˆâ•‘        â–ˆâ–ˆâ•‘   â–ˆâ–ˆâ–ˆâ–ˆâ–ˆâ–ˆâ–ˆâ•‘
â–ˆâ–ˆâ•”â•â•â–ˆâ–ˆâ•‘â–ˆâ–ˆâ•”â•â•â•  â–ˆâ–ˆâ•”â•â•â–ˆâ–ˆâ•‘â–ˆâ–ˆâ•‘        â–ˆâ–ˆâ•‘   â–ˆâ–ˆâ•”â•â•â–ˆâ–ˆâ•‘
â–ˆâ–ˆâ•‘  â–ˆâ–ˆâ•‘â–ˆâ–ˆâ–ˆâ–ˆâ–ˆâ–ˆâ–ˆâ•—â–ˆâ–ˆâ•‘  â–ˆâ–ˆâ•‘â–ˆâ–ˆâ–ˆâ–ˆâ–ˆâ–ˆâ–ˆâ•—   â–ˆâ–ˆâ•‘   â–ˆâ–ˆâ•‘  â–ˆâ–ˆâ•‘
â•šâ•â•  â•šâ•â•â•šâ•â•â•â•â•â•â•â•šâ•â•  â•šâ•â•â•šâ•â•â•â•â•â•â•   â•šâ•â•   â•šâ•â•  â•šâ•â•

            Developed by Omar Fouad
2025:07:21 07:07:54:warn ===== http://localhost:8080 =====
2025:07:21 07:07:54:info ===========development===========
2025:07:21 07:07:54:info ===========port:8080=============
2025:07:21 07:07:54:info =================================
2025:07:21 07:07:55:info Redis is connected
2025:07:21 07:07:55:info Mongodb is connected to database:health
2025:07:21 07:08:00:info 

â–ˆâ–ˆâ•—  â–ˆâ–ˆâ•—â–ˆâ–ˆâ–ˆâ–ˆâ–ˆâ–ˆâ–ˆâ•— â–ˆâ–ˆâ–ˆâ–ˆâ–ˆâ•— â–ˆâ–ˆâ•—     â–ˆâ–ˆâ–ˆâ–ˆâ–ˆâ–ˆâ–ˆâ–ˆâ•—â–ˆâ–ˆâ•—  â–ˆâ–ˆâ•—
â–ˆâ–ˆâ•‘  â–ˆâ–ˆâ•‘â–ˆâ–ˆâ•”â•â•â•â•â•â–ˆâ–ˆâ•”â•â•â–ˆâ–ˆâ•—â–ˆâ–ˆâ•‘     â•šâ•â•â–ˆâ–ˆâ•”â•â•â•â–ˆâ–ˆâ•‘  â–ˆâ–ˆâ•‘
â–ˆâ–ˆâ–ˆâ–ˆâ–ˆâ–ˆâ–ˆâ•‘â–ˆâ–ˆâ–ˆâ–ˆâ–ˆâ•—  â–ˆâ–ˆâ–ˆâ–ˆâ–ˆâ–ˆâ–ˆâ•‘â–ˆâ–ˆâ•‘        â–ˆâ–ˆâ•‘   â–ˆâ–ˆâ–ˆâ–ˆâ–ˆâ–ˆâ–ˆâ•‘
â–ˆâ–ˆâ•”â•â•â–ˆâ–ˆâ•‘â–ˆâ–ˆâ•”â•â•â•  â–ˆâ–ˆâ•”â•â•â–ˆâ–ˆâ•‘â–ˆâ–ˆâ•‘        â–ˆâ–ˆâ•‘   â–ˆâ–ˆâ•”â•â•â–ˆâ–ˆâ•‘
â–ˆâ–ˆâ•‘  â–ˆâ–ˆâ•‘â–ˆâ–ˆâ–ˆâ–ˆâ–ˆâ–ˆâ–ˆâ•—â–ˆâ–ˆâ•‘  â–ˆâ–ˆâ•‘â–ˆâ–ˆâ–ˆâ–ˆâ–ˆâ–ˆâ–ˆâ•—   â–ˆâ–ˆâ•‘   â–ˆâ–ˆâ•‘  â–ˆâ–ˆâ•‘
â•šâ•â•  â•šâ•â•â•šâ•â•â•â•â•â•â•â•šâ•â•  â•šâ•â•â•šâ•â•â•â•â•â•â•   â•šâ•â•   â•šâ•â•  â•šâ•â•

            Developed by Omar Fouad
2025:07:21 07:08:00:warn ===== http://localhost:8080 =====
2025:07:21 07:08:00:info ===========development===========
2025:07:21 07:08:00:info ===========port:8080=============
2025:07:21 07:08:00:info =================================
2025:07:21 07:08:00:info Redis is connected
2025:07:21 07:08:00:info Mongodb is connected to database:health
2025:07:21 07:08:16:info 

â–ˆâ–ˆâ•—  â–ˆâ–ˆâ•—â–ˆâ–ˆâ–ˆâ–ˆâ–ˆâ–ˆâ–ˆâ•— â–ˆâ–ˆâ–ˆâ–ˆâ–ˆâ•— â–ˆâ–ˆâ•—     â–ˆâ–ˆâ–ˆâ–ˆâ–ˆâ–ˆâ–ˆâ–ˆâ•—â–ˆâ–ˆâ•—  â–ˆâ–ˆâ•—
â–ˆâ–ˆâ•‘  â–ˆâ–ˆâ•‘â–ˆâ–ˆâ•”â•â•â•â•â•â–ˆâ–ˆâ•”â•â•â–ˆâ–ˆâ•—â–ˆâ–ˆâ•‘     â•šâ•â•â–ˆâ–ˆâ•”â•â•â•â–ˆâ–ˆâ•‘  â–ˆâ–ˆâ•‘
â–ˆâ–ˆâ–ˆâ–ˆâ–ˆâ–ˆâ–ˆâ•‘â–ˆâ–ˆâ–ˆâ–ˆâ–ˆâ•—  â–ˆâ–ˆâ–ˆâ–ˆâ–ˆâ–ˆâ–ˆâ•‘â–ˆâ–ˆâ•‘        â–ˆâ–ˆâ•‘   â–ˆâ–ˆâ–ˆâ–ˆâ–ˆâ–ˆâ–ˆâ•‘
â–ˆâ–ˆâ•”â•â•â–ˆâ–ˆâ•‘â–ˆâ–ˆâ•”â•â•â•  â–ˆâ–ˆâ•”â•â•â–ˆâ–ˆâ•‘â–ˆâ–ˆâ•‘        â–ˆâ–ˆâ•‘   â–ˆâ–ˆâ•”â•â•â–ˆâ–ˆâ•‘
â–ˆâ–ˆâ•‘  â–ˆâ–ˆâ•‘â–ˆâ–ˆâ–ˆâ–ˆâ–ˆâ–ˆâ–ˆâ•—â–ˆâ–ˆâ•‘  â–ˆâ–ˆâ•‘â–ˆâ–ˆâ–ˆâ–ˆâ–ˆâ–ˆâ–ˆâ•—   â–ˆâ–ˆâ•‘   â–ˆâ–ˆâ•‘  â–ˆâ–ˆâ•‘
â•šâ•â•  â•šâ•â•â•šâ•â•â•â•â•â•â•â•šâ•â•  â•šâ•â•â•šâ•â•â•â•â•â•â•   â•šâ•â•   â•šâ•â•  â•šâ•â•

            Developed by Omar Fouad
2025:07:21 07:08:16:warn ===== http://localhost:8080 =====
2025:07:21 07:08:16:info ===========development===========
2025:07:21 07:08:16:info ===========port:8080=============
2025:07:21 07:08:16:info =================================
2025:07:21 07:08:16:info Redis is connected
2025:07:21 07:08:16:info Mongodb is connected to database:health
2025:07:21 07:08:28:info 

â–ˆâ–ˆâ•—  â–ˆâ–ˆâ•—â–ˆâ–ˆâ–ˆâ–ˆâ–ˆâ–ˆâ–ˆâ•— â–ˆâ–ˆâ–ˆâ–ˆâ–ˆâ•— â–ˆâ–ˆâ•—     â–ˆâ–ˆâ–ˆâ–ˆâ–ˆâ–ˆâ–ˆâ–ˆâ•—â–ˆâ–ˆâ•—  â–ˆâ–ˆâ•—
â–ˆâ–ˆâ•‘  â–ˆâ–ˆâ•‘â–ˆâ–ˆâ•”â•â•â•â•â•â–ˆâ–ˆâ•”â•â•â–ˆâ–ˆâ•—â–ˆâ–ˆâ•‘     â•šâ•â•â–ˆâ–ˆâ•”â•â•â•â–ˆâ–ˆâ•‘  â–ˆâ–ˆâ•‘
â–ˆâ–ˆâ–ˆâ–ˆâ–ˆâ–ˆâ–ˆâ•‘â–ˆâ–ˆâ–ˆâ–ˆâ–ˆâ•—  â–ˆâ–ˆâ–ˆâ–ˆâ–ˆâ–ˆâ–ˆâ•‘â–ˆâ–ˆâ•‘        â–ˆâ–ˆâ•‘   â–ˆâ–ˆâ–ˆâ–ˆâ–ˆâ–ˆâ–ˆâ•‘
â–ˆâ–ˆâ•”â•â•â–ˆâ–ˆâ•‘â–ˆâ–ˆâ•”â•â•â•  â–ˆâ–ˆâ•”â•â•â–ˆâ–ˆâ•‘â–ˆâ–ˆâ•‘        â–ˆâ–ˆâ•‘   â–ˆâ–ˆâ•”â•â•â–ˆâ–ˆâ•‘
â–ˆâ–ˆâ•‘  â–ˆâ–ˆâ•‘â–ˆâ–ˆâ–ˆâ–ˆâ–ˆâ–ˆâ–ˆâ•—â–ˆâ–ˆâ•‘  â–ˆâ–ˆâ•‘â–ˆâ–ˆâ–ˆâ–ˆâ–ˆâ–ˆâ–ˆâ•—   â–ˆâ–ˆâ•‘   â–ˆâ–ˆâ•‘  â–ˆâ–ˆâ•‘
â•šâ•â•  â•šâ•â•â•šâ•â•â•â•â•â•â•â•šâ•â•  â•šâ•â•â•šâ•â•â•â•â•â•â•   â•šâ•â•   â•šâ•â•  â•šâ•â•

            Developed by Omar Fouad
2025:07:21 07:08:28:warn ===== http://localhost:8080 =====
2025:07:21 07:08:28:info ===========development===========
2025:07:21 07:08:28:info ===========port:8080=============
2025:07:21 07:08:28:info =================================
2025:07:21 07:08:28:info Redis is connected
2025:07:21 07:08:28:info Mongodb is connected to database:health
2025:07:21 07:08:46:info 

â–ˆâ–ˆâ•—  â–ˆâ–ˆâ•—â–ˆâ–ˆâ–ˆâ–ˆâ–ˆâ–ˆâ–ˆâ•— â–ˆâ–ˆâ–ˆâ–ˆâ–ˆâ•— â–ˆâ–ˆâ•—     â–ˆâ–ˆâ–ˆâ–ˆâ–ˆâ–ˆâ–ˆâ–ˆâ•—â–ˆâ–ˆâ•—  â–ˆâ–ˆâ•—
â–ˆâ–ˆâ•‘  â–ˆâ–ˆâ•‘â–ˆâ–ˆâ•”â•â•â•â•â•â–ˆâ–ˆâ•”â•â•â–ˆâ–ˆâ•—â–ˆâ–ˆâ•‘     â•šâ•â•â–ˆâ–ˆâ•”â•â•â•â–ˆâ–ˆâ•‘  â–ˆâ–ˆâ•‘
â–ˆâ–ˆâ–ˆâ–ˆâ–ˆâ–ˆâ–ˆâ•‘â–ˆâ–ˆâ–ˆâ–ˆâ–ˆâ•—  â–ˆâ–ˆâ–ˆâ–ˆâ–ˆâ–ˆâ–ˆâ•‘â–ˆâ–ˆâ•‘        â–ˆâ–ˆâ•‘   â–ˆâ–ˆâ–ˆâ–ˆâ–ˆâ–ˆâ–ˆâ•‘
â–ˆâ–ˆâ•”â•â•â–ˆâ–ˆâ•‘â–ˆâ–ˆâ•”â•â•â•  â–ˆâ–ˆâ•”â•â•â–ˆâ–ˆâ•‘â–ˆâ–ˆâ•‘        â–ˆâ–ˆâ•‘   â–ˆâ–ˆâ•”â•â•â–ˆâ–ˆâ•‘
â–ˆâ–ˆâ•‘  â–ˆâ–ˆâ•‘â–ˆâ–ˆâ–ˆâ–ˆâ–ˆâ–ˆâ–ˆâ•—â–ˆâ–ˆâ•‘  â–ˆâ–ˆâ•‘â–ˆâ–ˆâ–ˆâ–ˆâ–ˆâ–ˆâ–ˆâ•—   â–ˆâ–ˆâ•‘   â–ˆâ–ˆâ•‘  â–ˆâ–ˆâ•‘
â•šâ•â•  â•šâ•â•â•šâ•â•â•â•â•â•â•â•šâ•â•  â•šâ•â•â•šâ•â•â•â•â•â•â•   â•šâ•â•   â•šâ•â•  â•šâ•â•

            Developed by Omar Fouad
2025:07:21 07:08:46:warn ===== http://localhost:8080 =====
2025:07:21 07:08:46:info ===========development===========
2025:07:21 07:08:46:info ===========port:8080=============
2025:07:21 07:08:46:info =================================
2025:07:21 07:08:46:info Redis is connected
2025:07:21 07:08:46:info Mongodb is connected to database:health
2025:07:21 07:11:06:info 

â–ˆâ–ˆâ•—  â–ˆâ–ˆâ•—â–ˆâ–ˆâ–ˆâ–ˆâ–ˆâ–ˆâ–ˆâ•— â–ˆâ–ˆâ–ˆâ–ˆâ–ˆâ•— â–ˆâ–ˆâ•—     â–ˆâ–ˆâ–ˆâ–ˆâ–ˆâ–ˆâ–ˆâ–ˆâ•—â–ˆâ–ˆâ•—  â–ˆâ–ˆâ•—
â–ˆâ–ˆâ•‘  â–ˆâ–ˆâ•‘â–ˆâ–ˆâ•”â•â•â•â•â•â–ˆâ–ˆâ•”â•â•â–ˆâ–ˆâ•—â–ˆâ–ˆâ•‘     â•šâ•â•â–ˆâ–ˆâ•”â•â•â•â–ˆâ–ˆâ•‘  â–ˆâ–ˆâ•‘
â–ˆâ–ˆâ–ˆâ–ˆâ–ˆâ–ˆâ–ˆâ•‘â–ˆâ–ˆâ–ˆâ–ˆâ–ˆâ•—  â–ˆâ–ˆâ–ˆâ–ˆâ–ˆâ–ˆâ–ˆâ•‘â–ˆâ–ˆâ•‘        â–ˆâ–ˆâ•‘   â–ˆâ–ˆâ–ˆâ–ˆâ–ˆâ–ˆâ–ˆâ•‘
â–ˆâ–ˆâ•”â•â•â–ˆâ–ˆâ•‘â–ˆâ–ˆâ•”â•â•â•  â–ˆâ–ˆâ•”â•â•â–ˆâ–ˆâ•‘â–ˆâ–ˆâ•‘        â–ˆâ–ˆâ•‘   â–ˆâ–ˆâ•”â•â•â–ˆâ–ˆâ•‘
â–ˆâ–ˆâ•‘  â–ˆâ–ˆâ•‘â–ˆâ–ˆâ–ˆâ–ˆâ–ˆâ–ˆâ–ˆâ•—â–ˆâ–ˆâ•‘  â–ˆâ–ˆâ•‘â–ˆâ–ˆâ–ˆâ–ˆâ–ˆâ–ˆâ–ˆâ•—   â–ˆâ–ˆâ•‘   â–ˆâ–ˆâ•‘  â–ˆâ–ˆâ•‘
â•šâ•â•  â•šâ•â•â•šâ•â•â•â•â•â•â•â•šâ•â•  â•šâ•â•â•šâ•â•â•â•â•â•â•   â•šâ•â•   â•šâ•â•  â•šâ•â•

            Developed by Omar Fouad
2025:07:21 07:11:06:warn ===== http://localhost:8080 =====
2025:07:21 07:11:06:info ===========development===========
2025:07:21 07:11:06:info ===========port:8080=============
2025:07:21 07:11:06:info =================================
2025:07:21 07:11:06:info Redis is connected
2025:07:21 07:11:06:info Mongodb is connected to database:health
2025:07:21 07:11:16:info 

â–ˆâ–ˆâ•—  â–ˆâ–ˆâ•—â–ˆâ–ˆâ–ˆâ–ˆâ–ˆâ–ˆâ–ˆâ•— â–ˆâ–ˆâ–ˆâ–ˆâ–ˆâ•— â–ˆâ–ˆâ•—     â–ˆâ–ˆâ–ˆâ–ˆâ–ˆâ–ˆâ–ˆâ–ˆâ•—â–ˆâ–ˆâ•—  â–ˆâ–ˆâ•—
â–ˆâ–ˆâ•‘  â–ˆâ–ˆâ•‘â–ˆâ–ˆâ•”â•â•â•â•â•â–ˆâ–ˆâ•”â•â•â–ˆâ–ˆâ•—â–ˆâ–ˆâ•‘     â•šâ•â•â–ˆâ–ˆâ•”â•â•â•â–ˆâ–ˆâ•‘  â–ˆâ–ˆâ•‘
â–ˆâ–ˆâ–ˆâ–ˆâ–ˆâ–ˆâ–ˆâ•‘â–ˆâ–ˆâ–ˆâ–ˆâ–ˆâ•—  â–ˆâ–ˆâ–ˆâ–ˆâ–ˆâ–ˆâ–ˆâ•‘â–ˆâ–ˆâ•‘        â–ˆâ–ˆâ•‘   â–ˆâ–ˆâ–ˆâ–ˆâ–ˆâ–ˆâ–ˆâ•‘
â–ˆâ–ˆâ•”â•â•â–ˆâ–ˆâ•‘â–ˆâ–ˆâ•”â•â•â•  â–ˆâ–ˆâ•”â•â•â–ˆâ–ˆâ•‘â–ˆâ–ˆâ•‘        â–ˆâ–ˆâ•‘   â–ˆâ–ˆâ•”â•â•â–ˆâ–ˆâ•‘
â–ˆâ–ˆâ•‘  â–ˆâ–ˆâ•‘â–ˆâ–ˆâ–ˆâ–ˆâ–ˆâ–ˆâ–ˆâ•—â–ˆâ–ˆâ•‘  â–ˆâ–ˆâ•‘â–ˆâ–ˆâ–ˆâ–ˆâ–ˆâ–ˆâ–ˆâ•—   â–ˆâ–ˆâ•‘   â–ˆâ–ˆâ•‘  â–ˆâ–ˆâ•‘
â•šâ•â•  â•šâ•â•â•šâ•â•â•â•â•â•â•â•šâ•â•  â•šâ•â•â•šâ•â•â•â•â•â•â•   â•šâ•â•   â•šâ•â•  â•šâ•â•

            Developed by Omar Fouad
2025:07:21 07:11:16:warn ===== http://localhost:8080 =====
2025:07:21 07:11:16:info ===========development===========
2025:07:21 07:11:16:info ===========port:8080=============
2025:07:21 07:11:16:info =================================
2025:07:21 07:11:16:info Redis is connected
2025:07:21 07:11:16:info Mongodb is connected to database:health
2025:07:21 07:11:21:info 

â–ˆâ–ˆâ•—  â–ˆâ–ˆâ•—â–ˆâ–ˆâ–ˆâ–ˆâ–ˆâ–ˆâ–ˆâ•— â–ˆâ–ˆâ–ˆâ–ˆâ–ˆâ•— â–ˆâ–ˆâ•—     â–ˆâ–ˆâ–ˆâ–ˆâ–ˆâ–ˆâ–ˆâ–ˆâ•—â–ˆâ–ˆâ•—  â–ˆâ–ˆâ•—
â–ˆâ–ˆâ•‘  â–ˆâ–ˆâ•‘â–ˆâ–ˆâ•”â•â•â•â•â•â–ˆâ–ˆâ•”â•â•â–ˆâ–ˆâ•—â–ˆâ–ˆâ•‘     â•šâ•â•â–ˆâ–ˆâ•”â•â•â•â–ˆâ–ˆâ•‘  â–ˆâ–ˆâ•‘
â–ˆâ–ˆâ–ˆâ–ˆâ–ˆâ–ˆâ–ˆâ•‘â–ˆâ–ˆâ–ˆâ–ˆâ–ˆâ•—  â–ˆâ–ˆâ–ˆâ–ˆâ–ˆâ–ˆâ–ˆâ•‘â–ˆâ–ˆâ•‘        â–ˆâ–ˆâ•‘   â–ˆâ–ˆâ–ˆâ–ˆâ–ˆâ–ˆâ–ˆâ•‘
â–ˆâ–ˆâ•”â•â•â–ˆâ–ˆâ•‘â–ˆâ–ˆâ•”â•â•â•  â–ˆâ–ˆâ•”â•â•â–ˆâ–ˆâ•‘â–ˆâ–ˆâ•‘        â–ˆâ–ˆâ•‘   â–ˆâ–ˆâ•”â•â•â–ˆâ–ˆâ•‘
â–ˆâ–ˆâ•‘  â–ˆâ–ˆâ•‘â–ˆâ–ˆâ–ˆâ–ˆâ–ˆâ–ˆâ–ˆâ•—â–ˆâ–ˆâ•‘  â–ˆâ–ˆâ•‘â–ˆâ–ˆâ–ˆâ–ˆâ–ˆâ–ˆâ–ˆâ•—   â–ˆâ–ˆâ•‘   â–ˆâ–ˆâ•‘  â–ˆâ–ˆâ•‘
â•šâ•â•  â•šâ•â•â•šâ•â•â•â•â•â•â•â•šâ•â•  â•šâ•â•â•šâ•â•â•â•â•â•â•   â•šâ•â•   â•šâ•â•  â•šâ•â•

            Developed by Omar Fouad
2025:07:21 07:11:21:warn ===== http://localhost:8080 =====
2025:07:21 07:11:21:info ===========development===========
2025:07:21 07:11:21:info ===========port:8080=============
2025:07:21 07:11:21:info =================================
2025:07:21 07:11:21:info Redis is connected
2025:07:21 07:11:21:info Mongodb is connected to database:health
2025:07:21 07:11:29:info 

â–ˆâ–ˆâ•—  â–ˆâ–ˆâ•—â–ˆâ–ˆâ–ˆâ–ˆâ–ˆâ–ˆâ–ˆâ•— â–ˆâ–ˆâ–ˆâ–ˆâ–ˆâ•— â–ˆâ–ˆâ•—     â–ˆâ–ˆâ–ˆâ–ˆâ–ˆâ–ˆâ–ˆâ–ˆâ•—â–ˆâ–ˆâ•—  â–ˆâ–ˆâ•—
â–ˆâ–ˆâ•‘  â–ˆâ–ˆâ•‘â–ˆâ–ˆâ•”â•â•â•â•â•â–ˆâ–ˆâ•”â•â•â–ˆâ–ˆâ•—â–ˆâ–ˆâ•‘     â•šâ•â•â–ˆâ–ˆâ•”â•â•â•â–ˆâ–ˆâ•‘  â–ˆâ–ˆâ•‘
â–ˆâ–ˆâ–ˆâ–ˆâ–ˆâ–ˆâ–ˆâ•‘â–ˆâ–ˆâ–ˆâ–ˆâ–ˆâ•—  â–ˆâ–ˆâ–ˆâ–ˆâ–ˆâ–ˆâ–ˆâ•‘â–ˆâ–ˆâ•‘        â–ˆâ–ˆâ•‘   â–ˆâ–ˆâ–ˆâ–ˆâ–ˆâ–ˆâ–ˆâ•‘
â–ˆâ–ˆâ•”â•â•â–ˆâ–ˆâ•‘â–ˆâ–ˆâ•”â•â•â•  â–ˆâ–ˆâ•”â•â•â–ˆâ–ˆâ•‘â–ˆâ–ˆâ•‘        â–ˆâ–ˆâ•‘   â–ˆâ–ˆâ•”â•â•â–ˆâ–ˆâ•‘
â–ˆâ–ˆâ•‘  â–ˆâ–ˆâ•‘â–ˆâ–ˆâ–ˆâ–ˆâ–ˆâ–ˆâ–ˆâ•—â–ˆâ–ˆâ•‘  â–ˆâ–ˆâ•‘â–ˆâ–ˆâ–ˆâ–ˆâ–ˆâ–ˆâ–ˆâ•—   â–ˆâ–ˆâ•‘   â–ˆâ–ˆâ•‘  â–ˆâ–ˆâ•‘
â•šâ•â•  â•šâ•â•â•šâ•â•â•â•â•â•â•â•šâ•â•  â•šâ•â•â•šâ•â•â•â•â•â•â•   â•šâ•â•   â•šâ•â•  â•šâ•â•

            Developed by Omar Fouad
2025:07:21 07:11:29:warn ===== http://localhost:8080 =====
2025:07:21 07:11:29:info ===========development===========
2025:07:21 07:11:29:info ===========port:8080=============
2025:07:21 07:11:29:info =================================
2025:07:21 07:11:29:info Redis is connected
2025:07:21 07:11:29:info Mongodb is connected to database:health
2025:07:21 07:11:36:info 

â–ˆâ–ˆâ•—  â–ˆâ–ˆâ•—â–ˆâ–ˆâ–ˆâ–ˆâ–ˆâ–ˆâ–ˆâ•— â–ˆâ–ˆâ–ˆâ–ˆâ–ˆâ•— â–ˆâ–ˆâ•—     â–ˆâ–ˆâ–ˆâ–ˆâ–ˆâ–ˆâ–ˆâ–ˆâ•—â–ˆâ–ˆâ•—  â–ˆâ–ˆâ•—
â–ˆâ–ˆâ•‘  â–ˆâ–ˆâ•‘â–ˆâ–ˆâ•”â•â•â•â•â•â–ˆâ–ˆâ•”â•â•â–ˆâ–ˆâ•—â–ˆâ–ˆâ•‘     â•šâ•â•â–ˆâ–ˆâ•”â•â•â•â–ˆâ–ˆâ•‘  â–ˆâ–ˆâ•‘
â–ˆâ–ˆâ–ˆâ–ˆâ–ˆâ–ˆâ–ˆâ•‘â–ˆâ–ˆâ–ˆâ–ˆâ–ˆâ•—  â–ˆâ–ˆâ–ˆâ–ˆâ–ˆâ–ˆâ–ˆâ•‘â–ˆâ–ˆâ•‘        â–ˆâ–ˆâ•‘   â–ˆâ–ˆâ–ˆâ–ˆâ–ˆâ–ˆâ–ˆâ•‘
â–ˆâ–ˆâ•”â•â•â–ˆâ–ˆâ•‘â–ˆâ–ˆâ•”â•â•â•  â–ˆâ–ˆâ•”â•â•â–ˆâ–ˆâ•‘â–ˆâ–ˆâ•‘        â–ˆâ–ˆâ•‘   â–ˆâ–ˆâ•”â•â•â–ˆâ–ˆâ•‘
â–ˆâ–ˆâ•‘  â–ˆâ–ˆâ•‘â–ˆâ–ˆâ–ˆâ–ˆâ–ˆâ–ˆâ–ˆâ•—â–ˆâ–ˆâ•‘  â–ˆâ–ˆâ•‘â–ˆâ–ˆâ–ˆâ–ˆâ–ˆâ–ˆâ–ˆâ•—   â–ˆâ–ˆâ•‘   â–ˆâ–ˆâ•‘  â–ˆâ–ˆâ•‘
â•šâ•â•  â•šâ•â•â•šâ•â•â•â•â•â•â•â•šâ•â•  â•šâ•â•â•šâ•â•â•â•â•â•â•   â•šâ•â•   â•šâ•â•  â•šâ•â•

            Developed by Omar Fouad
2025:07:21 07:11:36:warn ===== http://localhost:8080 =====
2025:07:21 07:11:36:info ===========development===========
2025:07:21 07:11:36:info ===========port:8080=============
2025:07:21 07:11:36:info =================================
2025:07:21 07:11:36:info Redis is connected
2025:07:21 07:11:36:info Mongodb is connected to database:health
2025:07:21 07:11:46:info 

â–ˆâ–ˆâ•—  â–ˆâ–ˆâ•—â–ˆâ–ˆâ–ˆâ–ˆâ–ˆâ–ˆâ–ˆâ•— â–ˆâ–ˆâ–ˆâ–ˆâ–ˆâ•— â–ˆâ–ˆâ•—     â–ˆâ–ˆâ–ˆâ–ˆâ–ˆâ–ˆâ–ˆâ–ˆâ•—â–ˆâ–ˆâ•—  â–ˆâ–ˆâ•—
â–ˆâ–ˆâ•‘  â–ˆâ–ˆâ•‘â–ˆâ–ˆâ•”â•â•â•â•â•â–ˆâ–ˆâ•”â•â•â–ˆâ–ˆâ•—â–ˆâ–ˆâ•‘     â•šâ•â•â–ˆâ–ˆâ•”â•â•â•â–ˆâ–ˆâ•‘  â–ˆâ–ˆâ•‘
â–ˆâ–ˆâ–ˆâ–ˆâ–ˆâ–ˆâ–ˆâ•‘â–ˆâ–ˆâ–ˆâ–ˆâ–ˆâ•—  â–ˆâ–ˆâ–ˆâ–ˆâ–ˆâ–ˆâ–ˆâ•‘â–ˆâ–ˆâ•‘        â–ˆâ–ˆâ•‘   â–ˆâ–ˆâ–ˆâ–ˆâ–ˆâ–ˆâ–ˆâ•‘
â–ˆâ–ˆâ•”â•â•â–ˆâ–ˆâ•‘â–ˆâ–ˆâ•”â•â•â•  â–ˆâ–ˆâ•”â•â•â–ˆâ–ˆâ•‘â–ˆâ–ˆâ•‘        â–ˆâ–ˆâ•‘   â–ˆâ–ˆâ•”â•â•â–ˆâ–ˆâ•‘
â–ˆâ–ˆâ•‘  â–ˆâ–ˆâ•‘â–ˆâ–ˆâ–ˆâ–ˆâ–ˆâ–ˆâ–ˆâ•—â–ˆâ–ˆâ•‘  â–ˆâ–ˆâ•‘â–ˆâ–ˆâ–ˆâ–ˆâ–ˆâ–ˆâ–ˆâ•—   â–ˆâ–ˆâ•‘   â–ˆâ–ˆâ•‘  â–ˆâ–ˆâ•‘
â•šâ•â•  â•šâ•â•â•šâ•â•â•â•â•â•â•â•šâ•â•  â•šâ•â•â•šâ•â•â•â•â•â•â•   â•šâ•â•   â•šâ•â•  â•šâ•â•

            Developed by Omar Fouad
2025:07:21 07:11:46:warn ===== http://localhost:8080 =====
2025:07:21 07:11:46:info ===========development===========
2025:07:21 07:11:46:info ===========port:8080=============
2025:07:21 07:11:46:info =================================
2025:07:21 07:11:46:info Redis is connected
2025:07:21 07:11:47:info Mongodb is connected to database:health
2025:07:21 07:12:12:info [0mGET /api/auth/reIssueAccessToken [32m200[0m 45.643 ms - -[0m
2025:07:21 07:12:17:info [0mGET /api/notifications/67b6196f6e5f967ae612f544 [36m304[0m 11.022 ms - -[0m
2025:07:21 07:12:17:info [0mGET /api/patients/f36f0a49-e9bb-4565-9359-0d6df3916975 [33m404[0m 5.705 ms - 36[0m
2025:07:21 07:12:18:info [0mGET /api/patients/f36f0a49-e9bb-4565-9359-0d6df3916975 [33m404[0m 3.160 ms - 36[0m
2025:07:21 07:12:19:info [0mGET /api/patients/f36f0a49-e9bb-4565-9359-0d6df3916975 [33m404[0m 4.049 ms - 36[0m
2025:07:21 07:12:20:info [0mGET /api/patients/f36f0a49-e9bb-4565-9359-0d6df3916975 [33m404[0m 5.221 ms - 36[0m
2025:07:21 07:12:21:info [0mGET /api/patients/f36f0a49-e9bb-4565-9359-0d6df3916975 [33m404[0m 3.342 ms - 36[0m
2025:07:21 07:12:21:info [0mGET /api/patients/f36f0a49-e9bb-4565-9359-0d6df3916975 [33m404[0m 2.713 ms - 36[0m
2025:07:21 07:12:26:info [0mGET /api/patients [32m200[0m 1803.092 ms - -[0m
2025:07:21 07:12:28:info [0mGET /api/patients [36m304[0m 1675.836 ms - -[0m
2025:07:21 07:12:29:info [0mGET /api/appointments/67b6196f6e5f967ae612f544 [36m304[0m 21.747 ms - -[0m
2025:07:21 07:12:29:info xss log: value (user9996@example.com) is of type: string
2025:07:21 07:12:29:info xss log: value (user77@example.com) is of type: string
2025:07:21 07:12:29:info [0mGET /api/patients/email?email=user77%40example.com [36m304[0m 5.560 ms - -[0m
2025:07:21 07:12:29:info [0mGET /api/patients/email?email=user9996%40example.com [33m404[0m 12.689 ms - 36[0m
2025:07:21 07:12:30:info xss log: value (user9996@example.com) is of type: string
2025:07:21 07:12:30:info [0mGET /api/patients/email?email=user9996%40example.com [33m404[0m 23.114 ms - 36[0m
2025:07:21 07:12:31:info xss log: value (user9996@example.com) is of type: string
2025:07:21 07:12:31:info [0mGET /api/patients/email?email=user9996%40example.com [33m404[0m 9.612 ms - 36[0m
2025:07:21 07:12:31:info xss log: value (user9996@example.com) is of type: string
2025:07:21 07:12:31:info [0mGET /api/patients/email?email=user9996%40example.com [33m404[0m 7.243 ms - 36[0m
2025:07:21 07:12:32:info xss log: value (user9996@example.com) is of type: string
2025:07:21 07:12:32:info [0mGET /api/patients/email?email=user9996%40example.com [33m404[0m 6.856 ms - 36[0m
2025:07:21 07:12:32:info xss log: value (user77@example.com) is of type: string
2025:07:21 07:12:32:info [0mGET /api/patients/email?email=user77%40example.com [36m304[0m 3.267 ms - -[0m
2025:07:21 07:12:32:info xss log: value (user9996@example.com) is of type: string
2025:07:21 07:12:32:info [0mGET /api/patients/email?email=user9996%40example.com [33m404[0m 8.916 ms - 36[0m
2025:07:21 07:12:33:info xss log: value (user9@example.com) is of type: string
2025:07:21 07:12:33:info xss log: value (user7@example.com) is of type: string
2025:07:21 07:12:33:info xss log: value (user9996@example.com) is of type: string
2025:07:21 07:12:33:info xss log: value (user77@example.com) is of type: string
2025:07:21 07:12:33:info [0mGET /api/patients/email?email=user9%40example.com [32m200[0m 10.277 ms - 597[0m
2025:07:21 07:12:33:info [0mGET /api/patients/email?email=user7%40example.com [32m200[0m 9.637 ms - 598[0m
2025:07:21 07:12:33:info [0mGET /api/patients/email?email=user9996%40example.com [33m404[0m 19.207 ms - 36[0m
2025:07:21 07:12:33:info [0mGET /api/patients/email?email=user77%40example.com [36m304[0m 35.279 ms - -[0m
2025:07:21 07:12:34:info xss log: value (user9996@example.com) is of type: string
2025:07:21 07:12:34:info [0mGET /api/patients/email?email=user9996%40example.com [33m404[0m 6.891 ms - 36[0m
2025:07:21 07:12:34:info xss log: value (user9996@example.com) is of type: string
2025:07:21 07:12:34:info [0mGET /api/patients/email?email=user9996%40example.com [33m404[0m 10.029 ms - 36[0m
2025:07:21 07:12:35:info xss log: value (user9996@example.com) is of type: string
2025:07:21 07:12:35:info [0mGET /api/patients/email?email=user9996%40example.com [33m404[0m 6.666 ms - 36[0m
2025:07:21 07:12:35:info xss log: value (user9996@example.com) is of type: string
2025:07:21 07:12:35:info [0mGET /api/patients/email?email=user9996%40example.com [33m404[0m 6.541 ms - 36[0m
2025:07:21 07:12:36:info xss log: value (user9996@example.com) is of type: string
2025:07:21 07:12:36:info [0mGET /api/patients/email?email=user9996%40example.com [33m404[0m 6.896 ms - 36[0m
2025:07:21 07:12:36:info xss log: value (user1@example.com) is of type: string
2025:07:21 07:12:36:info xss log: value (user9@example.com) is of type: string
2025:07:21 07:12:36:info xss log: value (user4@example.com) is of type: string
2025:07:21 07:12:36:info xss log: value (user7@example.com) is of type: string
2025:07:21 07:12:36:info [0mGET /api/patients/email?email=user1%40example.com [32m200[0m 11.394 ms - 591[0m
2025:07:21 07:12:36:info [0mGET /api/patients/email?email=user9%40example.com [36m304[0m 13.543 ms - -[0m
2025:07:21 07:12:36:info [0mGET /api/patients/email?email=user4%40example.com [32m200[0m 14.020 ms - 593[0m
2025:07:21 07:12:36:info xss log: value (user9996@example.com) is of type: string
2025:07:21 07:12:36:info xss log: value (user77@example.com) is of type: string
2025:07:21 07:12:36:info [0mGET /api/patients/email?email=user7%40example.com [36m304[0m 20.998 ms - -[0m
2025:07:21 07:12:36:info [0mGET /api/patients/email?email=user77%40example.com [36m304[0m 8.747 ms - -[0m
2025:07:21 07:12:36:info [0mGET /api/patients/email?email=user9996%40example.com [33m404[0m 14.534 ms - 36[0m
2025:07:21 07:12:37:info xss log: value (user9996@example.com) is of type: string
2025:07:21 07:12:37:info [0mGET /api/patients/email?email=user9996%40example.com [33m404[0m 6.781 ms - 36[0m
2025:07:21 07:12:37:info xss log: value (user9996@example.com) is of type: string
2025:07:21 07:12:37:info [0mGET /api/patients/email?email=user9996%40example.com [33m404[0m 7.157 ms - 36[0m
2025:07:21 07:12:38:info xss log: value (user9996@example.com) is of type: string
2025:07:21 07:12:38:info [0mGET /api/patients/email?email=user9996%40example.com [33m404[0m 6.623 ms - 36[0m
2025:07:21 07:12:38:info xss log: value (user9996@example.com) is of type: string
2025:07:21 07:12:38:info [0mGET /api/patients/email?email=user9996%40example.com [33m404[0m 6.550 ms - 36[0m
2025:07:21 07:12:38:info xss log: value (user1@example.com) is of type: string
2025:07:21 07:12:38:info xss log: value (user0@example.com) is of type: string
2025:07:21 07:12:38:info xss log: value (user4@example.com) is of type: string
2025:07:21 07:12:38:info xss log: value (user9@example.com) is of type: string
2025:07:21 07:12:38:info xss log: value (user7@example.com) is of type: string
2025:07:21 07:12:38:info [0mGET /api/patients/email?email=user1%40example.com [36m304[0m 12.128 ms - -[0m
2025:07:21 07:12:38:info [0mGET /api/patients/email?email=user0%40example.com [32m200[0m 11.000 ms - 604[0m
2025:07:21 07:12:38:info [0mGET /api/patients/email?email=user4%40example.com [36m304[0m 12.451 ms - -[0m
2025:07:21 07:12:38:info [0mGET /api/patients/email?email=user9%40example.com [36m304[0m 12.391 ms - -[0m
2025:07:21 07:12:38:info [0mGET /api/patients/email?email=user7%40example.com [36m304[0m 22.936 ms - -[0m
2025:07:21 07:12:39:info xss log: value (user9996@example.com) is of type: string
2025:07:21 07:12:39:info [0mGET /api/patients/email?email=user9996%40example.com [33m404[0m 6.953 ms - 36[0m
2025:07:21 07:12:41:info [0mGET /api/patients/950ab3f1-239b-4cb4-8722-40b298905902 [32m200[0m 6.319 ms - 604[0m
2025:07:21 07:12:43:info xss log: value (user0@example.com) is of type: string
2025:07:21 07:12:43:info [0mGET /api/appointments/email?email=user0%40example.com [32m200[0m 6.533 ms - 870[0m
2025:07:21 07:13:02:info xss log: value (user0@example.com) is of type: string
2025:07:21 07:13:02:info [0mGET /api/appointments/email?email=user0%40example.com [36m304[0m 5.215 ms - -[0m
2025:07:21 07:13:51:info [0mOPTIONS /api/patients/950ab3f1-239b-4cb4-8722-40b298905902 [32m204[0m 0.222 ms - 0[0m
2025:07:21 07:13:51:info [0mPOST /api/notifications/create [32m201[0m 33.209 ms - 429[0m
2025:07:21 07:13:51:info [0mDELETE /api/patients/950ab3f1-239b-4cb4-8722-40b298905902 [32m200[0m 33.458 ms - 42[0m
2025:07:21 07:13:51:info [0mGET /api/notifications/67b6196f6e5f967ae612f544 [32m200[0m 7.930 ms - 20[0m
2025:07:21 07:13:52:info [0mGET /api/patients/950ab3f1-239b-4cb4-8722-40b298905902 [33m404[0m 2.269 ms - 36[0m
2025:07:21 07:13:53:info [0mGET /api/patients/950ab3f1-239b-4cb4-8722-40b298905902 [33m404[0m 3.553 ms - 36[0m
2025:07:21 07:13:53:info [0mGET /api/patients/950ab3f1-239b-4cb4-8722-40b298905902 [33m404[0m 3.518 ms - 36[0m
2025:07:21 07:13:54:info [0mGET /api/patients/950ab3f1-239b-4cb4-8722-40b298905902 [33m404[0m 3.611 ms - 36[0m
2025:07:21 07:13:54:info [0mGET /api/patients/950ab3f1-239b-4cb4-8722-40b298905902 [33m404[0m 3.055 ms - 36[0m
2025:07:21 07:13:55:info [0mGET /api/patients/950ab3f1-239b-4cb4-8722-40b298905902 [33m404[0m 1.926 ms - 36[0m
2025:07:21 07:15:19:info [0mGET /api/patients [32m200[0m 1618.433 ms - -[0m
2025:07:21 07:15:20:info [0mGET /api/patients/2f417225-9094-4051-95a2-7fbd4b4ab6cf [32m200[0m 4.005 ms - 614[0m
2025:07:21 07:15:24:info [0mOPTIONS /api/patients/2f417225-9094-4051-95a2-7fbd4b4ab6cf [32m204[0m 0.088 ms - 0[0m
2025:07:21 07:15:24:info [0mPOST /api/notifications/create [32m201[0m 17.828 ms - 429[0m
2025:07:21 07:15:24:info [0mDELETE /api/patients/2f417225-9094-4051-95a2-7fbd4b4ab6cf [32m200[0m 18.573 ms - 42[0m
2025:07:21 07:15:24:info [0mGET /api/notifications/67b6196f6e5f967ae612f544 [36m304[0m 4.781 ms - -[0m
2025:07:21 07:15:25:info [0mGET /api/patients/2f417225-9094-4051-95a2-7fbd4b4ab6cf [33m404[0m 2.047 ms - 36[0m
2025:07:21 07:15:27:info [0mGET /api/patients [32m200[0m 1768.765 ms - -[0m
2025:07:21 07:15:32:info [0mGET /api/patients/f54c5d74-a5a2-4201-b4b2-3777fb0f1583 [32m200[0m 5.490 ms - 601[0m
2025:07:21 07:15:35:info [0mOPTIONS /api/patients/f54c5d74-a5a2-4201-b4b2-3777fb0f1583 [32m204[0m 0.086 ms - 0[0m
2025:07:21 07:15:35:info [0mPOST /api/notifications/create [32m201[0m 17.767 ms - 429[0m
2025:07:21 07:15:35:info [0mDELETE /api/patients/f54c5d74-a5a2-4201-b4b2-3777fb0f1583 [32m200[0m 18.293 ms - 42[0m
2025:07:21 07:15:35:info [0mGET /api/notifications/67b6196f6e5f967ae612f544 [36m304[0m 8.590 ms - -[0m
2025:07:21 07:15:36:info [0mGET /api/patients/f54c5d74-a5a2-4201-b4b2-3777fb0f1583 [33m404[0m 2.651 ms - 36[0m
2025:07:21 07:15:38:info [0mGET /api/patients [32m200[0m 1579.274 ms - -[0m
2025:07:21 07:16:05:info [0mGET /api/patients/eed10989-6b8f-4537-a6d2-c02821822209 [32m200[0m 6.783 ms - 619[0m
2025:07:21 07:16:06:info xss log: value (user9993@example.com) is of type: string
2025:07:21 07:16:06:info [0mGET /api/appointments/email?email=user9993%40example.com [33m404[0m 4.823 ms - 50[0m
2025:07:21 07:16:07:info xss log: value (user9993@example.com) is of type: string
2025:07:21 07:16:07:info [0mGET /api/appointments/email?email=user9993%40example.com [33m404[0m 3.182 ms - 50[0m
2025:07:21 07:16:07:info xss log: value (user9993@example.com) is of type: string
2025:07:21 07:16:07:info [0mGET /api/appointments/email?email=user9993%40example.com [33m404[0m 2.895 ms - 50[0m
2025:07:21 07:16:08:info xss log: value (user9993@example.com) is of type: string
2025:07:21 07:16:08:info [0mGET /api/appointments/email?email=user9993%40example.com [33m404[0m 2.565 ms - 50[0m
2025:07:21 07:16:09:info xss log: value (user9993@example.com) is of type: string
2025:07:21 07:16:09:info [0mGET /api/appointments/email?email=user9993%40example.com [33m404[0m 2.668 ms - 50[0m
2025:07:21 07:16:09:info xss log: value (user9993@example.com) is of type: string
2025:07:21 07:16:09:info [0mGET /api/appointments/email?email=user9993%40example.com [33m404[0m 2.717 ms - 50[0m
2025:07:21 07:16:19:info xss log: value (true) is of type: string
2025:07:21 07:16:19:info [0mPOST /api/appointments?patientState=true [32m201[0m 23.168 ms - 492[0m
2025:07:21 07:16:19:info [0mPOST /api/notifications/create [32m201[0m 11.564 ms - 390[0m
2025:07:21 07:16:19:info [0mGET /api/notifications/67b6196f6e5f967ae612f544 [32m200[0m 5.446 ms - 20[0m
2025:07:21 07:16:32:info xss log: value (user9993@example.com) is of type: string
2025:07:21 07:16:32:info [0mGET /api/appointments/email?email=user9993%40example.com [32m200[0m 3.347 ms - 450[0m
2025:07:21 07:17:55:info [0mGET /api/patients/eed10989-6b8f-4537-a6d2-c02821822209 [36m304[0m 4.335 ms - -[0m
2025:07:21 07:17:55:info xss log: value (user9993@example.com) is of type: string
2025:07:21 07:17:55:info [0mGET /api/notifications/67b6196f6e5f967ae612f544 [36m304[0m 14.303 ms - -[0m
2025:07:21 07:17:55:info [0mGET /api/appointments/email?email=user9993%40example.com [36m304[0m 4.663 ms - -[0m
2025:07:21 07:17:55:info [0mGET /api/notifications/67b611137de19fc1c39f0f18 [32m200[0m 8.260 ms - -[0m
2025:07:21 07:17:57:info [0mGET /api/patients [32m200[0m 1889.039 ms - -[0m
2025:07:21 07:18:59:info [0mGET /api/auth/reIssueAccessToken [32m200[0m 20.915 ms - -[0m
2025:07:21 07:19:03:info [0mGET /api/auth/reIssueAccessToken [32m200[0m 8.205 ms - -[0m
2025:07:21 07:19:03:info [0mGET /api/auth/reIssueAccessToken [32m200[0m 10.780 ms - -[0m
2025:07:21 07:19:03:info [0mGET /api/auth/reIssueAccessToken [32m200[0m 8.885 ms - -[0m
2025:07:21 07:19:03:info [0mGET /api/auth/reIssueAccessToken [32m200[0m 8.803 ms - -[0m
2025:07:21 07:19:03:info [0mGET /api/auth/reIssueAccessToken [32m200[0m 8.784 ms - -[0m
2025:07:21 07:19:04:info [0mGET /api/auth/reIssueAccessToken [32m200[0m 7.969 ms - -[0m
2025:07:21 07:19:04:info [0mGET /api/auth/reIssueAccessToken [32m200[0m 8.878 ms - -[0m
2025:07:21 07:19:04:info [0mGET /api/auth/reIssueAccessToken [32m200[0m 10.738 ms - -[0m
2025:07:21 07:19:09:info xss log: value (true) is of type: string
2025:07:21 07:19:09:info [0mPOST /api/appointments?patientState=true [33m404[0m 32.787 ms - 86[0m
2025:07:21 07:19:31:info xss log: value (true) is of type: string
2025:07:21 07:19:31:info [0mPOST /api/appointments?patientState=true [33m404[0m 18.124 ms - 86[0m
2025:07:21 07:19:51:info xss log: value (true) is of type: string
2025:07:21 07:19:51:info [0mPOST /api/appointments?patientState=true [32m201[0m 15.063 ms - 492[0m
2025:07:21 07:19:51:info [0mPOST /api/notifications/create [32m201[0m 12.773 ms - 390[0m
2025:07:21 07:19:51:info [0mGET /api/notifications/67b6196f6e5f967ae612f544 [32m200[0m 3.527 ms - 20[0m
2025:07:21 07:20:39:info [0mGET /api/auth/reIssueAccessToken [32m200[0m 11.033 ms - -[0m
2025:07:21 07:20:40:info [0mGET /api/auth/reIssueAccessToken [32m200[0m 15.032 ms - -[0m
2025:07:21 07:20:41:info [0mGET /api/auth/reIssueAccessToken [32m200[0m 35.387 ms - -[0m
2025:07:21 07:20:43:info [0mGET /api/auth/reIssueAccessToken [32m200[0m 7.874 ms - -[0m
2025:07:21 07:20:43:info [0mGET /api/auth/reIssueAccessToken [32m200[0m 7.255 ms - -[0m
2025:07:21 07:20:43:info [0mGET /api/auth/reIssueAccessToken [32m200[0m 7.269 ms - -[0m
2025:07:21 07:20:44:info [0mGET /api/auth/reIssueAccessToken [32m200[0m 8.116 ms - -[0m
2025:07:21 07:20:44:info [0mGET /api/auth/reIssueAccessToken [32m200[0m 15.899 ms - -[0m
2025:07:21 07:20:44:info [0mGET /api/auth/reIssueAccessToken [32m200[0m 7.508 ms - -[0m
2025:07:21 07:21:22:info [0mGET /api/auth/reIssueAccessToken [32m200[0m 8.428 ms - -[0m
2025:07:21 07:21:23:info [0mGET /api/auth/reIssueAccessToken [32m200[0m 12.460 ms - -[0m
2025:07:21 07:21:24:info [0mGET /api/auth/reIssueAccessToken [32m200[0m 15.390 ms - -[0m
2025:07:21 07:21:25:info [0mGET /api/auth/reIssueAccessToken [32m200[0m 28.693 ms - -[0m
2025:07:21 07:21:26:info [0mGET /api/auth/reIssueAccessToken [32m200[0m 7.300 ms - -[0m
2025:07:21 07:21:27:info [0mGET /api/auth/reIssueAccessToken [32m200[0m 7.480 ms - -[0m
2025:07:21 07:21:28:info [0mGET /api/auth/reIssueAccessToken [32m200[0m 8.576 ms - -[0m
2025:07:21 07:21:28:info [0mGET /api/auth/reIssueAccessToken [32m200[0m 13.948 ms - -[0m
2025:07:21 07:21:28:info [0mGET /api/auth/reIssueAccessToken [32m200[0m 8.156 ms - -[0m
2025:07:21 07:21:43:info [0mGET /api/notifications/67b6196f6e5f967ae612f544 [32m200[0m 6.802 ms - 20[0m
2025:07:21 07:21:43:info [0mGET /api/patients/eed10989-6b8f-4537-a6d2-c02821822209 [32m200[0m 3.503 ms - 619[0m
2025:07:21 07:21:45:info xss log: value (user9993@example.com) is of type: string
2025:07:21 07:21:45:info [0mGET /api/appointments/email?email=user9993%40example.com [32m200[0m 3.554 ms - 882[0m
2025:07:21 07:21:58:info xss log: value (true) is of type: string
2025:07:21 07:21:58:info [0mPOST /api/appointments?patientState=true [32m201[0m 18.459 ms - 489[0m
2025:07:21 07:21:58:info xss log: value (user9993@example.com) is of type: string
2025:07:21 07:21:58:info [0mGET /api/appointments/email?email=user9993%40example.com [32m200[0m 5.893 ms - -[0m
2025:07:21 07:21:58:info [0mPOST /api/notifications/create [32m201[0m 12.080 ms - 390[0m
2025:07:21 07:21:58:info [0mGET /api/notifications/67b6196f6e5f967ae612f544 [36m304[0m 6.145 ms - -[0m
2025:07:21 07:22:17:info xss log: value (true) is of type: string
2025:07:21 07:22:17:info [0mPOST /api/appointments?patientState=true [32m201[0m 17.095 ms - 489[0m
2025:07:21 07:22:17:info xss log: value (user9993@example.com) is of type: string
2025:07:21 07:22:17:info [0mGET /api/appointments/email?email=user9993%40example.com [32m200[0m 6.447 ms - -[0m
2025:07:21 07:22:17:info [0mPOST /api/notifications/create [32m201[0m 8.750 ms - 390[0m
2025:07:21 07:22:17:info [0mGET /api/notifications/67b6196f6e5f967ae612f544 [36m304[0m 5.170 ms - -[0m
2025:07:21 07:22:47:info [0mGET /api/patients [36m304[0m 1532.419 ms - -[0m
2025:07:21 07:22:49:info [0mGET /api/patients [36m304[0m 1688.815 ms - -[0m
2025:07:21 07:22:52:info [0mGET /api/patients/59109a9d-222f-413c-84c0-59c4f8998986 [32m200[0m 4.720 ms - 590[0m
2025:07:21 07:22:54:info xss log: value (user9992@example.com) is of type: string
2025:07:21 07:22:54:info [0mGET /api/appointments/email?email=user9992%40example.com [33m404[0m 5.488 ms - 50[0m
2025:07:21 07:22:54:info xss log: value (user9992@example.com) is of type: string
2025:07:21 07:22:54:error [::ffff:127.0.0.1] exceeded limit (100 req/15min)
2025:07:21 07:22:54:info [0mGET /api/appointments/email?email=user9992%40example.com [33m429[0m 1.498 ms - 33[0m
2025:07:21 07:22:55:info xss log: value (user9992@example.com) is of type: string
2025:07:21 07:22:55:error [::ffff:127.0.0.1] exceeded limit (100 req/15min)
2025:07:21 07:22:55:info [0mGET /api/appointments/email?email=user9992%40example.com [33m429[0m 1.351 ms - 33[0m
2025:07:21 07:22:55:info xss log: value (user9992@example.com) is of type: string
2025:07:21 07:22:55:error [::ffff:127.0.0.1] exceeded limit (100 req/15min)
2025:07:21 07:22:55:info [0mGET /api/appointments/email?email=user9992%40example.com [33m429[0m 0.938 ms - 33[0m
2025:07:21 07:22:56:info xss log: value (user9992@example.com) is of type: string
2025:07:21 07:22:56:error [::ffff:127.0.0.1] exceeded limit (100 req/15min)
2025:07:21 07:22:56:info [0mGET /api/appointments/email?email=user9992%40example.com [33m429[0m 1.124 ms - 33[0m
2025:07:21 07:22:56:info xss log: value (user9992@example.com) is of type: string
2025:07:21 07:22:56:error [::ffff:127.0.0.1] exceeded limit (100 req/15min)
2025:07:21 07:22:56:info [0mGET /api/appointments/email?email=user9992%40example.com [33m429[0m 1.494 ms - 33[0m
2025:07:21 07:23:05:info xss log: value (true) is of type: string
2025:07:21 07:23:05:error [::ffff:127.0.0.1] exceeded limit (100 req/15min)
2025:07:21 07:23:05:info [0mPOST /api/appointments?patientState=true [33m429[0m 2.463 ms - 33[0m
2025:07:21 07:23:26:info 

â–ˆâ–ˆâ•—  â–ˆâ–ˆâ•—â–ˆâ–ˆâ–ˆâ–ˆâ–ˆâ–ˆâ–ˆâ•— â–ˆâ–ˆâ–ˆâ–ˆâ–ˆâ•— â–ˆâ–ˆâ•—     â–ˆâ–ˆâ–ˆâ–ˆâ–ˆâ–ˆâ–ˆâ–ˆâ•—â–ˆâ–ˆâ•—  â–ˆâ–ˆâ•—
â–ˆâ–ˆâ•‘  â–ˆâ–ˆâ•‘â–ˆâ–ˆâ•”â•â•â•â•â•â–ˆâ–ˆâ•”â•â•â–ˆâ–ˆâ•—â–ˆâ–ˆâ•‘     â•šâ•â•â–ˆâ–ˆâ•”â•â•â•â–ˆâ–ˆâ•‘  â–ˆâ–ˆâ•‘
â–ˆâ–ˆâ–ˆâ–ˆâ–ˆâ–ˆâ–ˆâ•‘â–ˆâ–ˆâ–ˆâ–ˆâ–ˆâ•—  â–ˆâ–ˆâ–ˆâ–ˆâ–ˆâ–ˆâ–ˆâ•‘â–ˆâ–ˆâ•‘        â–ˆâ–ˆâ•‘   â–ˆâ–ˆâ–ˆâ–ˆâ–ˆâ–ˆâ–ˆâ•‘
â–ˆâ–ˆâ•”â•â•â–ˆâ–ˆâ•‘â–ˆâ–ˆâ•”â•â•â•  â–ˆâ–ˆâ•”â•â•â–ˆâ–ˆâ•‘â–ˆâ–ˆâ•‘        â–ˆâ–ˆâ•‘   â–ˆâ–ˆâ•”â•â•â–ˆâ–ˆâ•‘
â–ˆâ–ˆâ•‘  â–ˆâ–ˆâ•‘â–ˆâ–ˆâ–ˆâ–ˆâ–ˆâ–ˆâ–ˆâ•—â–ˆâ–ˆâ•‘  â–ˆâ–ˆâ•‘â–ˆâ–ˆâ–ˆâ–ˆâ–ˆâ–ˆâ–ˆâ•—   â–ˆâ–ˆâ•‘   â–ˆâ–ˆâ•‘  â–ˆâ–ˆâ•‘
â•šâ•â•  â•šâ•â•â•šâ•â•â•â•â•â•â•â•šâ•â•  â•šâ•â•â•šâ•â•â•â•â•â•â•   â•šâ•â•   â•šâ•â•  â•šâ•â•

            Developed by Omar Fouad
2025:07:21 07:23:26:warn ===== http://localhost:8080 =====
2025:07:21 07:23:26:info ===========development===========
2025:07:21 07:23:26:info ===========port:8080=============
2025:07:21 07:23:26:info =================================
2025:07:21 07:23:26:info Redis is connected
2025:07:21 07:23:26:info Mongodb is connected to database:health
2025:07:21 07:23:27:info xss log: value (true) is of type: string
2025:07:21 07:23:27:info [0mPOST /api/appointments?patientState=true [33m400[0m 51.745 ms - 86[0m
2025:07:21 07:23:34:info [0mGET /api/notifications/67b6196f6e5f967ae612f544 [36m304[0m 7.445 ms - -[0m
2025:07:21 07:23:34:info [0mGET /api/patients/59109a9d-222f-413c-84c0-59c4f8998986 [36m304[0m 5.224 ms - -[0m
2025:07:21 07:23:37:info xss log: value (user9992@example.com) is of type: string
2025:07:21 07:23:37:info [0mGET /api/appointments/email?email=user9992%40example.com [33m404[0m 5.157 ms - 50[0m
2025:07:21 07:23:37:info xss log: value (user9992@example.com) is of type: string
2025:07:21 07:23:37:info [0mGET /api/appointments/email?email=user9992%40example.com [33m404[0m 3.929 ms - 50[0m
2025:07:21 07:23:38:info xss log: value (user9992@example.com) is of type: string
2025:07:21 07:23:38:info [0mGET /api/appointments/email?email=user9992%40example.com [33m404[0m 3.199 ms - 50[0m
2025:07:21 07:23:38:info xss log: value (user9992@example.com) is of type: string
2025:07:21 07:23:38:info [0mGET /api/appointments/email?email=user9992%40example.com [33m404[0m 2.583 ms - 50[0m
2025:07:21 07:23:39:info xss log: value (user9992@example.com) is of type: string
2025:07:21 07:23:39:info [0mGET /api/appointments/email?email=user9992%40example.com [33m404[0m 2.479 ms - 50[0m
2025:07:21 07:23:39:info xss log: value (user9992@example.com) is of type: string
2025:07:21 07:23:39:info [0mGET /api/appointments/email?email=user9992%40example.com [33m404[0m 2.920 ms - 50[0m
2025:07:21 07:23:58:info xss log: value (true) is of type: string
2025:07:21 07:23:59:info [0mPOST /api/appointments?patientState=true [33m400[0m 15.842 ms - 86[0m
2025:07:21 07:24:08:info [0mGET /api/appointments/67b6196f6e5f967ae612f544 [32m200[0m 50.014 ms - -[0m
2025:07:21 07:24:08:info xss log: value (user9993@example.com) is of type: string
2025:07:21 07:24:08:info xss log: value (user9996@example.com) is of type: string
2025:07:21 07:24:08:info xss log: value (user77@example.com) is of type: string
2025:07:21 07:24:08:info [0mGET /api/patients/email?email=user9993%40example.com [32m200[0m 15.709 ms - 619[0m
2025:07:21 07:24:08:info [0mGET /api/patients/email?email=user77%40example.com [32m200[0m 13.734 ms - 610[0m
2025:07:21 07:24:08:info [0mGET /api/patients/email?email=user9996%40example.com [33m404[0m 18.182 ms - 36[0m
2025:07:21 07:24:09:info xss log: value (user9996@example.com) is of type: string
2025:07:21 07:24:09:info [0mGET /api/patients/email?email=user9996%40example.com [33m404[0m 17.214 ms - 36[0m
2025:07:21 07:24:09:info xss log: value (user9996@example.com) is of type: string
2025:07:21 07:24:09:info [0mGET /api/patients/email?email=user9996%40example.com [33m404[0m 14.111 ms - 36[0m
2025:07:21 07:24:10:info xss log: value (user9996@example.com) is of type: string
2025:07:21 07:24:10:info [0mGET /api/patients/email?email=user9996%40example.com [33m404[0m 8.612 ms - 36[0m
2025:07:21 07:24:10:info xss log: value (user9996@example.com) is of type: string
2025:07:21 07:24:10:info [0mGET /api/patients/email?email=user9996%40example.com [33m404[0m 6.812 ms - 36[0m
2025:07:21 07:24:11:info xss log: value (user9996@example.com) is of type: string
2025:07:21 07:24:11:info [0mGET /api/patients/email?email=user9996%40example.com [33m404[0m 6.746 ms - 36[0m
2025:07:21 07:24:26:info [0mGET /api/auth/reIssueAccessToken [32m200[0m 16.425 ms - -[0m
2025:07:21 07:24:32:info [0mGET /api/patients/59109a9d-222f-413c-84c0-59c4f8998986 [32m200[0m 3.976 ms - 590[0m
2025:07:21 07:24:33:info [0mGET /api/appointments/67b611137de19fc1c39f0f18 [36m304[0m 8.990 ms - -[0m
2025:07:21 07:24:39:info [0mGET /api/patients [36m304[0m 1542.734 ms - -[0m
2025:07:21 07:24:40:info [0mGET /api/patients/59109a9d-222f-413c-84c0-59c4f8998986 [36m304[0m 7.632 ms - -[0m
2025:07:21 07:24:41:info xss log: value (user9992@example.com) is of type: string
2025:07:21 07:24:41:info [0mGET /api/appointments/email?email=user9992%40example.com [33m404[0m 3.702 ms - 50[0m
2025:07:21 07:24:42:info xss log: value (user9992@example.com) is of type: string
2025:07:21 07:24:42:info [0mGET /api/appointments/email?email=user9992%40example.com [33m404[0m 2.404 ms - 50[0m
2025:07:21 07:24:43:info xss log: value (user9992@example.com) is of type: string
2025:07:21 07:24:43:info [0mGET /api/appointments/email?email=user9992%40example.com [33m404[0m 2.886 ms - 50[0m
2025:07:21 07:24:43:info xss log: value (user9992@example.com) is of type: string
2025:07:21 07:24:43:info [0mGET /api/appointments/email?email=user9992%40example.com [33m404[0m 2.365 ms - 50[0m
2025:07:21 07:24:44:info xss log: value (user9992@example.com) is of type: string
2025:07:21 07:24:44:info [0mGET /api/appointments/email?email=user9992%40example.com [33m404[0m 3.473 ms - 50[0m
2025:07:21 07:24:44:info xss log: value (user9992@example.com) is of type: string
2025:07:21 07:24:44:info [0mGET /api/appointments/email?email=user9992%40example.com [33m404[0m 2.626 ms - 50[0m
2025:07:21 07:24:53:info xss log: value (true) is of type: string
2025:07:21 07:24:53:info [0mPOST /api/appointments?patientState=true [32m201[0m 26.163 ms - 495[0m
2025:07:21 07:24:53:info xss log: value (user9992@example.com) is of type: string
2025:07:21 07:24:53:info [0mGET /api/appointments/email?email=user9992%40example.com [32m200[0m 5.618 ms - 453[0m
2025:07:21 07:24:54:info [0mPOST /api/notifications/create [32m201[0m 15.119 ms - 391[0m
2025:07:21 07:24:54:info [0mGET /api/notifications/67b611137de19fc1c39f0f18 [32m200[0m 9.330 ms - -[0m
2025:07:21 07:25:02:info [0mGET /api/patients [36m304[0m 1656.338 ms - -[0m
2025:07:21 07:25:05:info [0mGET /api/patients [36m304[0m 1834.053 ms - -[0m
2025:07:21 07:25:05:info [0mGET /api/patients/59109a9d-222f-413c-84c0-59c4f8998986 [32m200[0m 5.666 ms - 590[0m
2025:07:21 07:25:06:info xss log: value (user9992@example.com) is of type: string
2025:07:21 07:25:06:info [0mGET /api/appointments/email?email=user9992%40example.com [32m200[0m 4.161 ms - 453[0m
2025:07:21 07:25:12:info xss log: value (user9996@example.com) is of type: string
2025:07:21 07:25:12:info xss log: value (user9993@example.com) is of type: string
2025:07:21 07:25:12:info xss log: value (user77@example.com) is of type: string
2025:07:21 07:25:12:info [0mGET /api/patients/email?email=user77%40example.com [32m200[0m 2.954 ms - 610[0m
2025:07:21 07:25:12:info [0mGET /api/patients/email?email=user9996%40example.com [33m404[0m 67.782 ms - 36[0m
2025:07:21 07:25:12:info [0mGET /api/patients/email?email=user9993%40example.com [32m200[0m 83.333 ms - 619[0m
2025:07:21 07:25:13:info [0mGET /api/appointments/67b6196f6e5f967ae612f544 [32m200[0m 49.141 ms - -[0m
2025:07:21 07:25:13:info xss log: value (user9996@example.com) is of type: string
2025:07:21 07:25:13:info [0mGET /api/patients/email?email=user9996%40example.com [33m404[0m 14.882 ms - 36[0m
2025:07:21 07:25:14:info xss log: value (user9996@example.com) is of type: string
2025:07:21 07:25:14:info [0mGET /api/patients/email?email=user9996%40example.com [33m404[0m 15.057 ms - 36[0m
2025:07:21 07:25:14:info xss log: value (user9996@example.com) is of type: string
2025:07:21 07:25:14:info [0mGET /api/patients/email?email=user9996%40example.com [33m404[0m 7.834 ms - 36[0m
2025:07:21 07:25:15:info xss log: value (user9996@example.com) is of type: string
2025:07:21 07:25:15:info [0mGET /api/patients/email?email=user9996%40example.com [33m404[0m 8.620 ms - 36[0m
2025:07:21 07:25:15:info xss log: value (user9996@example.com) is of type: string
2025:07:21 07:25:15:info [0mGET /api/patients/email?email=user9996%40example.com [33m404[0m 9.066 ms - 36[0m
2025:07:21 07:25:21:info [0mGET /api/patients/59109a9d-222f-413c-84c0-59c4f8998986 [36m304[0m 2.284 ms - -[0m
2025:07:21 07:25:26:info [0mGET /api/patients [36m304[0m 1680.728 ms - -[0m
2025:07:21 07:25:28:info [0mGET /api/patients/eed10989-6b8f-4537-a6d2-c02821822209 [32m200[0m 3.474 ms - 619[0m
2025:07:21 07:25:29:info xss log: value (user9993@example.com) is of type: string
2025:07:21 07:25:29:info [0mGET /api/appointments/email?email=user9993%40example.com [32m200[0m 3.739 ms - -[0m
2025:07:21 07:25:51:info [0mGET /api/patients [36m304[0m 1582.533 ms - -[0m
2025:07:21 07:25:53:info [0mOPTIONS /api/patients/delete-multi/67b611137de19fc1c39f0f18?all= [32m204[0m 0.351 ms - 0[0m
2025:07:21 07:25:53:info xss log: value () is of type: string
2025:07:21 07:25:53:info [0mPOST /api/notifications/create [32m201[0m 30.942 ms - 418[0m
2025:07:21 07:25:53:info [0mGET /api/notifications/67b611137de19fc1c39f0f18 [36m304[0m 10.501 ms - -[0m
2025:07:21 07:25:53:info [0mDELETE /api/patients/delete-multi/67b611137de19fc1c39f0f18?all= [32m201[0m 98.339 ms - 55[0m
2025:07:21 07:25:55:info [0mGET /api/patients [32m200[0m 1255.675 ms - -[0m
2025:07:21 07:26:05:info [0mOPTIONS /api/notifications/update/67b611137de19fc1c39f0f18 [32m204[0m 0.119 ms - 0[0m
2025:07:21 07:26:05:info [0mPUT /api/notifications/update/67b611137de19fc1c39f0f18 [32m200[0m 13.118 ms - 47[0m
2025:07:21 07:26:05:info [0mGET /api/notifications/67b611137de19fc1c39f0f18 [32m200[0m 6.280 ms - -[0m
2025:07:21 07:26:07:info [0mPUT /api/notifications/update/67b611137de19fc1c39f0f18 [32m200[0m 10.940 ms - 47[0m
2025:07:21 07:26:07:info [0mGET /api/notifications/67b611137de19fc1c39f0f18 [32m200[0m 7.883 ms - -[0m
2025:07:21 07:26:09:info [0mPUT /api/notifications/update/67b611137de19fc1c39f0f18 [32m200[0m 17.825 ms - 47[0m
2025:07:21 07:26:09:info [0mGET /api/notifications/67b611137de19fc1c39f0f18 [32m200[0m 7.752 ms - -[0m
2025:07:21 07:26:11:info [0mOPTIONS /api/notifications/update/67b611137de19fc1c39f0f18 [32m204[0m 0.176 ms - 0[0m
2025:07:21 07:26:11:info [0mPUT /api/notifications/update/67b611137de19fc1c39f0f18 [32m200[0m 9.387 ms - 47[0m
2025:07:21 07:26:11:info [0mGET /api/notifications/67b611137de19fc1c39f0f18 [32m200[0m 8.202 ms - -[0m
2025:07:21 07:26:12:info [0mPUT /api/notifications/update/67b611137de19fc1c39f0f18 [32m200[0m 8.897 ms - 47[0m
2025:07:21 07:26:12:info [0mGET /api/notifications/67b611137de19fc1c39f0f18 [32m200[0m 8.848 ms - -[0m
2025:07:21 07:26:51:info [0mGET /api/notifications/67b6196f6e5f967ae612f544 [36m304[0m 5.945 ms - -[0m
2025:07:21 07:26:51:info [0mGET /api/patients/eed10989-6b8f-4537-a6d2-c02821822209 [33m404[0m 3.070 ms - 36[0m
2025:07:21 07:26:52:info [0mGET /api/patients/eed10989-6b8f-4537-a6d2-c02821822209 [33m404[0m 2.874 ms - 36[0m
2025:07:21 07:26:53:info [0mGET /api/patients/eed10989-6b8f-4537-a6d2-c02821822209 [33m404[0m 2.443 ms - 36[0m
2025:07:21 07:26:53:info [0mGET /api/patients/eed10989-6b8f-4537-a6d2-c02821822209 [33m404[0m 1.879 ms - 36[0m
2025:07:21 07:26:54:info [0mGET /api/patients/eed10989-6b8f-4537-a6d2-c02821822209 [33m404[0m 2.351 ms - 36[0m
2025:07:21 07:26:54:info [0mGET /api/patients/eed10989-6b8f-4537-a6d2-c02821822209 [33m404[0m 3.305 ms - 36[0m
2025:07:21 07:26:57:info [0mGET /api/patients [32m200[0m 1752.642 ms - -[0m
2025:07:21 07:27:01:info [0mGET /api/patients [36m304[0m 2113.358 ms - -[0m
2025:07:21 07:27:15:info [0mGET /api/auth/reIssueAccessToken [32m200[0m 21.207 ms - -[0m
2025:07:21 07:27:43:info [0mGET /api/appointments/67b6196f6e5f967ae612f544 [32m200[0m 10.142 ms - -[0m
2025:07:21 07:27:43:info xss log: value (user9996@example.com) is of type: string
2025:07:21 07:27:43:info xss log: value (user77@example.com) is of type: string
2025:07:21 07:27:43:info [0mGET /api/patients/email?email=user77%40example.com [36m304[0m 4.118 ms - -[0m
2025:07:21 07:27:43:info [0mGET /api/patients/email?email=user9996%40example.com [33m404[0m 12.486 ms - 36[0m
2025:07:21 07:27:44:info xss log: value (user9996@example.com) is of type: string
2025:07:21 07:27:44:info [0mGET /api/patients/email?email=user9996%40example.com [33m404[0m 16.183 ms - 36[0m
2025:07:21 07:27:45:info xss log: value (user9996@example.com) is of type: string
2025:07:21 07:27:45:info [0mGET /api/patients/email?email=user9996%40example.com [33m404[0m 15.853 ms - 36[0m
2025:07:21 07:27:45:info xss log: value (user9996@example.com) is of type: string
2025:07:21 07:27:45:info [0mGET /api/patients/email?email=user9996%40example.com [33m404[0m 8.359 ms - 36[0m
2025:07:21 07:27:46:info xss log: value (user77@example.com) is of type: string
2025:07:21 07:27:46:info [0mGET /api/patients/email?email=user77%40example.com [36m304[0m 3.809 ms - -[0m
2025:07:21 07:27:46:info xss log: value (user9996@example.com) is of type: string
2025:07:21 07:27:46:info [0mGET /api/patients/email?email=user9996%40example.com [33m404[0m 6.911 ms - 36[0m
2025:07:21 07:27:46:info xss log: value (user9@example.com) is of type: string
2025:07:21 07:27:46:info xss log: value (user7@example.com) is of type: string
2025:07:21 07:27:46:info [0mGET /api/patients/email?email=user9%40example.com [32m200[0m 5.644 ms - 597[0m
2025:07:21 07:27:46:info xss log: value (user77@example.com) is of type: string
2025:07:21 07:27:46:info [0mGET /api/patients/email?email=user7%40example.com [32m200[0m 9.406 ms - 598[0m
2025:07:21 07:27:46:info [0mGET /api/patients/email?email=user77%40example.com [36m304[0m 9.401 ms - -[0m
2025:07:21 07:27:46:info xss log: value (user9996@example.com) is of type: string
2025:07:21 07:27:46:info [0mGET /api/patients/email?email=user9996%40example.com [33m404[0m 6.987 ms - 36[0m
2025:07:21 07:28:01:info [0mGET /api/patients/c819ce4f-8fca-496c-bfe7-7a6aefd84f82 [32m200[0m 5.154 ms - 601[0m
2025:07:21 07:28:04:info xss log: value (user9991@example.com) is of type: string
2025:07:21 07:28:04:info [0mGET /api/appointments/email?email=user9991%40example.com [33m404[0m 4.159 ms - 50[0m
2025:07:21 07:28:04:info xss log: value (user9991@example.com) is of type: string
2025:07:21 07:28:04:info [0mGET /api/appointments/email?email=user9991%40example.com [33m404[0m 2.278 ms - 50[0m
2025:07:21 07:28:05:info xss log: value (user9991@example.com) is of type: string
2025:07:21 07:28:05:info [0mGET /api/appointments/email?email=user9991%40example.com [33m404[0m 2.404 ms - 50[0m
2025:07:21 07:28:05:info xss log: value (user9991@example.com) is of type: string
2025:07:21 07:28:05:info [0mGET /api/appointments/email?email=user9991%40example.com [33m404[0m 2.335 ms - 50[0m
2025:07:21 07:28:31:error error connecting to Socket closed unexpectedly
2025:07:21 07:28:31:info Redis is connected
2025:07:21 07:28:31:error error connecting to Socket closed unexpectedly
2025:07:21 07:28:31:error error connecting to Socket closed unexpectedly
2025:07:21 07:28:31:info Redis is connected
2025:07:21 07:28:31:error error connecting to Socket closed unexpectedly
2025:07:21 07:28:31:error error connecting to Socket closed unexpectedly
2025:07:21 07:28:32:info Redis is connected
2025:07:21 07:28:32:error error connecting to Socket closed unexpectedly
2025:07:21 07:28:32:error error connecting to Socket closed unexpectedly
2025:07:21 07:28:32:info Redis is connected
2025:07:21 07:28:32:error error connecting to Socket closed unexpectedly
2025:07:21 07:28:32:error error connecting to Socket closed unexpectedly
2025:07:21 07:28:32:info Redis is connected
2025:07:21 07:28:32:error error connecting to Socket closed unexpectedly
2025:07:21 07:28:32:error error connecting to Socket closed unexpectedly
2025:07:21 07:28:32:info Redis is connected
2025:07:21 07:28:32:error error connecting to Socket closed unexpectedly
2025:07:21 07:28:32:error error connecting to Socket closed unexpectedly
2025:07:21 07:28:32:info Redis is connected
2025:07:21 07:28:32:error error connecting to Socket closed unexpectedly
2025:07:21 07:28:32:error error connecting to Socket closed unexpectedly
2025:07:21 07:28:33:info Redis is connected
2025:07:21 07:28:33:error error connecting to Socket closed unexpectedly
2025:07:21 07:28:33:error error connecting to Socket closed unexpectedly
2025:07:21 07:28:33:info Redis is connected
2025:07:21 07:28:33:error error connecting to Socket closed unexpectedly
2025:07:21 07:28:33:error error connecting to Socket closed unexpectedly
2025:07:21 07:28:33:error error connecting to
2025:07:21 07:28:34:error error connecting to
2025:07:21 07:28:34:error error connecting to
2025:07:21 07:28:35:error error connecting to
2025:07:21 07:28:35:error error connecting to
2025:07:21 07:28:36:error error connecting to
2025:07:21 07:28:36:error error connecting to
2025:07:21 07:28:37:error error connecting to
2025:07:21 07:28:37:error error connecting to
2025:07:21 07:28:38:error error connecting to
2025:07:21 07:28:38:error error connecting to
2025:07:21 07:28:39:error error connecting to
2025:07:21 07:28:40:error error connecting to
2025:07:21 07:28:40:error error connecting to
2025:07:21 07:28:41:error error connecting to
2025:07:21 07:28:41:error error connecting to
2025:07:21 07:28:42:error error connecting to
2025:07:21 07:28:42:error error connecting to
2025:07:21 07:28:43:error error connecting to
2025:07:21 07:28:43:error error connecting to
2025:07:21 07:28:44:error error connecting to
2025:07:21 07:28:44:error error connecting to
2025:07:21 07:28:45:error error connecting to
2025:07:21 07:28:45:error error connecting to
2025:07:21 07:28:46:error error connecting to
2025:07:21 07:28:46:error error connecting to
2025:07:21 07:28:47:error error connecting to
2025:07:21 07:28:47:error error connecting to
2025:07:21 07:28:48:error error connecting to
2025:07:21 07:28:48:error error connecting to
2025:07:21 07:28:49:error error connecting to
2025:07:21 07:28:49:error error connecting to
2025:07:21 07:28:50:error error connecting to
2025:07:21 07:28:50:error error connecting to
2025:07:21 07:28:51:error error connecting to
2025:07:21 07:28:51:error error connecting to
2025:07:21 07:28:52:error error connecting to
2025:07:21 07:28:52:error error connecting to
2025:07:21 07:28:53:error error connecting to
2025:07:21 07:28:53:error error connecting to
2025:07:21 07:28:54:error error connecting to
2025:07:21 07:28:54:error error connecting to
2025:07:21 07:28:55:error error connecting to
2025:07:21 07:28:56:error error connecting to
