2025:08:16 12:55:35:info 

â–ˆâ–ˆâ•—  â–ˆâ–ˆâ•—â–ˆâ–ˆâ–ˆâ–ˆâ–ˆâ–ˆâ–ˆâ•— â–ˆâ–ˆâ–ˆâ–ˆâ–ˆâ•— â–ˆâ–ˆâ•—     â–ˆâ–ˆâ–ˆâ–ˆâ–ˆâ–ˆâ–ˆâ–ˆâ•—â–ˆâ–ˆâ•—  â–ˆâ–ˆâ•—
â–ˆâ–ˆâ•‘  â–ˆâ–ˆâ•‘â–ˆâ–ˆâ•”â•â•â•â•â•â–ˆâ–ˆâ•”â•â•â–ˆâ–ˆâ•—â–ˆâ–ˆâ•‘     â•šâ•â•â–ˆâ–ˆâ•”â•â•â•â–ˆâ–ˆâ•‘  â–ˆâ–ˆâ•‘
â–ˆâ–ˆâ–ˆâ–ˆâ–ˆâ–ˆâ–ˆâ•‘â–ˆâ–ˆâ–ˆâ–ˆâ–ˆâ•—  â–ˆâ–ˆâ–ˆâ–ˆâ–ˆâ–ˆâ–ˆâ•‘â–ˆâ–ˆâ•‘        â–ˆâ–ˆâ•‘   â–ˆâ–ˆâ–ˆâ–ˆâ–ˆâ–ˆâ–ˆâ•‘
â–ˆâ–ˆâ•”â•â•â–ˆâ–ˆâ•‘â–ˆâ–ˆâ•”â•â•â•  â–ˆâ–ˆâ•”â•â•â–ˆâ–ˆâ•‘â–ˆâ–ˆâ•‘        â–ˆâ–ˆâ•‘   â–ˆâ–ˆâ•”â•â•â–ˆâ–ˆâ•‘
â–ˆâ–ˆâ•‘  â–ˆâ–ˆâ•‘â–ˆâ–ˆâ–ˆâ–ˆâ–ˆâ–ˆâ–ˆâ•—â–ˆâ–ˆâ•‘  â–ˆâ–ˆâ•‘â–ˆâ–ˆâ–ˆâ–ˆâ–ˆâ–ˆâ–ˆâ•—   â–ˆâ–ˆâ•‘   â–ˆâ–ˆâ•‘  â–ˆâ–ˆâ•‘
â•šâ•â•  â•šâ•â•â•šâ•â•â•â•â•â•â•â•šâ•â•  â•šâ•â•â•šâ•â•â•â•â•â•â•   â•šâ•â•   â•šâ•â•  â•šâ•â•

            Developed by Omar Fouad
2025:08:16 12:55:35:info ===== http://localhost:8080 =====
2025:08:16 12:55:35:info ===========development===========
2025:08:16 12:55:35:info ===========port:8080=============
2025:08:16 12:55:35:info =================================
2025:08:16 12:55:35:info Redis is connected
2025:08:16 12:55:35:info Mongodb is connected to database:health
2025:08:16 12:56:49:info [0mGET /api/auth/reIssueAccessToken [32m200[0m 339.244 ms - -[0m
2025:08:16 12:57:06:info [0mGET /api/notifications/67b611137de19fc1c39f0f18 [32m200[0m 63.592 ms - -[0m
2025:08:16 12:57:24:info [0mGET /api/auth/reIssueAccessToken [32m200[0m 12.022 ms - -[0m
2025:08:16 13:03:34:info [0mGET /api/appointments/67b611137de19fc1c39f0f18 [36m304[0m 159.358 ms - -[0m
2025:08:16 13:04:14:info [0mOPTIONS /api/auth/logout/67b611137de19fc1c39f0f18 [32m204[0m 5.059 ms - 0[0m
2025:08:16 13:04:14:info [0mPUT /api/auth/logout/67b611137de19fc1c39f0f18 [32m200[0m 120.815 ms - 37[0m
2025:08:16 15:16:11:error Received shutdown signal: SIGTERM
2025:08:16 15:16:11:info Mongodb connection closed successfully
